<?xml version="1.0" encoding="UTF-8"?>
<!-- Generated by org.testng.reporters.JUnitReportReporter -->
<testsuite skipped="2" hostname="LAPTOP-6T1ITKLO" name="com.romanceabroad.ui.RegistrationTests2" tests="3" failures="0" timestamp="2021-07-20T10:08:05 EDT" time="612.640" errors="1">
  <testcase name="selectRandomDropDownListMaxAgeTestCase12" time="9.692" classname="com.romanceabroad.ui.RegistrationTests2">
    <skipped/>
  </testcase> <!-- selectRandomDropDownListMaxAgeTestCase12 -->
  <system-out/>
  <testcase name="testRegistrationTestCase1" time="0.000" classname="com.romanceabroad.ui.RegistrationTests2">
    <skipped/>
  </testcase> <!-- testRegistrationTestCase1 -->
  <system-out/>
  <testcase name="setup" time="602.948" classname="com.romanceabroad.ui.RegistrationTests2">
    <error type="org.openqa.selenium.SessionNotCreatedException" message="session not created
from timeout: Timed out receiving message from renderer: 600.000
  (Session info: chrome=91.0.4472.124)
Build info: version: &#039;3.141.59&#039;, revision: &#039;e82be7d358&#039;, time: &#039;2018-11-14T08:17:03&#039;
System info: host: &#039;LAPTOP-6T1ITKLO&#039;, ip: &#039;192.168.1.6&#039;, os.name: &#039;Windows 10&#039;, os.arch: &#039;amd64&#039;, os.version: &#039;10.0&#039;, java.version: &#039;1.8.0_291&#039;
Driver info: driver.version: ChromeDriver
remote stacktrace: Backtrace:
	Ordinal0 [0x00BFC013+2474003]
	Ordinal0 [0x00B929C1+2042305]
	Ordinal0 [0x00AA2F68+1060712]
	Ordinal0 [0x00A95652+1005138]
	Ordinal0 [0x00A94258+1000024]
	Ordinal0 [0x00A93DA5+998821]
	Ordinal0 [0x00A9F164+1044836]
	Ordinal0 [0x00A93D31+998705]
	Ordinal0 [0x00A94FAF+1003439]
	Ordinal0 [0x00A94258+1000024]
	Ordinal0 [0x00A93DA5+998821]
	Ordinal0 [0x00A9CDDA+1035738]
	Ordinal0 [0x00A93D31+998705]
	Ordinal0 [0x00A94FAF+1003439]
	Ordinal0 [0x00A94258+1000024]
	Ordinal0 [0x00A93DA5+998821]
	Ordinal0 [0x00A9A929+1026345]
	Ordinal0 [0x00A93D31+998705]
	Ordinal0 [0x00A94FAF+1003439]
	Ordinal0 [0x00A94258+1000024]
	Ordinal0 [0x00A93DA5+998821]
	Ordinal0 [0x00A99DBC+1023420]
	Ordinal0 [0x00A93D31+998705]
	Ordinal0 [0x00A94FAF+1003439]
	Ordinal0 [0x00A94258+1000024]
	Ordinal0 [0x00A93DA5+998821]
	Ordinal0 [0x00A8FA5D+981597]
	Ordinal0 [0x00A93D31+998705]
	Ordinal0 [0x00A93A85+998021]
	Ordinal0 [0x00A93829+997417]
	Ordinal0 [0x00AA4090+1065104]
	Ordinal0 [0x00AEB798+1357720]
	Ordinal0 [0x00AE8FAA+1347498]
	Ordinal0 [0x00AE66DB+1337051]
	Ordinal0 [0x00AC3427+1192999]
	Ordinal0 [0x00AC42EE+1196782]
	Ordinal0 [0x00AC4279+1196665]
	GetHandleVerifier [0x00D896FC+1590332]
	GetHandleVerifier [0x00E38614+2306900]
	GetHandleVerifier [0x00C89E93+543699]
	GetHandleVerifier [0x00C892CE+540686]
	Ordinal0 [0x00B986BA+2066106]
	Ordinal0 [0x00B9D1C8+2085320]
	Ordinal0 [0x00B9D308+2085640]
	Ordinal0 [0x00BA67F3+2123763]
	BaseThreadInitThunk [0x750DFA29+25]
	RtlGetAppContainerNamedObjectPath [0x77277A7E+286]
	RtlGetAppContainerNamedObjectPath [0x77277A4E+238]
">
      <![CDATA[org.openqa.selenium.SessionNotCreatedException: session not created
from timeout: Timed out receiving message from renderer: 600.000
  (Session info: chrome=91.0.4472.124)
Build info: version: '3.141.59', revision: 'e82be7d358', time: '2018-11-14T08:17:03'
System info: host: 'LAPTOP-6T1ITKLO', ip: '192.168.1.6', os.name: 'Windows 10', os.arch: 'amd64', os.version: '10.0', java.version: '1.8.0_291'
Driver info: driver.version: ChromeDriver
remote stacktrace: Backtrace:
Ordinal0 [0x00BFC013+2474003]
Ordinal0 [0x00B929C1+2042305]
Ordinal0 [0x00AA2F68+1060712]
Ordinal0 [0x00A95652+1005138]
Ordinal0 [0x00A94258+1000024]
Ordinal0 [0x00A93DA5+998821]
Ordinal0 [0x00A9F164+1044836]
Ordinal0 [0x00A93D31+998705]
Ordinal0 [0x00A94FAF+1003439]
Ordinal0 [0x00A94258+1000024]
Ordinal0 [0x00A93DA5+998821]
Ordinal0 [0x00A9CDDA+1035738]
Ordinal0 [0x00A93D31+998705]
Ordinal0 [0x00A94FAF+1003439]
Ordinal0 [0x00A94258+1000024]
Ordinal0 [0x00A93DA5+998821]
Ordinal0 [0x00A9A929+1026345]
Ordinal0 [0x00A93D31+998705]
Ordinal0 [0x00A94FAF+1003439]
Ordinal0 [0x00A94258+1000024]
Ordinal0 [0x00A93DA5+998821]
Ordinal0 [0x00A99DBC+1023420]
Ordinal0 [0x00A93D31+998705]
Ordinal0 [0x00A94FAF+1003439]
Ordinal0 [0x00A94258+1000024]
Ordinal0 [0x00A93DA5+998821]
Ordinal0 [0x00A8FA5D+981597]
Ordinal0 [0x00A93D31+998705]
Ordinal0 [0x00A93A85+998021]
Ordinal0 [0x00A93829+997417]
Ordinal0 [0x00AA4090+1065104]
Ordinal0 [0x00AEB798+1357720]
Ordinal0 [0x00AE8FAA+1347498]
Ordinal0 [0x00AE66DB+1337051]
Ordinal0 [0x00AC3427+1192999]
Ordinal0 [0x00AC42EE+1196782]
Ordinal0 [0x00AC4279+1196665]
GetHandleVerifier [0x00D896FC+1590332]
GetHandleVerifier [0x00E38614+2306900]
GetHandleVerifier [0x00C89E93+543699]
GetHandleVerifier [0x00C892CE+540686]
Ordinal0 [0x00B986BA+2066106]
Ordinal0 [0x00B9D1C8+2085320]
Ordinal0 [0x00B9D308+2085640]
Ordinal0 [0x00BA67F3+2123763]
BaseThreadInitThunk [0x750DFA29+25]
RtlGetAppContainerNamedObjectPath [0x77277A7E+286]
RtlGetAppContainerNamedObjectPath [0x77277A4E+238]

at sun.reflect.NativeConstructorAccessorImpl.newInstance0(Native Method)
at sun.reflect.NativeConstructorAccessorImpl.newInstance(NativeConstructorAccessorImpl.java:62)
at sun.reflect.DelegatingConstructorAccessorImpl.newInstance(DelegatingConstructorAccessorImpl.java:45)
at java.lang.reflect.Constructor.newInstance(Constructor.java:423)
at org.openqa.selenium.remote.W3CHandshakeResponse.lambda$errorHandler$0(W3CHandshakeResponse.java:62)
at org.openqa.selenium.remote.HandshakeResponse.lambda$getResponseFunction$0(HandshakeResponse.java:30)
at org.openqa.selenium.remote.ProtocolHandshake.lambda$createSession$0(ProtocolHandshake.java:126)
at java.util.stream.ReferencePipeline$3$1.accept(ReferencePipeline.java:193)
at java.util.Spliterators$ArraySpliterator.tryAdvance(Spliterators.java:958)
at java.util.stream.ReferencePipeline.forEachWithCancel(ReferencePipeline.java:126)
at java.util.stream.AbstractPipeline.copyIntoWithCancel(AbstractPipeline.java:499)
at java.util.stream.AbstractPipeline.copyInto(AbstractPipeline.java:486)
at java.util.stream.AbstractPipeline.wrapAndCopyInto(AbstractPipeline.java:472)
at java.util.stream.FindOps$FindOp.evaluateSequential(FindOps.java:152)
at java.util.stream.AbstractPipeline.evaluate(AbstractPipeline.java:234)
at java.util.stream.ReferencePipeline.findFirst(ReferencePipeline.java:464)
at org.openqa.selenium.remote.ProtocolHandshake.createSession(ProtocolHandshake.java:128)
at org.openqa.selenium.remote.ProtocolHandshake.createSession(ProtocolHandshake.java:74)
at org.openqa.selenium.remote.HttpCommandExecutor.execute(HttpCommandExecutor.java:136)
at org.openqa.selenium.remote.service.DriverCommandExecutor.execute(DriverCommandExecutor.java:83)
at org.openqa.selenium.remote.RemoteWebDriver.execute(RemoteWebDriver.java:552)
at org.openqa.selenium.remote.RemoteWebDriver.startSession(RemoteWebDriver.java:213)
at org.openqa.selenium.remote.RemoteWebDriver.<init>(RemoteWebDriver.java:131)
at org.openqa.selenium.chrome.ChromeDriver.<init>(ChromeDriver.java:181)
at org.openqa.selenium.chrome.ChromeDriver.<init>(ChromeDriver.java:168)
at org.openqa.selenium.chrome.ChromeDriver.<init>(ChromeDriver.java:123)
at com.romanceabroad.ui.BaseUI.setup(BaseUI.java:100)
at sun.reflect.NativeMethodAccessorImpl.invoke0(Native Method)
at sun.reflect.NativeMethodAccessorImpl.invoke(NativeMethodAccessorImpl.java:62)
at sun.reflect.DelegatingMethodAccessorImpl.invoke(DelegatingMethodAccessorImpl.java:43)
at java.lang.reflect.Method.invoke(Method.java:498)
at org.testng.internal.MethodInvocationHelper.invokeMethod(MethodInvocationHelper.java:133)
at org.testng.internal.MethodInvocationHelper.invokeMethodConsideringTimeout(MethodInvocationHelper.java:62)
at org.testng.internal.ConfigInvoker.invokeConfigurationMethod(ConfigInvoker.java:385)
at org.testng.internal.ConfigInvoker.invokeConfigurations(ConfigInvoker.java:321)
at org.testng.internal.TestInvoker.runConfigMethods(TestInvoker.java:700)
at org.testng.internal.TestInvoker.invokeMethod(TestInvoker.java:527)
at org.testng.internal.TestInvoker.invokeTestMethod(TestInvoker.java:173)
at org.testng.internal.MethodRunner.runInSequence(MethodRunner.java:46)
at org.testng.internal.TestInvoker$MethodInvocationAgent.invoke(TestInvoker.java:824)
at org.testng.internal.TestInvoker.invokeTestMethods(TestInvoker.java:146)
at org.testng.internal.TestMethodWorker.invokeTestMethods(TestMethodWorker.java:146)
at org.testng.internal.TestMethodWorker.run(TestMethodWorker.java:128)
at java.util.ArrayList.forEach(ArrayList.java:1259)
at org.testng.TestRunner.privateRun(TestRunner.java:794)
at org.testng.TestRunner.run(TestRunner.java:596)
at org.testng.SuiteRunner.runTest(SuiteRunner.java:377)
at org.testng.SuiteRunner.runSequentially(SuiteRunner.java:371)
at org.testng.SuiteRunner.privateRun(SuiteRunner.java:332)
at org.testng.SuiteRunner.run(SuiteRunner.java:276)
at org.testng.SuiteRunnerWorker.runSuite(SuiteRunnerWorker.java:53)
at org.testng.SuiteRunnerWorker.run(SuiteRunnerWorker.java:96)
at org.testng.TestNG.runSuitesSequentially(TestNG.java:1212)
at org.testng.TestNG.runSuitesLocally(TestNG.java:1134)
at org.testng.TestNG.runSuites(TestNG.java:1063)
at org.testng.TestNG.run(TestNG.java:1031)
at org.apache.maven.surefire.testng.TestNGExecutor.run(TestNGExecutor.java:283)
at org.apache.maven.surefire.testng.TestNGXmlTestSuite.execute(TestNGXmlTestSuite.java:75)
at org.apache.maven.surefire.testng.TestNGProvider.invoke(TestNGProvider.java:120)
at org.apache.maven.surefire.booter.ForkedBooter.invokeProviderInSameClassLoader(ForkedBooter.java:384)
at org.apache.maven.surefire.booter.ForkedBooter.runSuitesInProcess(ForkedBooter.java:345)
at org.apache.maven.surefire.booter.ForkedBooter.execute(ForkedBooter.java:126)
at org.apache.maven.surefire.booter.ForkedBooter.main(ForkedBooter.java:418)
]]>
    </error>
  </testcase> <!-- setup -->
  <system-out/>
</testsuite> <!-- com.romanceabroad.ui.RegistrationTests2 -->
