<!DOCTYPE html PUBLIC "-//W3C//DTD XHTML 1.1//EN" "https://www.w3.org/TR/xhtml11/DTD/xhtml11.dtd">
<html xmlns="https://www.w3.org/1999/xhtml">
<head>
<meta http-equiv="content-type" content="text/html; charset=UTF-8"/>
<title>TestNG Report</title>
<style type="text/css">table {margin-bottom:10px;border-collapse:collapse;empty-cells:show}th,td {border:1px solid #009;padding:.25em .5em}th {vertical-align:bottom}td {vertical-align:top}table a {font-weight:bold}.stripe td {background-color: #E6EBF9}.num {text-align:right}.passedodd td {background-color: #3F3}.passedeven td {background-color: #0A0}.skippedodd td {background-color: #DDD}.skippedeven td {background-color: #CCC}.failedodd td,.attn {background-color: #F33}.failedeven td,.stripe .attn {background-color: #D00}.stacktrace {white-space:pre;font-family:monospace}.totop {font-size:85%;text-align:center;border-bottom:2px solid #000}.invisible {display:none}</style>
</head>
<body>
<table>
<tr><th>Test</th><th># Passed</th><th># Skipped</th><th># Retried</th><th># Failed</th><th>Time (ms)</th><th>Included Groups</th><th>Excluded Groups</th></tr>
<tr><th colspan="8">Mobile Test Suite</th></tr>
<tr><td><a href="#t0">Chrome test cases</a></td><td class="num">0</td><td class="num attn">2</td><td class="num">0</td><td class="num">0</td><td class="num">625,848</td><td></td><td></td></tr>
</table>
<table id='summary'><thead><tr><th>Class</th><th>Method</th><th>Start</th><th>Time (ms)</th></tr></thead><tbody><tr><th colspan="4">Mobile Test Suite</th></tr></tbody><tbody id="t0"><tr><th colspan="4">Chrome test cases &#8212; failed (configuration methods)</th></tr><tr class="failedeven"><td rowspan="1">com.romanceabroad.ui.RegistrationTests2</td><td><a href="#m0">setup</a></td><td rowspan="1">1626915791445</td><td rowspan="1">613953</td></tr><tr><th colspan="4">Chrome test cases &#8212; skipped (configuration methods)</th></tr><tr class="skippedeven"><td rowspan="2">com.romanceabroad.ui.RegistrationTests2</td><td><a href="#m1">afterActions</a></td><td rowspan="2">1626916405477</td><td rowspan="2">-1626916405477</td></tr><tr class="skippedeven"><td><a href="#m2">afterActions</a></td></tr><tr><th colspan="4">Chrome test cases &#8212; skipped</th></tr><tr class="skippedeven"><td rowspan="2">com.romanceabroad.ui.RegistrationTests2</td><td><a href="#m3">selectRandomDropDownListMaxAgeTestCase12</a></td><td rowspan="1">1626916405463</td><td rowspan="1">0</td></tr><tr class="skippedeven"><td><a href="#m4">testRegistrationTestCase1</a></td><td rowspan="1">1626916415819</td><td rowspan="1">0</td></tr></tbody>
</table>
<h2>Chrome test cases</h2><h3 id="m0">com.romanceabroad.ui.RegistrationTests2#setup</h3><table class="result"><tr class="param"><th>Parameter #1</th><th>Parameter #2</th><th>Parameter #3</th><th>Parameter #4</th><th>Parameter #5</th><th>Parameter #6</th><th>Parameter #7</th><th>Parameter #8</th></tr><tr class="param stripe"><td>chrome</td><td>web</td><td>Windows 10</td><td>59.0</td><td>null</td><td>qa</td><td>public void com.romanceabroad.ui.RegistrationTests2.selectRandomDropDownListMaxAgeTestCase12()</td><td>org.testng.TestRunner@57abad67</td></tr><tr><th colspan="8">Exception</th></tr><tr><td colspan="8"><div class="stacktrace">org.openqa.selenium.SessionNotCreatedException: session not created
from timeout: Timed out receiving message from renderer: 600.000
  (Session info: chrome=92.0.4515.107)
Build info: version: &apos;3.141.59&apos;, revision: &apos;e82be7d358&apos;, time: &apos;2018-11-14T08:17:03&apos;
System info: host: &apos;LAPTOP-6T1ITKLO&apos;, ip: &apos;192.168.1.6&apos;, os.name: &apos;Windows 10&apos;, os.arch: &apos;amd64&apos;, os.version: &apos;10.0&apos;, java.version: &apos;1.8.0_291&apos;
Driver info: driver.version: ChromeDriver
remote stacktrace: Backtrace:
	Ordinal0 [0x00845843+2512963]
	Ordinal0 [0x007DEED1+2092753]
	Ordinal0 [0x006E1F48+1056584]
	Ordinal0 [0x006D493D+1001789]
	Ordinal0 [0x006D398D+997773]
	Ordinal0 [0x006D3C46+998470]
	Ordinal0 [0x006D3535+996661]
	Ordinal0 [0x006DE084+1040516]
	Ordinal0 [0x006D34F1+996593]
	Ordinal0 [0x006D4416+1000470]
	Ordinal0 [0x006D398D+997773]
	Ordinal0 [0x006D3C46+998470]
	Ordinal0 [0x006D3535+996661]
	Ordinal0 [0x006DC0FA+1032442]
	Ordinal0 [0x006D34F1+996593]
	Ordinal0 [0x006D4416+1000470]
	Ordinal0 [0x006D398D+997773]
	Ordinal0 [0x006D3C46+998470]
	Ordinal0 [0x006D3535+996661]
	Ordinal0 [0x006D9FA9+1023913]
	Ordinal0 [0x006D34F1+996593]
	Ordinal0 [0x006D4416+1000470]
	Ordinal0 [0x006D398D+997773]
	Ordinal0 [0x006D3C46+998470]
	Ordinal0 [0x006D3535+996661]
	Ordinal0 [0x006D92CC+1020620]
	Ordinal0 [0x006D34F1+996593]
	Ordinal0 [0x006D4416+1000470]
	Ordinal0 [0x006D398D+997773]
	Ordinal0 [0x006D3C46+998470]
	Ordinal0 [0x006D3535+996661]
	Ordinal0 [0x006CF10D+979213]
	Ordinal0 [0x006D34F1+996593]
	Ordinal0 [0x006D3290+995984]
	Ordinal0 [0x006D3029+995369]
	Ordinal0 [0x006E3160+1061216]
	Ordinal0 [0x0072A8EB+1353963]
	Ordinal0 [0x007295BA+1349050]
	Ordinal0 [0x007254BB+1332411]
	Ordinal0 [0x00701D14+1187092]
	Ordinal0 [0x00702B79+1190777]
	GetHandleVerifier [0x009C0C56+1501718]
	GetHandleVerifier [0x00A6E97F+2213695]
	GetHandleVerifier [0x008C8C92+485970]
	GetHandleVerifier [0x008C7D59+482073]
	Ordinal0 [0x007E471D+2115357]
	Ordinal0 [0x007E8678+2131576]
	Ordinal0 [0x007E87B2+2131890]
	Ordinal0 [0x007F1971+2169201]
	BaseThreadInitThunk [0x765FFA29+25]
	RtlGetAppContainerNamedObjectPath [0x77477A7E+286]
	RtlGetAppContainerNamedObjectPath [0x77477A4E+238]

	at org.openqa.selenium.remote.W3CHandshakeResponse.lambda$errorHandler$0(W3CHandshakeResponse.java:62)
	at org.openqa.selenium.remote.HandshakeResponse.lambda$getResponseFunction$0(HandshakeResponse.java:30)
	at org.openqa.selenium.remote.ProtocolHandshake.lambda$createSession$0(ProtocolHandshake.java:126)
	at java.util.stream.ReferencePipeline$3$1.accept(ReferencePipeline.java:193)
	at java.util.Spliterators$ArraySpliterator.tryAdvance(Spliterators.java:958)
	at java.util.stream.ReferencePipeline.forEachWithCancel(ReferencePipeline.java:126)
	at java.util.stream.AbstractPipeline.copyIntoWithCancel(AbstractPipeline.java:499)
	at java.util.stream.AbstractPipeline.copyInto(AbstractPipeline.java:486)
	at java.util.stream.AbstractPipeline.wrapAndCopyInto(AbstractPipeline.java:472)
	at java.util.stream.FindOps$FindOp.evaluateSequential(FindOps.java:152)
	at java.util.stream.AbstractPipeline.evaluate(AbstractPipeline.java:234)
	at java.util.stream.ReferencePipeline.findFirst(ReferencePipeline.java:464)
	at org.openqa.selenium.remote.ProtocolHandshake.createSession(ProtocolHandshake.java:128)
	at org.openqa.selenium.remote.ProtocolHandshake.createSession(ProtocolHandshake.java:74)
	at org.openqa.selenium.remote.HttpCommandExecutor.execute(HttpCommandExecutor.java:136)
	at org.openqa.selenium.remote.service.DriverCommandExecutor.execute(DriverCommandExecutor.java:83)
	at org.openqa.selenium.remote.RemoteWebDriver.execute(RemoteWebDriver.java:552)
	at org.openqa.selenium.remote.RemoteWebDriver.startSession(RemoteWebDriver.java:213)
	at org.openqa.selenium.remote.RemoteWebDriver.&lt;init&gt;(RemoteWebDriver.java:131)
	at org.openqa.selenium.chrome.ChromeDriver.&lt;init&gt;(ChromeDriver.java:181)
	at org.openqa.selenium.chrome.ChromeDriver.&lt;init&gt;(ChromeDriver.java:168)
	at org.openqa.selenium.chrome.ChromeDriver.&lt;init&gt;(ChromeDriver.java:123)
	at com.romanceabroad.ui.BaseUI.setup(BaseUI.java:99)
	at java.util.ArrayList.forEach(ArrayList.java:1259)
... Removed 39 stack frames</div></td></tr></table><p class="totop"><a href="#summary">back to summary</a></p>
<h3 id="m1">com.romanceabroad.ui.RegistrationTests2#afterActions</h3><table class="result"><tr><th class="invisible"/></tr></table><p class="totop"><a href="#summary">back to summary</a></p>
<h3 id="m2">com.romanceabroad.ui.RegistrationTests2#afterActions</h3><table class="result"><tr><th class="invisible"/></tr></table><p class="totop"><a href="#summary">back to summary</a></p>
<h3 id="m3">com.romanceabroad.ui.RegistrationTests2#selectRandomDropDownListMaxAgeTestCase12</h3><table class="result"><tr><th>Exception</th></tr><tr><td><div class="stacktrace">org.openqa.selenium.SessionNotCreatedException: session not created
from timeout: Timed out receiving message from renderer: 600.000
  (Session info: chrome=92.0.4515.107)
Build info: version: &apos;3.141.59&apos;, revision: &apos;e82be7d358&apos;, time: &apos;2018-11-14T08:17:03&apos;
System info: host: &apos;LAPTOP-6T1ITKLO&apos;, ip: &apos;192.168.1.6&apos;, os.name: &apos;Windows 10&apos;, os.arch: &apos;amd64&apos;, os.version: &apos;10.0&apos;, java.version: &apos;1.8.0_291&apos;
Driver info: driver.version: ChromeDriver
remote stacktrace: Backtrace:
	Ordinal0 [0x00845843+2512963]
	Ordinal0 [0x007DEED1+2092753]
	Ordinal0 [0x006E1F48+1056584]
	Ordinal0 [0x006D493D+1001789]
	Ordinal0 [0x006D398D+997773]
	Ordinal0 [0x006D3C46+998470]
	Ordinal0 [0x006D3535+996661]
	Ordinal0 [0x006DE084+1040516]
	Ordinal0 [0x006D34F1+996593]
	Ordinal0 [0x006D4416+1000470]
	Ordinal0 [0x006D398D+997773]
	Ordinal0 [0x006D3C46+998470]
	Ordinal0 [0x006D3535+996661]
	Ordinal0 [0x006DC0FA+1032442]
	Ordinal0 [0x006D34F1+996593]
	Ordinal0 [0x006D4416+1000470]
	Ordinal0 [0x006D398D+997773]
	Ordinal0 [0x006D3C46+998470]
	Ordinal0 [0x006D3535+996661]
	Ordinal0 [0x006D9FA9+1023913]
	Ordinal0 [0x006D34F1+996593]
	Ordinal0 [0x006D4416+1000470]
	Ordinal0 [0x006D398D+997773]
	Ordinal0 [0x006D3C46+998470]
	Ordinal0 [0x006D3535+996661]
	Ordinal0 [0x006D92CC+1020620]
	Ordinal0 [0x006D34F1+996593]
	Ordinal0 [0x006D4416+1000470]
	Ordinal0 [0x006D398D+997773]
	Ordinal0 [0x006D3C46+998470]
	Ordinal0 [0x006D3535+996661]
	Ordinal0 [0x006CF10D+979213]
	Ordinal0 [0x006D34F1+996593]
	Ordinal0 [0x006D3290+995984]
	Ordinal0 [0x006D3029+995369]
	Ordinal0 [0x006E3160+1061216]
	Ordinal0 [0x0072A8EB+1353963]
	Ordinal0 [0x007295BA+1349050]
	Ordinal0 [0x007254BB+1332411]
	Ordinal0 [0x00701D14+1187092]
	Ordinal0 [0x00702B79+1190777]
	GetHandleVerifier [0x009C0C56+1501718]
	GetHandleVerifier [0x00A6E97F+2213695]
	GetHandleVerifier [0x008C8C92+485970]
	GetHandleVerifier [0x008C7D59+482073]
	Ordinal0 [0x007E471D+2115357]
	Ordinal0 [0x007E8678+2131576]
	Ordinal0 [0x007E87B2+2131890]
	Ordinal0 [0x007F1971+2169201]
	BaseThreadInitThunk [0x765FFA29+25]
	RtlGetAppContainerNamedObjectPath [0x77477A7E+286]
	RtlGetAppContainerNamedObjectPath [0x77477A4E+238]

	at org.openqa.selenium.remote.W3CHandshakeResponse.lambda$errorHandler$0(W3CHandshakeResponse.java:62)
	at org.openqa.selenium.remote.HandshakeResponse.lambda$getResponseFunction$0(HandshakeResponse.java:30)
	at org.openqa.selenium.remote.ProtocolHandshake.lambda$createSession$0(ProtocolHandshake.java:126)
	at java.util.stream.ReferencePipeline$3$1.accept(ReferencePipeline.java:193)
	at java.util.Spliterators$ArraySpliterator.tryAdvance(Spliterators.java:958)
	at java.util.stream.ReferencePipeline.forEachWithCancel(ReferencePipeline.java:126)
	at java.util.stream.AbstractPipeline.copyIntoWithCancel(AbstractPipeline.java:499)
	at java.util.stream.AbstractPipeline.copyInto(AbstractPipeline.java:486)
	at java.util.stream.AbstractPipeline.wrapAndCopyInto(AbstractPipeline.java:472)
	at java.util.stream.FindOps$FindOp.evaluateSequential(FindOps.java:152)
	at java.util.stream.AbstractPipeline.evaluate(AbstractPipeline.java:234)
	at java.util.stream.ReferencePipeline.findFirst(ReferencePipeline.java:464)
	at org.openqa.selenium.remote.ProtocolHandshake.createSession(ProtocolHandshake.java:128)
	at org.openqa.selenium.remote.ProtocolHandshake.createSession(ProtocolHandshake.java:74)
	at org.openqa.selenium.remote.HttpCommandExecutor.execute(HttpCommandExecutor.java:136)
	at org.openqa.selenium.remote.service.DriverCommandExecutor.execute(DriverCommandExecutor.java:83)
	at org.openqa.selenium.remote.RemoteWebDriver.execute(RemoteWebDriver.java:552)
	at org.openqa.selenium.remote.RemoteWebDriver.startSession(RemoteWebDriver.java:213)
	at org.openqa.selenium.remote.RemoteWebDriver.&lt;init&gt;(RemoteWebDriver.java:131)
	at org.openqa.selenium.chrome.ChromeDriver.&lt;init&gt;(ChromeDriver.java:181)
	at org.openqa.selenium.chrome.ChromeDriver.&lt;init&gt;(ChromeDriver.java:168)
	at org.openqa.selenium.chrome.ChromeDriver.&lt;init&gt;(ChromeDriver.java:123)
	at com.romanceabroad.ui.BaseUI.setup(BaseUI.java:99)
	at java.util.ArrayList.forEach(ArrayList.java:1259)
... Removed 39 stack frames</div></td></tr></table><p class="totop"><a href="#summary">back to summary</a></p>
<h3 id="m4">com.romanceabroad.ui.RegistrationTests2#testRegistrationTestCase1</h3><table class="result"><tr><th>Exception</th></tr><tr><td><div class="stacktrace">org.openqa.selenium.SessionNotCreatedException: session not created
from timeout: Timed out receiving message from renderer: 600.000
  (Session info: chrome=92.0.4515.107)
Build info: version: &apos;3.141.59&apos;, revision: &apos;e82be7d358&apos;, time: &apos;2018-11-14T08:17:03&apos;
System info: host: &apos;LAPTOP-6T1ITKLO&apos;, ip: &apos;192.168.1.6&apos;, os.name: &apos;Windows 10&apos;, os.arch: &apos;amd64&apos;, os.version: &apos;10.0&apos;, java.version: &apos;1.8.0_291&apos;
Driver info: driver.version: ChromeDriver
remote stacktrace: Backtrace:
	Ordinal0 [0x00845843+2512963]
	Ordinal0 [0x007DEED1+2092753]
	Ordinal0 [0x006E1F48+1056584]
	Ordinal0 [0x006D493D+1001789]
	Ordinal0 [0x006D398D+997773]
	Ordinal0 [0x006D3C46+998470]
	Ordinal0 [0x006D3535+996661]
	Ordinal0 [0x006DE084+1040516]
	Ordinal0 [0x006D34F1+996593]
	Ordinal0 [0x006D4416+1000470]
	Ordinal0 [0x006D398D+997773]
	Ordinal0 [0x006D3C46+998470]
	Ordinal0 [0x006D3535+996661]
	Ordinal0 [0x006DC0FA+1032442]
	Ordinal0 [0x006D34F1+996593]
	Ordinal0 [0x006D4416+1000470]
	Ordinal0 [0x006D398D+997773]
	Ordinal0 [0x006D3C46+998470]
	Ordinal0 [0x006D3535+996661]
	Ordinal0 [0x006D9FA9+1023913]
	Ordinal0 [0x006D34F1+996593]
	Ordinal0 [0x006D4416+1000470]
	Ordinal0 [0x006D398D+997773]
	Ordinal0 [0x006D3C46+998470]
	Ordinal0 [0x006D3535+996661]
	Ordinal0 [0x006D92CC+1020620]
	Ordinal0 [0x006D34F1+996593]
	Ordinal0 [0x006D4416+1000470]
	Ordinal0 [0x006D398D+997773]
	Ordinal0 [0x006D3C46+998470]
	Ordinal0 [0x006D3535+996661]
	Ordinal0 [0x006CF10D+979213]
	Ordinal0 [0x006D34F1+996593]
	Ordinal0 [0x006D3290+995984]
	Ordinal0 [0x006D3029+995369]
	Ordinal0 [0x006E3160+1061216]
	Ordinal0 [0x0072A8EB+1353963]
	Ordinal0 [0x007295BA+1349050]
	Ordinal0 [0x007254BB+1332411]
	Ordinal0 [0x00701D14+1187092]
	Ordinal0 [0x00702B79+1190777]
	GetHandleVerifier [0x009C0C56+1501718]
	GetHandleVerifier [0x00A6E97F+2213695]
	GetHandleVerifier [0x008C8C92+485970]
	GetHandleVerifier [0x008C7D59+482073]
	Ordinal0 [0x007E471D+2115357]
	Ordinal0 [0x007E8678+2131576]
	Ordinal0 [0x007E87B2+2131890]
	Ordinal0 [0x007F1971+2169201]
	BaseThreadInitThunk [0x765FFA29+25]
	RtlGetAppContainerNamedObjectPath [0x77477A7E+286]
	RtlGetAppContainerNamedObjectPath [0x77477A4E+238]

	at org.openqa.selenium.remote.W3CHandshakeResponse.lambda$errorHandler$0(W3CHandshakeResponse.java:62)
	at org.openqa.selenium.remote.HandshakeResponse.lambda$getResponseFunction$0(HandshakeResponse.java:30)
	at org.openqa.selenium.remote.ProtocolHandshake.lambda$createSession$0(ProtocolHandshake.java:126)
	at java.util.stream.ReferencePipeline$3$1.accept(ReferencePipeline.java:193)
	at java.util.Spliterators$ArraySpliterator.tryAdvance(Spliterators.java:958)
	at java.util.stream.ReferencePipeline.forEachWithCancel(ReferencePipeline.java:126)
	at java.util.stream.AbstractPipeline.copyIntoWithCancel(AbstractPipeline.java:499)
	at java.util.stream.AbstractPipeline.copyInto(AbstractPipeline.java:486)
	at java.util.stream.AbstractPipeline.wrapAndCopyInto(AbstractPipeline.java:472)
	at java.util.stream.FindOps$FindOp.evaluateSequential(FindOps.java:152)
	at java.util.stream.AbstractPipeline.evaluate(AbstractPipeline.java:234)
	at java.util.stream.ReferencePipeline.findFirst(ReferencePipeline.java:464)
	at org.openqa.selenium.remote.ProtocolHandshake.createSession(ProtocolHandshake.java:128)
	at org.openqa.selenium.remote.ProtocolHandshake.createSession(ProtocolHandshake.java:74)
	at org.openqa.selenium.remote.HttpCommandExecutor.execute(HttpCommandExecutor.java:136)
	at org.openqa.selenium.remote.service.DriverCommandExecutor.execute(DriverCommandExecutor.java:83)
	at org.openqa.selenium.remote.RemoteWebDriver.execute(RemoteWebDriver.java:552)
	at org.openqa.selenium.remote.RemoteWebDriver.startSession(RemoteWebDriver.java:213)
	at org.openqa.selenium.remote.RemoteWebDriver.&lt;init&gt;(RemoteWebDriver.java:131)
	at org.openqa.selenium.chrome.ChromeDriver.&lt;init&gt;(ChromeDriver.java:181)
	at org.openqa.selenium.chrome.ChromeDriver.&lt;init&gt;(ChromeDriver.java:168)
	at org.openqa.selenium.chrome.ChromeDriver.&lt;init&gt;(ChromeDriver.java:123)
	at com.romanceabroad.ui.BaseUI.setup(BaseUI.java:99)
	at java.util.ArrayList.forEach(ArrayList.java:1259)
... Removed 39 stack frames</div></td></tr></table><p class="totop"><a href="#summary">back to summary</a></p>
</body>
</html>
