<?xml version="1.0" encoding="UTF-8"?>
<testng-results skipped="2" failed="0" ignored="0" total="2" passed="0">
  <reporter-output>
  </reporter-output>
  <suite name="Mobile Test Suite" duration-ms="625848" started-at="2021-07-21T21:03:11 EDT" finished-at="2021-07-21T21:13:37 EDT">
    <groups>
    </groups>
    <test name="Chrome test cases" duration-ms="625848" started-at="2021-07-21T21:03:11 EDT" finished-at="2021-07-21T21:13:37 EDT">
      <class name="com.romanceabroad.ui.RegistrationTests2">
        <test-method status="FAIL" signature="setup(java.lang.String,java.lang.String,java.lang.String,java.lang.String,java.lang.String,java.lang.String,java.lang.reflect.Method,org.testng.ITestContext)[pri:0, instance:com.romanceabroad.ui.RegistrationTests2@35d176f7]" name="setup" is-config="true" duration-ms="613953" started-at="2021-07-21T21:03:11 EDT" finished-at="2021-07-21T21:13:25 EDT">
          <params>
            <param index="0">
              <value>
                <![CDATA[chrome]]>
              </value>
            </param>
            <param index="1">
              <value>
                <![CDATA[web]]>
              </value>
            </param>
            <param index="2">
              <value>
                <![CDATA[Windows 10]]>
              </value>
            </param>
            <param index="3">
              <value>
                <![CDATA[59.0]]>
              </value>
            </param>
            <param index="4">
              <value is-null="true"/>
            </param>
            <param index="5">
              <value>
                <![CDATA[qa]]>
              </value>
            </param>
            <param index="6">
              <value>
                <![CDATA[public void com.romanceabroad.ui.RegistrationTests2.selectRandomDropDownListMaxAgeTestCase12()]]>
              </value>
            </param>
            <param index="7">
              <value>
                <![CDATA[org.testng.TestRunner@57abad67]]>
              </value>
            </param>
          </params>
          <exception class="org.openqa.selenium.SessionNotCreatedException">
            <message>
              <![CDATA[session not created
from timeout: Timed out receiving message from renderer: 600.000
  (Session info: chrome=92.0.4515.107)
Build info: version: '3.141.59', revision: 'e82be7d358', time: '2018-11-14T08:17:03'
System info: host: 'LAPTOP-6T1ITKLO', ip: '192.168.1.6', os.name: 'Windows 10', os.arch: 'amd64', os.version: '10.0', java.version: '1.8.0_291'
Driver info: driver.version: ChromeDriver
remote stacktrace: Backtrace:
Ordinal0 [0x00845843+2512963]
Ordinal0 [0x007DEED1+2092753]
Ordinal0 [0x006E1F48+1056584]
Ordinal0 [0x006D493D+1001789]
Ordinal0 [0x006D398D+997773]
Ordinal0 [0x006D3C46+998470]
Ordinal0 [0x006D3535+996661]
Ordinal0 [0x006DE084+1040516]
Ordinal0 [0x006D34F1+996593]
Ordinal0 [0x006D4416+1000470]
Ordinal0 [0x006D398D+997773]
Ordinal0 [0x006D3C46+998470]
Ordinal0 [0x006D3535+996661]
Ordinal0 [0x006DC0FA+1032442]
Ordinal0 [0x006D34F1+996593]
Ordinal0 [0x006D4416+1000470]
Ordinal0 [0x006D398D+997773]
Ordinal0 [0x006D3C46+998470]
Ordinal0 [0x006D3535+996661]
Ordinal0 [0x006D9FA9+1023913]
Ordinal0 [0x006D34F1+996593]
Ordinal0 [0x006D4416+1000470]
Ordinal0 [0x006D398D+997773]
Ordinal0 [0x006D3C46+998470]
Ordinal0 [0x006D3535+996661]
Ordinal0 [0x006D92CC+1020620]
Ordinal0 [0x006D34F1+996593]
Ordinal0 [0x006D4416+1000470]
Ordinal0 [0x006D398D+997773]
Ordinal0 [0x006D3C46+998470]
Ordinal0 [0x006D3535+996661]
Ordinal0 [0x006CF10D+979213]
Ordinal0 [0x006D34F1+996593]
Ordinal0 [0x006D3290+995984]
Ordinal0 [0x006D3029+995369]
Ordinal0 [0x006E3160+1061216]
Ordinal0 [0x0072A8EB+1353963]
Ordinal0 [0x007295BA+1349050]
Ordinal0 [0x007254BB+1332411]
Ordinal0 [0x00701D14+1187092]
Ordinal0 [0x00702B79+1190777]
GetHandleVerifier [0x009C0C56+1501718]
GetHandleVerifier [0x00A6E97F+2213695]
GetHandleVerifier [0x008C8C92+485970]
GetHandleVerifier [0x008C7D59+482073]
Ordinal0 [0x007E471D+2115357]
Ordinal0 [0x007E8678+2131576]
Ordinal0 [0x007E87B2+2131890]
Ordinal0 [0x007F1971+2169201]
BaseThreadInitThunk [0x765FFA29+25]
RtlGetAppContainerNamedObjectPath [0x77477A7E+286]
RtlGetAppContainerNamedObjectPath [0x77477A4E+238]
]]>
            </message>
            <full-stacktrace>
              <![CDATA[org.openqa.selenium.SessionNotCreatedException: session not created
from timeout: Timed out receiving message from renderer: 600.000
  (Session info: chrome=92.0.4515.107)
Build info: version: '3.141.59', revision: 'e82be7d358', time: '2018-11-14T08:17:03'
System info: host: 'LAPTOP-6T1ITKLO', ip: '192.168.1.6', os.name: 'Windows 10', os.arch: 'amd64', os.version: '10.0', java.version: '1.8.0_291'
Driver info: driver.version: ChromeDriver
remote stacktrace: Backtrace:
Ordinal0 [0x00845843+2512963]
Ordinal0 [0x007DEED1+2092753]
Ordinal0 [0x006E1F48+1056584]
Ordinal0 [0x006D493D+1001789]
Ordinal0 [0x006D398D+997773]
Ordinal0 [0x006D3C46+998470]
Ordinal0 [0x006D3535+996661]
Ordinal0 [0x006DE084+1040516]
Ordinal0 [0x006D34F1+996593]
Ordinal0 [0x006D4416+1000470]
Ordinal0 [0x006D398D+997773]
Ordinal0 [0x006D3C46+998470]
Ordinal0 [0x006D3535+996661]
Ordinal0 [0x006DC0FA+1032442]
Ordinal0 [0x006D34F1+996593]
Ordinal0 [0x006D4416+1000470]
Ordinal0 [0x006D398D+997773]
Ordinal0 [0x006D3C46+998470]
Ordinal0 [0x006D3535+996661]
Ordinal0 [0x006D9FA9+1023913]
Ordinal0 [0x006D34F1+996593]
Ordinal0 [0x006D4416+1000470]
Ordinal0 [0x006D398D+997773]
Ordinal0 [0x006D3C46+998470]
Ordinal0 [0x006D3535+996661]
Ordinal0 [0x006D92CC+1020620]
Ordinal0 [0x006D34F1+996593]
Ordinal0 [0x006D4416+1000470]
Ordinal0 [0x006D398D+997773]
Ordinal0 [0x006D3C46+998470]
Ordinal0 [0x006D3535+996661]
Ordinal0 [0x006CF10D+979213]
Ordinal0 [0x006D34F1+996593]
Ordinal0 [0x006D3290+995984]
Ordinal0 [0x006D3029+995369]
Ordinal0 [0x006E3160+1061216]
Ordinal0 [0x0072A8EB+1353963]
Ordinal0 [0x007295BA+1349050]
Ordinal0 [0x007254BB+1332411]
Ordinal0 [0x00701D14+1187092]
Ordinal0 [0x00702B79+1190777]
GetHandleVerifier [0x009C0C56+1501718]
GetHandleVerifier [0x00A6E97F+2213695]
GetHandleVerifier [0x008C8C92+485970]
GetHandleVerifier [0x008C7D59+482073]
Ordinal0 [0x007E471D+2115357]
Ordinal0 [0x007E8678+2131576]
Ordinal0 [0x007E87B2+2131890]
Ordinal0 [0x007F1971+2169201]
BaseThreadInitThunk [0x765FFA29+25]
RtlGetAppContainerNamedObjectPath [0x77477A7E+286]
RtlGetAppContainerNamedObjectPath [0x77477A4E+238]

at sun.reflect.NativeConstructorAccessorImpl.newInstance0(Native Method)
at sun.reflect.NativeConstructorAccessorImpl.newInstance(NativeConstructorAccessorImpl.java:62)
at sun.reflect.DelegatingConstructorAccessorImpl.newInstance(DelegatingConstructorAccessorImpl.java:45)
at java.lang.reflect.Constructor.newInstance(Constructor.java:423)
at org.openqa.selenium.remote.W3CHandshakeResponse.lambda$errorHandler$0(W3CHandshakeResponse.java:62)
at org.openqa.selenium.remote.HandshakeResponse.lambda$getResponseFunction$0(HandshakeResponse.java:30)
at org.openqa.selenium.remote.ProtocolHandshake.lambda$createSession$0(ProtocolHandshake.java:126)
at java.util.stream.ReferencePipeline$3$1.accept(ReferencePipeline.java:193)
at java.util.Spliterators$ArraySpliterator.tryAdvance(Spliterators.java:958)
at java.util.stream.ReferencePipeline.forEachWithCancel(ReferencePipeline.java:126)
at java.util.stream.AbstractPipeline.copyIntoWithCancel(AbstractPipeline.java:499)
at java.util.stream.AbstractPipeline.copyInto(AbstractPipeline.java:486)
at java.util.stream.AbstractPipeline.wrapAndCopyInto(AbstractPipeline.java:472)
at java.util.stream.FindOps$FindOp.evaluateSequential(FindOps.java:152)
at java.util.stream.AbstractPipeline.evaluate(AbstractPipeline.java:234)
at java.util.stream.ReferencePipeline.findFirst(ReferencePipeline.java:464)
at org.openqa.selenium.remote.ProtocolHandshake.createSession(ProtocolHandshake.java:128)
at org.openqa.selenium.remote.ProtocolHandshake.createSession(ProtocolHandshake.java:74)
at org.openqa.selenium.remote.HttpCommandExecutor.execute(HttpCommandExecutor.java:136)
at org.openqa.selenium.remote.service.DriverCommandExecutor.execute(DriverCommandExecutor.java:83)
at org.openqa.selenium.remote.RemoteWebDriver.execute(RemoteWebDriver.java:552)
at org.openqa.selenium.remote.RemoteWebDriver.startSession(RemoteWebDriver.java:213)
at org.openqa.selenium.remote.RemoteWebDriver.<init>(RemoteWebDriver.java:131)
at org.openqa.selenium.chrome.ChromeDriver.<init>(ChromeDriver.java:181)
at org.openqa.selenium.chrome.ChromeDriver.<init>(ChromeDriver.java:168)
at org.openqa.selenium.chrome.ChromeDriver.<init>(ChromeDriver.java:123)
at com.romanceabroad.ui.BaseUI.setup(BaseUI.java:99)
at sun.reflect.NativeMethodAccessorImpl.invoke0(Native Method)
at sun.reflect.NativeMethodAccessorImpl.invoke(NativeMethodAccessorImpl.java:62)
at sun.reflect.DelegatingMethodAccessorImpl.invoke(DelegatingMethodAccessorImpl.java:43)
at java.lang.reflect.Method.invoke(Method.java:498)
at org.testng.internal.MethodInvocationHelper.invokeMethod(MethodInvocationHelper.java:133)
at org.testng.internal.MethodInvocationHelper.invokeMethodConsideringTimeout(MethodInvocationHelper.java:62)
at org.testng.internal.ConfigInvoker.invokeConfigurationMethod(ConfigInvoker.java:385)
at org.testng.internal.ConfigInvoker.invokeConfigurations(ConfigInvoker.java:321)
at org.testng.internal.TestInvoker.runConfigMethods(TestInvoker.java:700)
at org.testng.internal.TestInvoker.invokeMethod(TestInvoker.java:527)
at org.testng.internal.TestInvoker.invokeTestMethod(TestInvoker.java:173)
at org.testng.internal.MethodRunner.runInSequence(MethodRunner.java:46)
at org.testng.internal.TestInvoker$MethodInvocationAgent.invoke(TestInvoker.java:824)
at org.testng.internal.TestInvoker.invokeTestMethods(TestInvoker.java:146)
at org.testng.internal.TestMethodWorker.invokeTestMethods(TestMethodWorker.java:146)
at org.testng.internal.TestMethodWorker.run(TestMethodWorker.java:128)
at java.util.ArrayList.forEach(ArrayList.java:1259)
at org.testng.TestRunner.privateRun(TestRunner.java:794)
at org.testng.TestRunner.run(TestRunner.java:596)
at org.testng.SuiteRunner.runTest(SuiteRunner.java:377)
at org.testng.SuiteRunner.runSequentially(SuiteRunner.java:371)
at org.testng.SuiteRunner.privateRun(SuiteRunner.java:332)
at org.testng.SuiteRunner.run(SuiteRunner.java:276)
at org.testng.SuiteRunnerWorker.runSuite(SuiteRunnerWorker.java:53)
at org.testng.SuiteRunnerWorker.run(SuiteRunnerWorker.java:96)
at org.testng.TestNG.runSuitesSequentially(TestNG.java:1212)
at org.testng.TestNG.runSuitesLocally(TestNG.java:1134)
at org.testng.TestNG.runSuites(TestNG.java:1063)
at org.testng.TestNG.run(TestNG.java:1031)
at org.apache.maven.surefire.testng.TestNGExecutor.run(TestNGExecutor.java:283)
at org.apache.maven.surefire.testng.TestNGXmlTestSuite.execute(TestNGXmlTestSuite.java:75)
at org.apache.maven.surefire.testng.TestNGProvider.invoke(TestNGProvider.java:120)
at org.apache.maven.surefire.booter.ForkedBooter.invokeProviderInSameClassLoader(ForkedBooter.java:384)
at org.apache.maven.surefire.booter.ForkedBooter.runSuitesInProcess(ForkedBooter.java:345)
at org.apache.maven.surefire.booter.ForkedBooter.execute(ForkedBooter.java:126)
at org.apache.maven.surefire.booter.ForkedBooter.main(ForkedBooter.java:418)
]]>
            </full-stacktrace>
          </exception> <!-- org.openqa.selenium.SessionNotCreatedException -->
          <reporter-output>
          </reporter-output>
        </test-method> <!-- setup -->
        <test-method status="SKIP" signature="selectRandomDropDownListMaxAgeTestCase12()[pri:0, instance:com.romanceabroad.ui.RegistrationTests2@35d176f7]" name="selectRandomDropDownListMaxAgeTestCase12" duration-ms="0" started-at="2021-07-21T21:13:25 EDT" finished-at="2021-07-21T21:13:25 EDT">
          <exception class="org.openqa.selenium.SessionNotCreatedException">
            <message>
              <![CDATA[session not created
from timeout: Timed out receiving message from renderer: 600.000
  (Session info: chrome=92.0.4515.107)
Build info: version: '3.141.59', revision: 'e82be7d358', time: '2018-11-14T08:17:03'
System info: host: 'LAPTOP-6T1ITKLO', ip: '192.168.1.6', os.name: 'Windows 10', os.arch: 'amd64', os.version: '10.0', java.version: '1.8.0_291'
Driver info: driver.version: ChromeDriver
remote stacktrace: Backtrace:
Ordinal0 [0x00845843+2512963]
Ordinal0 [0x007DEED1+2092753]
Ordinal0 [0x006E1F48+1056584]
Ordinal0 [0x006D493D+1001789]
Ordinal0 [0x006D398D+997773]
Ordinal0 [0x006D3C46+998470]
Ordinal0 [0x006D3535+996661]
Ordinal0 [0x006DE084+1040516]
Ordinal0 [0x006D34F1+996593]
Ordinal0 [0x006D4416+1000470]
Ordinal0 [0x006D398D+997773]
Ordinal0 [0x006D3C46+998470]
Ordinal0 [0x006D3535+996661]
Ordinal0 [0x006DC0FA+1032442]
Ordinal0 [0x006D34F1+996593]
Ordinal0 [0x006D4416+1000470]
Ordinal0 [0x006D398D+997773]
Ordinal0 [0x006D3C46+998470]
Ordinal0 [0x006D3535+996661]
Ordinal0 [0x006D9FA9+1023913]
Ordinal0 [0x006D34F1+996593]
Ordinal0 [0x006D4416+1000470]
Ordinal0 [0x006D398D+997773]
Ordinal0 [0x006D3C46+998470]
Ordinal0 [0x006D3535+996661]
Ordinal0 [0x006D92CC+1020620]
Ordinal0 [0x006D34F1+996593]
Ordinal0 [0x006D4416+1000470]
Ordinal0 [0x006D398D+997773]
Ordinal0 [0x006D3C46+998470]
Ordinal0 [0x006D3535+996661]
Ordinal0 [0x006CF10D+979213]
Ordinal0 [0x006D34F1+996593]
Ordinal0 [0x006D3290+995984]
Ordinal0 [0x006D3029+995369]
Ordinal0 [0x006E3160+1061216]
Ordinal0 [0x0072A8EB+1353963]
Ordinal0 [0x007295BA+1349050]
Ordinal0 [0x007254BB+1332411]
Ordinal0 [0x00701D14+1187092]
Ordinal0 [0x00702B79+1190777]
GetHandleVerifier [0x009C0C56+1501718]
GetHandleVerifier [0x00A6E97F+2213695]
GetHandleVerifier [0x008C8C92+485970]
GetHandleVerifier [0x008C7D59+482073]
Ordinal0 [0x007E471D+2115357]
Ordinal0 [0x007E8678+2131576]
Ordinal0 [0x007E87B2+2131890]
Ordinal0 [0x007F1971+2169201]
BaseThreadInitThunk [0x765FFA29+25]
RtlGetAppContainerNamedObjectPath [0x77477A7E+286]
RtlGetAppContainerNamedObjectPath [0x77477A4E+238]
]]>
            </message>
            <full-stacktrace>
              <![CDATA[org.openqa.selenium.SessionNotCreatedException: session not created
from timeout: Timed out receiving message from renderer: 600.000
  (Session info: chrome=92.0.4515.107)
Build info: version: '3.141.59', revision: 'e82be7d358', time: '2018-11-14T08:17:03'
System info: host: 'LAPTOP-6T1ITKLO', ip: '192.168.1.6', os.name: 'Windows 10', os.arch: 'amd64', os.version: '10.0', java.version: '1.8.0_291'
Driver info: driver.version: ChromeDriver
remote stacktrace: Backtrace:
Ordinal0 [0x00845843+2512963]
Ordinal0 [0x007DEED1+2092753]
Ordinal0 [0x006E1F48+1056584]
Ordinal0 [0x006D493D+1001789]
Ordinal0 [0x006D398D+997773]
Ordinal0 [0x006D3C46+998470]
Ordinal0 [0x006D3535+996661]
Ordinal0 [0x006DE084+1040516]
Ordinal0 [0x006D34F1+996593]
Ordinal0 [0x006D4416+1000470]
Ordinal0 [0x006D398D+997773]
Ordinal0 [0x006D3C46+998470]
Ordinal0 [0x006D3535+996661]
Ordinal0 [0x006DC0FA+1032442]
Ordinal0 [0x006D34F1+996593]
Ordinal0 [0x006D4416+1000470]
Ordinal0 [0x006D398D+997773]
Ordinal0 [0x006D3C46+998470]
Ordinal0 [0x006D3535+996661]
Ordinal0 [0x006D9FA9+1023913]
Ordinal0 [0x006D34F1+996593]
Ordinal0 [0x006D4416+1000470]
Ordinal0 [0x006D398D+997773]
Ordinal0 [0x006D3C46+998470]
Ordinal0 [0x006D3535+996661]
Ordinal0 [0x006D92CC+1020620]
Ordinal0 [0x006D34F1+996593]
Ordinal0 [0x006D4416+1000470]
Ordinal0 [0x006D398D+997773]
Ordinal0 [0x006D3C46+998470]
Ordinal0 [0x006D3535+996661]
Ordinal0 [0x006CF10D+979213]
Ordinal0 [0x006D34F1+996593]
Ordinal0 [0x006D3290+995984]
Ordinal0 [0x006D3029+995369]
Ordinal0 [0x006E3160+1061216]
Ordinal0 [0x0072A8EB+1353963]
Ordinal0 [0x007295BA+1349050]
Ordinal0 [0x007254BB+1332411]
Ordinal0 [0x00701D14+1187092]
Ordinal0 [0x00702B79+1190777]
GetHandleVerifier [0x009C0C56+1501718]
GetHandleVerifier [0x00A6E97F+2213695]
GetHandleVerifier [0x008C8C92+485970]
GetHandleVerifier [0x008C7D59+482073]
Ordinal0 [0x007E471D+2115357]
Ordinal0 [0x007E8678+2131576]
Ordinal0 [0x007E87B2+2131890]
Ordinal0 [0x007F1971+2169201]
BaseThreadInitThunk [0x765FFA29+25]
RtlGetAppContainerNamedObjectPath [0x77477A7E+286]
RtlGetAppContainerNamedObjectPath [0x77477A4E+238]

at sun.reflect.NativeConstructorAccessorImpl.newInstance0(Native Method)
at sun.reflect.NativeConstructorAccessorImpl.newInstance(NativeConstructorAccessorImpl.java:62)
at sun.reflect.DelegatingConstructorAccessorImpl.newInstance(DelegatingConstructorAccessorImpl.java:45)
at java.lang.reflect.Constructor.newInstance(Constructor.java:423)
at org.openqa.selenium.remote.W3CHandshakeResponse.lambda$errorHandler$0(W3CHandshakeResponse.java:62)
at org.openqa.selenium.remote.HandshakeResponse.lambda$getResponseFunction$0(HandshakeResponse.java:30)
at org.openqa.selenium.remote.ProtocolHandshake.lambda$createSession$0(ProtocolHandshake.java:126)
at java.util.stream.ReferencePipeline$3$1.accept(ReferencePipeline.java:193)
at java.util.Spliterators$ArraySpliterator.tryAdvance(Spliterators.java:958)
at java.util.stream.ReferencePipeline.forEachWithCancel(ReferencePipeline.java:126)
at java.util.stream.AbstractPipeline.copyIntoWithCancel(AbstractPipeline.java:499)
at java.util.stream.AbstractPipeline.copyInto(AbstractPipeline.java:486)
at java.util.stream.AbstractPipeline.wrapAndCopyInto(AbstractPipeline.java:472)
at java.util.stream.FindOps$FindOp.evaluateSequential(FindOps.java:152)
at java.util.stream.AbstractPipeline.evaluate(AbstractPipeline.java:234)
at java.util.stream.ReferencePipeline.findFirst(ReferencePipeline.java:464)
at org.openqa.selenium.remote.ProtocolHandshake.createSession(ProtocolHandshake.java:128)
at org.openqa.selenium.remote.ProtocolHandshake.createSession(ProtocolHandshake.java:74)
at org.openqa.selenium.remote.HttpCommandExecutor.execute(HttpCommandExecutor.java:136)
at org.openqa.selenium.remote.service.DriverCommandExecutor.execute(DriverCommandExecutor.java:83)
at org.openqa.selenium.remote.RemoteWebDriver.execute(RemoteWebDriver.java:552)
at org.openqa.selenium.remote.RemoteWebDriver.startSession(RemoteWebDriver.java:213)
at org.openqa.selenium.remote.RemoteWebDriver.<init>(RemoteWebDriver.java:131)
at org.openqa.selenium.chrome.ChromeDriver.<init>(ChromeDriver.java:181)
at org.openqa.selenium.chrome.ChromeDriver.<init>(ChromeDriver.java:168)
at org.openqa.selenium.chrome.ChromeDriver.<init>(ChromeDriver.java:123)
at com.romanceabroad.ui.BaseUI.setup(BaseUI.java:99)
at sun.reflect.NativeMethodAccessorImpl.invoke0(Native Method)
at sun.reflect.NativeMethodAccessorImpl.invoke(NativeMethodAccessorImpl.java:62)
at sun.reflect.DelegatingMethodAccessorImpl.invoke(DelegatingMethodAccessorImpl.java:43)
at java.lang.reflect.Method.invoke(Method.java:498)
at org.testng.internal.MethodInvocationHelper.invokeMethod(MethodInvocationHelper.java:133)
at org.testng.internal.MethodInvocationHelper.invokeMethodConsideringTimeout(MethodInvocationHelper.java:62)
at org.testng.internal.ConfigInvoker.invokeConfigurationMethod(ConfigInvoker.java:385)
at org.testng.internal.ConfigInvoker.invokeConfigurations(ConfigInvoker.java:321)
at org.testng.internal.TestInvoker.runConfigMethods(TestInvoker.java:700)
at org.testng.internal.TestInvoker.invokeMethod(TestInvoker.java:527)
at org.testng.internal.TestInvoker.invokeTestMethod(TestInvoker.java:173)
at org.testng.internal.MethodRunner.runInSequence(MethodRunner.java:46)
at org.testng.internal.TestInvoker$MethodInvocationAgent.invoke(TestInvoker.java:824)
at org.testng.internal.TestInvoker.invokeTestMethods(TestInvoker.java:146)
at org.testng.internal.TestMethodWorker.invokeTestMethods(TestMethodWorker.java:146)
at org.testng.internal.TestMethodWorker.run(TestMethodWorker.java:128)
at java.util.ArrayList.forEach(ArrayList.java:1259)
at org.testng.TestRunner.privateRun(TestRunner.java:794)
at org.testng.TestRunner.run(TestRunner.java:596)
at org.testng.SuiteRunner.runTest(SuiteRunner.java:377)
at org.testng.SuiteRunner.runSequentially(SuiteRunner.java:371)
at org.testng.SuiteRunner.privateRun(SuiteRunner.java:332)
at org.testng.SuiteRunner.run(SuiteRunner.java:276)
at org.testng.SuiteRunnerWorker.runSuite(SuiteRunnerWorker.java:53)
at org.testng.SuiteRunnerWorker.run(SuiteRunnerWorker.java:96)
at org.testng.TestNG.runSuitesSequentially(TestNG.java:1212)
at org.testng.TestNG.runSuitesLocally(TestNG.java:1134)
at org.testng.TestNG.runSuites(TestNG.java:1063)
at org.testng.TestNG.run(TestNG.java:1031)
at org.apache.maven.surefire.testng.TestNGExecutor.run(TestNGExecutor.java:283)
at org.apache.maven.surefire.testng.TestNGXmlTestSuite.execute(TestNGXmlTestSuite.java:75)
at org.apache.maven.surefire.testng.TestNGProvider.invoke(TestNGProvider.java:120)
at org.apache.maven.surefire.booter.ForkedBooter.invokeProviderInSameClassLoader(ForkedBooter.java:384)
at org.apache.maven.surefire.booter.ForkedBooter.runSuitesInProcess(ForkedBooter.java:345)
at org.apache.maven.surefire.booter.ForkedBooter.execute(ForkedBooter.java:126)
at org.apache.maven.surefire.booter.ForkedBooter.main(ForkedBooter.java:418)
]]>
            </full-stacktrace>
          </exception> <!-- org.openqa.selenium.SessionNotCreatedException -->
          <reporter-output>
          </reporter-output>
        </test-method> <!-- selectRandomDropDownListMaxAgeTestCase12 -->
        <test-method status="SKIP" signature="afterActions(org.testng.ITestResult)[pri:0, instance:com.romanceabroad.ui.RegistrationTests2@35d176f7]" name="afterActions" is-config="true" duration-ms="-1626916405477" started-at="2021-07-21T21:13:25 EDT" finished-at="1969-12-31T19:00:00 EST">
          <reporter-output>
          </reporter-output>
        </test-method> <!-- afterActions -->
        <test-method status="PASS" signature="setup(java.lang.String,java.lang.String,java.lang.String,java.lang.String,java.lang.String,java.lang.String,java.lang.reflect.Method,org.testng.ITestContext)[pri:0, instance:com.romanceabroad.ui.RegistrationTests2@35d176f7]" name="setup" is-config="true" duration-ms="10340" started-at="2021-07-21T21:13:25 EDT" finished-at="2021-07-21T21:13:35 EDT">
          <params>
            <param index="0">
              <value>
                <![CDATA[chrome]]>
              </value>
            </param>
            <param index="1">
              <value>
                <![CDATA[web]]>
              </value>
            </param>
            <param index="2">
              <value>
                <![CDATA[Windows 10]]>
              </value>
            </param>
            <param index="3">
              <value>
                <![CDATA[59.0]]>
              </value>
            </param>
            <param index="4">
              <value is-null="true"/>
            </param>
            <param index="5">
              <value>
                <![CDATA[qa]]>
              </value>
            </param>
            <param index="6">
              <value>
                <![CDATA[public void com.romanceabroad.ui.RegistrationTests2.testRegistrationTestCase1()]]>
              </value>
            </param>
            <param index="7">
              <value>
                <![CDATA[org.testng.TestRunner@57abad67]]>
              </value>
            </param>
          </params>
          <reporter-output>
          </reporter-output>
        </test-method> <!-- setup -->
        <test-method status="SKIP" signature="testRegistrationTestCase1()[pri:0, instance:com.romanceabroad.ui.RegistrationTests2@35d176f7]" name="testRegistrationTestCase1" duration-ms="0" started-at="2021-07-21T21:13:35 EDT" finished-at="2021-07-21T21:13:35 EDT">
          <exception class="org.openqa.selenium.SessionNotCreatedException">
            <message>
              <![CDATA[session not created
from timeout: Timed out receiving message from renderer: 600.000
  (Session info: chrome=92.0.4515.107)
Build info: version: '3.141.59', revision: 'e82be7d358', time: '2018-11-14T08:17:03'
System info: host: 'LAPTOP-6T1ITKLO', ip: '192.168.1.6', os.name: 'Windows 10', os.arch: 'amd64', os.version: '10.0', java.version: '1.8.0_291'
Driver info: driver.version: ChromeDriver
remote stacktrace: Backtrace:
Ordinal0 [0x00845843+2512963]
Ordinal0 [0x007DEED1+2092753]
Ordinal0 [0x006E1F48+1056584]
Ordinal0 [0x006D493D+1001789]
Ordinal0 [0x006D398D+997773]
Ordinal0 [0x006D3C46+998470]
Ordinal0 [0x006D3535+996661]
Ordinal0 [0x006DE084+1040516]
Ordinal0 [0x006D34F1+996593]
Ordinal0 [0x006D4416+1000470]
Ordinal0 [0x006D398D+997773]
Ordinal0 [0x006D3C46+998470]
Ordinal0 [0x006D3535+996661]
Ordinal0 [0x006DC0FA+1032442]
Ordinal0 [0x006D34F1+996593]
Ordinal0 [0x006D4416+1000470]
Ordinal0 [0x006D398D+997773]
Ordinal0 [0x006D3C46+998470]
Ordinal0 [0x006D3535+996661]
Ordinal0 [0x006D9FA9+1023913]
Ordinal0 [0x006D34F1+996593]
Ordinal0 [0x006D4416+1000470]
Ordinal0 [0x006D398D+997773]
Ordinal0 [0x006D3C46+998470]
Ordinal0 [0x006D3535+996661]
Ordinal0 [0x006D92CC+1020620]
Ordinal0 [0x006D34F1+996593]
Ordinal0 [0x006D4416+1000470]
Ordinal0 [0x006D398D+997773]
Ordinal0 [0x006D3C46+998470]
Ordinal0 [0x006D3535+996661]
Ordinal0 [0x006CF10D+979213]
Ordinal0 [0x006D34F1+996593]
Ordinal0 [0x006D3290+995984]
Ordinal0 [0x006D3029+995369]
Ordinal0 [0x006E3160+1061216]
Ordinal0 [0x0072A8EB+1353963]
Ordinal0 [0x007295BA+1349050]
Ordinal0 [0x007254BB+1332411]
Ordinal0 [0x00701D14+1187092]
Ordinal0 [0x00702B79+1190777]
GetHandleVerifier [0x009C0C56+1501718]
GetHandleVerifier [0x00A6E97F+2213695]
GetHandleVerifier [0x008C8C92+485970]
GetHandleVerifier [0x008C7D59+482073]
Ordinal0 [0x007E471D+2115357]
Ordinal0 [0x007E8678+2131576]
Ordinal0 [0x007E87B2+2131890]
Ordinal0 [0x007F1971+2169201]
BaseThreadInitThunk [0x765FFA29+25]
RtlGetAppContainerNamedObjectPath [0x77477A7E+286]
RtlGetAppContainerNamedObjectPath [0x77477A4E+238]
]]>
            </message>
            <full-stacktrace>
              <![CDATA[org.openqa.selenium.SessionNotCreatedException: session not created
from timeout: Timed out receiving message from renderer: 600.000
  (Session info: chrome=92.0.4515.107)
Build info: version: '3.141.59', revision: 'e82be7d358', time: '2018-11-14T08:17:03'
System info: host: 'LAPTOP-6T1ITKLO', ip: '192.168.1.6', os.name: 'Windows 10', os.arch: 'amd64', os.version: '10.0', java.version: '1.8.0_291'
Driver info: driver.version: ChromeDriver
remote stacktrace: Backtrace:
Ordinal0 [0x00845843+2512963]
Ordinal0 [0x007DEED1+2092753]
Ordinal0 [0x006E1F48+1056584]
Ordinal0 [0x006D493D+1001789]
Ordinal0 [0x006D398D+997773]
Ordinal0 [0x006D3C46+998470]
Ordinal0 [0x006D3535+996661]
Ordinal0 [0x006DE084+1040516]
Ordinal0 [0x006D34F1+996593]
Ordinal0 [0x006D4416+1000470]
Ordinal0 [0x006D398D+997773]
Ordinal0 [0x006D3C46+998470]
Ordinal0 [0x006D3535+996661]
Ordinal0 [0x006DC0FA+1032442]
Ordinal0 [0x006D34F1+996593]
Ordinal0 [0x006D4416+1000470]
Ordinal0 [0x006D398D+997773]
Ordinal0 [0x006D3C46+998470]
Ordinal0 [0x006D3535+996661]
Ordinal0 [0x006D9FA9+1023913]
Ordinal0 [0x006D34F1+996593]
Ordinal0 [0x006D4416+1000470]
Ordinal0 [0x006D398D+997773]
Ordinal0 [0x006D3C46+998470]
Ordinal0 [0x006D3535+996661]
Ordinal0 [0x006D92CC+1020620]
Ordinal0 [0x006D34F1+996593]
Ordinal0 [0x006D4416+1000470]
Ordinal0 [0x006D398D+997773]
Ordinal0 [0x006D3C46+998470]
Ordinal0 [0x006D3535+996661]
Ordinal0 [0x006CF10D+979213]
Ordinal0 [0x006D34F1+996593]
Ordinal0 [0x006D3290+995984]
Ordinal0 [0x006D3029+995369]
Ordinal0 [0x006E3160+1061216]
Ordinal0 [0x0072A8EB+1353963]
Ordinal0 [0x007295BA+1349050]
Ordinal0 [0x007254BB+1332411]
Ordinal0 [0x00701D14+1187092]
Ordinal0 [0x00702B79+1190777]
GetHandleVerifier [0x009C0C56+1501718]
GetHandleVerifier [0x00A6E97F+2213695]
GetHandleVerifier [0x008C8C92+485970]
GetHandleVerifier [0x008C7D59+482073]
Ordinal0 [0x007E471D+2115357]
Ordinal0 [0x007E8678+2131576]
Ordinal0 [0x007E87B2+2131890]
Ordinal0 [0x007F1971+2169201]
BaseThreadInitThunk [0x765FFA29+25]
RtlGetAppContainerNamedObjectPath [0x77477A7E+286]
RtlGetAppContainerNamedObjectPath [0x77477A4E+238]

at sun.reflect.NativeConstructorAccessorImpl.newInstance0(Native Method)
at sun.reflect.NativeConstructorAccessorImpl.newInstance(NativeConstructorAccessorImpl.java:62)
at sun.reflect.DelegatingConstructorAccessorImpl.newInstance(DelegatingConstructorAccessorImpl.java:45)
at java.lang.reflect.Constructor.newInstance(Constructor.java:423)
at org.openqa.selenium.remote.W3CHandshakeResponse.lambda$errorHandler$0(W3CHandshakeResponse.java:62)
at org.openqa.selenium.remote.HandshakeResponse.lambda$getResponseFunction$0(HandshakeResponse.java:30)
at org.openqa.selenium.remote.ProtocolHandshake.lambda$createSession$0(ProtocolHandshake.java:126)
at java.util.stream.ReferencePipeline$3$1.accept(ReferencePipeline.java:193)
at java.util.Spliterators$ArraySpliterator.tryAdvance(Spliterators.java:958)
at java.util.stream.ReferencePipeline.forEachWithCancel(ReferencePipeline.java:126)
at java.util.stream.AbstractPipeline.copyIntoWithCancel(AbstractPipeline.java:499)
at java.util.stream.AbstractPipeline.copyInto(AbstractPipeline.java:486)
at java.util.stream.AbstractPipeline.wrapAndCopyInto(AbstractPipeline.java:472)
at java.util.stream.FindOps$FindOp.evaluateSequential(FindOps.java:152)
at java.util.stream.AbstractPipeline.evaluate(AbstractPipeline.java:234)
at java.util.stream.ReferencePipeline.findFirst(ReferencePipeline.java:464)
at org.openqa.selenium.remote.ProtocolHandshake.createSession(ProtocolHandshake.java:128)
at org.openqa.selenium.remote.ProtocolHandshake.createSession(ProtocolHandshake.java:74)
at org.openqa.selenium.remote.HttpCommandExecutor.execute(HttpCommandExecutor.java:136)
at org.openqa.selenium.remote.service.DriverCommandExecutor.execute(DriverCommandExecutor.java:83)
at org.openqa.selenium.remote.RemoteWebDriver.execute(RemoteWebDriver.java:552)
at org.openqa.selenium.remote.RemoteWebDriver.startSession(RemoteWebDriver.java:213)
at org.openqa.selenium.remote.RemoteWebDriver.<init>(RemoteWebDriver.java:131)
at org.openqa.selenium.chrome.ChromeDriver.<init>(ChromeDriver.java:181)
at org.openqa.selenium.chrome.ChromeDriver.<init>(ChromeDriver.java:168)
at org.openqa.selenium.chrome.ChromeDriver.<init>(ChromeDriver.java:123)
at com.romanceabroad.ui.BaseUI.setup(BaseUI.java:99)
at sun.reflect.NativeMethodAccessorImpl.invoke0(Native Method)
at sun.reflect.NativeMethodAccessorImpl.invoke(NativeMethodAccessorImpl.java:62)
at sun.reflect.DelegatingMethodAccessorImpl.invoke(DelegatingMethodAccessorImpl.java:43)
at java.lang.reflect.Method.invoke(Method.java:498)
at org.testng.internal.MethodInvocationHelper.invokeMethod(MethodInvocationHelper.java:133)
at org.testng.internal.MethodInvocationHelper.invokeMethodConsideringTimeout(MethodInvocationHelper.java:62)
at org.testng.internal.ConfigInvoker.invokeConfigurationMethod(ConfigInvoker.java:385)
at org.testng.internal.ConfigInvoker.invokeConfigurations(ConfigInvoker.java:321)
at org.testng.internal.TestInvoker.runConfigMethods(TestInvoker.java:700)
at org.testng.internal.TestInvoker.invokeMethod(TestInvoker.java:527)
at org.testng.internal.TestInvoker.invokeTestMethod(TestInvoker.java:173)
at org.testng.internal.MethodRunner.runInSequence(MethodRunner.java:46)
at org.testng.internal.TestInvoker$MethodInvocationAgent.invoke(TestInvoker.java:824)
at org.testng.internal.TestInvoker.invokeTestMethods(TestInvoker.java:146)
at org.testng.internal.TestMethodWorker.invokeTestMethods(TestMethodWorker.java:146)
at org.testng.internal.TestMethodWorker.run(TestMethodWorker.java:128)
at java.util.ArrayList.forEach(ArrayList.java:1259)
at org.testng.TestRunner.privateRun(TestRunner.java:794)
at org.testng.TestRunner.run(TestRunner.java:596)
at org.testng.SuiteRunner.runTest(SuiteRunner.java:377)
at org.testng.SuiteRunner.runSequentially(SuiteRunner.java:371)
at org.testng.SuiteRunner.privateRun(SuiteRunner.java:332)
at org.testng.SuiteRunner.run(SuiteRunner.java:276)
at org.testng.SuiteRunnerWorker.runSuite(SuiteRunnerWorker.java:53)
at org.testng.SuiteRunnerWorker.run(SuiteRunnerWorker.java:96)
at org.testng.TestNG.runSuitesSequentially(TestNG.java:1212)
at org.testng.TestNG.runSuitesLocally(TestNG.java:1134)
at org.testng.TestNG.runSuites(TestNG.java:1063)
at org.testng.TestNG.run(TestNG.java:1031)
at org.apache.maven.surefire.testng.TestNGExecutor.run(TestNGExecutor.java:283)
at org.apache.maven.surefire.testng.TestNGXmlTestSuite.execute(TestNGXmlTestSuite.java:75)
at org.apache.maven.surefire.testng.TestNGProvider.invoke(TestNGProvider.java:120)
at org.apache.maven.surefire.booter.ForkedBooter.invokeProviderInSameClassLoader(ForkedBooter.java:384)
at org.apache.maven.surefire.booter.ForkedBooter.runSuitesInProcess(ForkedBooter.java:345)
at org.apache.maven.surefire.booter.ForkedBooter.execute(ForkedBooter.java:126)
at org.apache.maven.surefire.booter.ForkedBooter.main(ForkedBooter.java:418)
]]>
            </full-stacktrace>
          </exception> <!-- org.openqa.selenium.SessionNotCreatedException -->
          <reporter-output>
          </reporter-output>
        </test-method> <!-- testRegistrationTestCase1 -->
        <test-method status="SKIP" signature="afterActions(org.testng.ITestResult)[pri:0, instance:com.romanceabroad.ui.RegistrationTests2@35d176f7]" name="afterActions" is-config="true" duration-ms="-1626916417013" started-at="2021-07-21T21:13:37 EDT" finished-at="1969-12-31T19:00:00 EST">
          <reporter-output>
          </reporter-output>
        </test-method> <!-- afterActions -->
      </class> <!-- com.romanceabroad.ui.RegistrationTests2 -->
    </test> <!-- Chrome test cases -->
  </suite> <!-- Mobile Test Suite -->
</testng-results>
