<!DOCTYPE html>

<html>
  <head>
  <meta charset='utf-8'>
  <title>TestNG reports</title>

    <link type="text/css" href="testng-reports1.css" rel="stylesheet" id="ultra" />
    <link type="text/css" href="testng-reports.css" rel="stylesheet" id="retro" disabled="false"/>
    <script type="text/javascript" src="jquery.min.js"></script>
    <script type="text/javascript" src="testng-reports.js"></script>
    <script type="text/javascript" src="https://www.google.com/jsapi"></script>
    <script type='text/javascript'>
      google.load('visualization', '1', {packages:['table']});
      google.setOnLoadCallback(drawTable);
      var suiteTableInitFunctions = new Array();
      var suiteTableData = new Array();
    </script>
    <!--
      <script type="text/javascript" src="jquery-ui/js/jquery-ui-1.8.16.custom.min.js"></script>
     -->
  </head>

  <body>
    <div class="top-banner-root">
      <span class="top-banner-title-font">Test results</span>
      <button class="button" id="button">Switch Retro Theme</button> <!-- button -->
      <br/>
      <span class="top-banner-font-1">1 suite</span>
    </div> <!-- top-banner-root -->
    <div class="navigator-root">
      <div class="navigator-suite-header">
        <span>All suites</span>
        <a href="#" class="collapse-all-link" title="Collapse/expand all the suites">
          <img class="collapse-all-icon" src="collapseall.gif">
          </img> <!-- collapse-all-icon -->
        </a> <!-- collapse-all-link -->
      </div> <!-- navigator-suite-header -->
      <div class="suite">
        <div class="rounded-window">
          <div class="suite-header light-rounded-window-top">
            <a href="#" class="navigator-link" panel-name="suite-Mobile_Test_Suite">
              <span class="suite-name border-skipped">Mobile Test Suite</span>
            </a> <!-- navigator-link -->
          </div> <!-- suite-header light-rounded-window-top -->
          <div class="navigator-suite-content">
            <div class="suite-section-title">
              <span>Info</span>
            </div> <!-- suite-section-title -->
            <div class="suite-section-content">
              <ul>
                <li>
                  <a href="#" class="navigator-link " panel-name="test-xml-Mobile_Test_Suite">
                    <span>C:\Users\Dana1\GitHub\romance05\romanceabroad05\TestNGWeb.xml</span>
                  </a> <!-- navigator-link  -->
                </li>
                <li>
                  <a href="#" class="navigator-link " panel-name="testlist-Mobile_Test_Suite">
                    <span class="test-stats">1 test</span>
                  </a> <!-- navigator-link  -->
                </li>
                <li>
                  <a href="#" class="navigator-link " panel-name="group-Mobile_Test_Suite">
                    <span>0 groups</span>
                  </a> <!-- navigator-link  -->
                </li>
                <li>
                  <a href="#" class="navigator-link " panel-name="times-Mobile_Test_Suite">
                    <span>Times</span>
                  </a> <!-- navigator-link  -->
                </li>
                <li>
                  <a href="#" class="navigator-link " panel-name="reporter-Mobile_Test_Suite">
                    <span>Reporter output</span>
                  </a> <!-- navigator-link  -->
                </li>
                <li>
                  <a href="#" class="navigator-link " panel-name="ignored-methods-Mobile_Test_Suite">
                    <span>Ignored methods</span>
                  </a> <!-- navigator-link  -->
                </li>
                <li>
                  <a href="#" class="navigator-link " panel-name="chronological-Mobile_Test_Suite">
                    <span>Chronological view</span>
                  </a> <!-- navigator-link  -->
                </li>
              </ul>
            </div> <!-- suite-section-content -->
            <div class="result-section">
              <div class="suite-section-title">
                <span>Results</span>
              </div> <!-- suite-section-title -->
              <div class="suite-section-content">
                <ul>
                  <li>
                    <span class="method-stats">8 methods,  6 skipped,  2 passed</span>
                  </li>
                  <li>
                    <span class="method-list-title skipped">Skipped methods</span>
                    <span class="show-or-hide-methods skipped">
                      <a href="#" panel-name="suite-Mobile_Test_Suite" class="hide-methods skipped suite-Mobile_Test_Suite"> (hide)</a> <!-- hide-methods skipped suite-Mobile_Test_Suite -->
                      <a href="#" panel-name="suite-Mobile_Test_Suite" class="show-methods skipped suite-Mobile_Test_Suite"> (show)</a> <!-- show-methods skipped suite-Mobile_Test_Suite -->
                    </span>
                    <div class="method-list-content skipped suite-Mobile_Test_Suite">
                      <span>
                        <img width="3%" src="skipped.png"/>
                        <a href="#" class="method navigator-link" panel-name="suite-Mobile_Test_Suite" title="com.romanceabroad.ui.RegistrationTests2" hash-for-method="selectRandomDropDownListMaxAgeTestCase12">selectRandomDropDownListMaxAgeTestCase12</a> <!-- method navigator-link -->
                      </span>
                      <br/>
                      <span>
                        <img width="3%" src="skipped.png"/>
                        <a href="#" class="method navigator-link" panel-name="suite-Mobile_Test_Suite" title="com.romanceabroad.ui.BlogTests" hash-for-method="testBlogIfElseForAllLinksTestCase6">testBlogIfElseForAllLinksTestCase6</a> <!-- method navigator-link -->
                      </span>
                      <br/>
                      <span>
                        <img width="3%" src="skipped.png"/>
                        <a href="#" class="method navigator-link" panel-name="suite-Mobile_Test_Suite" title="com.romanceabroad.ui.BlogTests" hash-for-method="testBlogIsContainsTextIfElseTestCase3">testBlogIsContainsTextIfElseTestCase3</a> <!-- method navigator-link -->
                      </span>
                      <br/>
                      <span>
                        <img width="3%" src="skipped.png"/>
                        <a href="#" class="method navigator-link" panel-name="suite-Mobile_Test_Suite" title="com.romanceabroad.ui.BlogTests" hash-for-method="testBlogLoopForAllMenuUlListTestCase2">testBlogLoopForAllMenuUlListTestCase2</a> <!-- method navigator-link -->
                      </span>
                      <br/>
                      <span>
                        <img width="3%" src="skipped.png"/>
                        <a href="#" class="method navigator-link" panel-name="suite-Mobile_Test_Suite" title="com.romanceabroad.ui.BlogTests" hash-for-method="testBlogTabIsDisplayedIfElseTestCase4">testBlogTabIsDisplayedIfElseTestCase4</a> <!-- method navigator-link -->
                      </span>
                      <br/>
                      <span>
                        <img width="3%" src="skipped.png"/>
                        <a href="#" class="method navigator-link" panel-name="suite-Mobile_Test_Suite" title="com.romanceabroad.ui.RegistrationTests2" hash-for-method="testRegistrationTestCase1">testRegistrationTestCase1</a> <!-- method navigator-link -->
                      </span>
                      <br/>
                    </div> <!-- method-list-content skipped suite-Mobile_Test_Suite -->
                  </li>
                  <li>
                    <span class="method-list-title passed">Passed methods</span>
                    <span class="show-or-hide-methods passed">
                      <a href="#" panel-name="suite-Mobile_Test_Suite" class="hide-methods passed suite-Mobile_Test_Suite"> (hide)</a> <!-- hide-methods passed suite-Mobile_Test_Suite -->
                      <a href="#" panel-name="suite-Mobile_Test_Suite" class="show-methods passed suite-Mobile_Test_Suite"> (show)</a> <!-- show-methods passed suite-Mobile_Test_Suite -->
                    </span>
                    <div class="method-list-content passed suite-Mobile_Test_Suite">
                      <span>
                        <img width="3%" src="passed.png"/>
                        <a href="#" class="method navigator-link" panel-name="suite-Mobile_Test_Suite" title="com.romanceabroad.ui.BlogTests" hash-for-method="testBlogAssertEqualTestCase1">testBlogAssertEqualTestCase1</a> <!-- method navigator-link -->
                      </span>
                      <br/>
                      <span>
                        <img width="3%" src="passed.png"/>
                        <a href="#" class="method navigator-link" panel-name="suite-Mobile_Test_Suite" title="com.romanceabroad.ui.BlogTests" hash-for-method="testBlogGetTextIfElseFailedTestCase5">testBlogGetTextIfElseFailedTestCase5</a> <!-- method navigator-link -->
                      </span>
                      <br/>
                    </div> <!-- method-list-content passed suite-Mobile_Test_Suite -->
                  </li>
                </ul>
              </div> <!-- suite-section-content -->
            </div> <!-- result-section -->
          </div> <!-- navigator-suite-content -->
        </div> <!-- rounded-window -->
      </div> <!-- suite -->
    </div> <!-- navigator-root -->
    <div class="wrapper">
      <div class="main-panel-root">
        <div panel-name="suite-Mobile_Test_Suite" class="panel Mobile_Test_Suite">
          <div class="suite-Mobile_Test_Suite-class-skipped">
            <div class="main-panel-header rounded-window-top">
              <img src="skipped.png"/>
              <span class="class-name">com.romanceabroad.ui.RegistrationTests2</span>
            </div> <!-- main-panel-header rounded-window-top -->
            <div class="main-panel-content rounded-window-bottom">
              <div class="method">
                <div class="method-content">
                  <a name="selectRandomDropDownListMaxAgeTestCase12">
                  </a> <!-- selectRandomDropDownListMaxAgeTestCase12 -->
                  <span class="method-name">selectRandomDropDownListMaxAgeTestCase12</span>
                  <div class="stack-trace">org.openqa.selenium.SessionNotCreatedException: session not created
from timeout: Timed out receiving message from renderer: 600.000
  (Session info: chrome=91.0.4472.124)
Build info: version: &apos;3.141.59&apos;, revision: &apos;e82be7d358&apos;, time: &apos;2018-11-14T08:17:03&apos;
System info: host: &apos;LAPTOP-6T1ITKLO&apos;, ip: &apos;192.168.1.6&apos;, os.name: &apos;Windows 10&apos;, os.arch: &apos;amd64&apos;, os.version: &apos;10.0&apos;, java.version: &apos;1.8.0_291&apos;
Driver info: driver.version: ChromeDriver
remote stacktrace: Backtrace:
	Ordinal0 [0x00C03733+2504499]
	Ordinal0 [0x00B9C401+2081793]
	Ordinal0 [0x00AA2628+1058344]
	Ordinal0 [0x00A94EBF+1003199]
	Ordinal0 [0x00A93EF9+999161]
	Ordinal0 [0x00A941B6+999862]
	Ordinal0 [0x00A93AA5+998053]
	Ordinal0 [0x00A9E6B4+1042100]
	Ordinal0 [0x00A93A61+997985]
	Ordinal0 [0x00A94986+1001862]
	Ordinal0 [0x00A93EF9+999161]
	Ordinal0 [0x00A941B6+999862]
	Ordinal0 [0x00A93AA5+998053]
	Ordinal0 [0x00A9C73A+1034042]
	Ordinal0 [0x00A93A61+997985]
	Ordinal0 [0x00A94986+1001862]
	Ordinal0 [0x00A93EF9+999161]
	Ordinal0 [0x00A941B6+999862]
	Ordinal0 [0x00A93AA5+998053]
	Ordinal0 [0x00A9A5E9+1025513]
	Ordinal0 [0x00A93A61+997985]
	Ordinal0 [0x00A94986+1001862]
	Ordinal0 [0x00A93EF9+999161]
	Ordinal0 [0x00A941B6+999862]
	Ordinal0 [0x00A93AA5+998053]
	Ordinal0 [0x00A9990C+1022220]
	Ordinal0 [0x00A93A61+997985]
	Ordinal0 [0x00A94986+1001862]
	Ordinal0 [0x00A93EF9+999161]
	Ordinal0 [0x00A941B6+999862]
	Ordinal0 [0x00A93AA5+998053]
	Ordinal0 [0x00A8F5DD+980445]
	Ordinal0 [0x00A93A61+997985]
	Ordinal0 [0x00A93800+997376]
	Ordinal0 [0x00A93599+996761]
	Ordinal0 [0x00AA3830+1062960]
	Ordinal0 [0x00AEABB9+1354681]
	Ordinal0 [0x00AE97DA+1349594]
	Ordinal0 [0x00AE5D4B+1334603]
	Ordinal0 [0x00AC22B4+1188532]
	Ordinal0 [0x00AC3149+1192265]
	GetHandleVerifier [0x00D7FB8C+1512252]
	GetHandleVerifier [0x00E2B0DF+2214031]
	GetHandleVerifier [0x00C84BC3+484211]
	GetHandleVerifier [0x00C83E69+480793]
	Ordinal0 [0x00BA218D+2105741]
	Ordinal0 [0x00BA66E8+2123496]
	Ordinal0 [0x00BA6827+2123815]
	Ordinal0 [0x00BAFB73+2161523]
	BaseThreadInitThunk [0x750DFA29+25]
	RtlGetAppContainerNamedObjectPath [0x77277A7E+286]
	RtlGetAppContainerNamedObjectPath [0x77277A4E+238]

	at org.openqa.selenium.remote.W3CHandshakeResponse.lambda$errorHandler$0(W3CHandshakeResponse.java:62)
	at org.openqa.selenium.remote.HandshakeResponse.lambda$getResponseFunction$0(HandshakeResponse.java:30)
	at org.openqa.selenium.remote.ProtocolHandshake.lambda$createSession$0(ProtocolHandshake.java:126)
	at java.util.stream.ReferencePipeline$3$1.accept(ReferencePipeline.java:193)
	at java.util.Spliterators$ArraySpliterator.tryAdvance(Spliterators.java:958)
	at java.util.stream.ReferencePipeline.forEachWithCancel(ReferencePipeline.java:126)
	at java.util.stream.AbstractPipeline.copyIntoWithCancel(AbstractPipeline.java:499)
	at java.util.stream.AbstractPipeline.copyInto(AbstractPipeline.java:486)
	at java.util.stream.AbstractPipeline.wrapAndCopyInto(AbstractPipeline.java:472)
	at java.util.stream.FindOps$FindOp.evaluateSequential(FindOps.java:152)
	at java.util.stream.AbstractPipeline.evaluate(AbstractPipeline.java:234)
	at java.util.stream.ReferencePipeline.findFirst(ReferencePipeline.java:464)
	at org.openqa.selenium.remote.ProtocolHandshake.createSession(ProtocolHandshake.java:128)
	at org.openqa.selenium.remote.ProtocolHandshake.createSession(ProtocolHandshake.java:74)
	at org.openqa.selenium.remote.HttpCommandExecutor.execute(HttpCommandExecutor.java:136)
	at org.openqa.selenium.remote.service.DriverCommandExecutor.execute(DriverCommandExecutor.java:83)
	at org.openqa.selenium.remote.RemoteWebDriver.execute(RemoteWebDriver.java:552)
	at org.openqa.selenium.remote.RemoteWebDriver.startSession(RemoteWebDriver.java:213)
	at org.openqa.selenium.remote.RemoteWebDriver.&lt;init&gt;(RemoteWebDriver.java:131)
	at org.openqa.selenium.chrome.ChromeDriver.&lt;init&gt;(ChromeDriver.java:181)
	at org.openqa.selenium.chrome.ChromeDriver.&lt;init&gt;(ChromeDriver.java:168)
	at org.openqa.selenium.chrome.ChromeDriver.&lt;init&gt;(ChromeDriver.java:123)
	at com.romanceabroad.ui.BaseUI.setup(BaseUI.java:100)
	at java.util.ArrayList.forEach(ArrayList.java:1259)
... Removed 39 stack frames
</div> <!-- stack-trace -->
                </div> <!-- method-content -->
              </div> <!-- method -->
              <div class="method">
                <div class="method-content">
                  <a name="testRegistrationTestCase1">
                  </a> <!-- testRegistrationTestCase1 -->
                  <span class="method-name">testRegistrationTestCase1</span>
                  <div class="stack-trace">org.openqa.selenium.SessionNotCreatedException: session not created
from timeout: Timed out receiving message from renderer: 600.000
  (Session info: chrome=91.0.4472.124)
Build info: version: &apos;3.141.59&apos;, revision: &apos;e82be7d358&apos;, time: &apos;2018-11-14T08:17:03&apos;
System info: host: &apos;LAPTOP-6T1ITKLO&apos;, ip: &apos;192.168.1.6&apos;, os.name: &apos;Windows 10&apos;, os.arch: &apos;amd64&apos;, os.version: &apos;10.0&apos;, java.version: &apos;1.8.0_291&apos;
Driver info: driver.version: ChromeDriver
remote stacktrace: Backtrace:
	Ordinal0 [0x00C03733+2504499]
	Ordinal0 [0x00B9C401+2081793]
	Ordinal0 [0x00AA2628+1058344]
	Ordinal0 [0x00A94EBF+1003199]
	Ordinal0 [0x00A93EF9+999161]
	Ordinal0 [0x00A941B6+999862]
	Ordinal0 [0x00A93AA5+998053]
	Ordinal0 [0x00A9A6DD+1025757]
	Ordinal0 [0x00A93A61+997985]
	Ordinal0 [0x00A94986+1001862]
	Ordinal0 [0x00A93EF9+999161]
	Ordinal0 [0x00A941B6+999862]
	Ordinal0 [0x00A93AA5+998053]
	Ordinal0 [0x00A9990C+1022220]
	Ordinal0 [0x00A93A61+997985]
	Ordinal0 [0x00A94986+1001862]
	Ordinal0 [0x00A93EF9+999161]
	Ordinal0 [0x00A941B6+999862]
	Ordinal0 [0x00A93AA5+998053]
	Ordinal0 [0x00A8F5DD+980445]
	Ordinal0 [0x00A93A61+997985]
	Ordinal0 [0x00A93800+997376]
	Ordinal0 [0x00A93599+996761]
	Ordinal0 [0x00AA3830+1062960]
	Ordinal0 [0x00AEABB9+1354681]
	Ordinal0 [0x00AE97DA+1349594]
	Ordinal0 [0x00AE5D4B+1334603]
	Ordinal0 [0x00AC22B4+1188532]
	Ordinal0 [0x00AC3149+1192265]
	GetHandleVerifier [0x00D7FB8C+1512252]
	GetHandleVerifier [0x00E2B0DF+2214031]
	GetHandleVerifier [0x00C84BC3+484211]
	GetHandleVerifier [0x00C83E69+480793]
	Ordinal0 [0x00BA218D+2105741]
	Ordinal0 [0x00BA66E8+2123496]
	Ordinal0 [0x00BA6827+2123815]
	Ordinal0 [0x00BAFB73+2161523]
	BaseThreadInitThunk [0x750DFA29+25]
	RtlGetAppContainerNamedObjectPath [0x77277A7E+286]
	RtlGetAppContainerNamedObjectPath [0x77277A4E+238]

	at org.openqa.selenium.remote.W3CHandshakeResponse.lambda$errorHandler$0(W3CHandshakeResponse.java:62)
	at org.openqa.selenium.remote.HandshakeResponse.lambda$getResponseFunction$0(HandshakeResponse.java:30)
	at org.openqa.selenium.remote.ProtocolHandshake.lambda$createSession$0(ProtocolHandshake.java:126)
	at java.util.stream.ReferencePipeline$3$1.accept(ReferencePipeline.java:193)
	at java.util.Spliterators$ArraySpliterator.tryAdvance(Spliterators.java:958)
	at java.util.stream.ReferencePipeline.forEachWithCancel(ReferencePipeline.java:126)
	at java.util.stream.AbstractPipeline.copyIntoWithCancel(AbstractPipeline.java:499)
	at java.util.stream.AbstractPipeline.copyInto(AbstractPipeline.java:486)
	at java.util.stream.AbstractPipeline.wrapAndCopyInto(AbstractPipeline.java:472)
	at java.util.stream.FindOps$FindOp.evaluateSequential(FindOps.java:152)
	at java.util.stream.AbstractPipeline.evaluate(AbstractPipeline.java:234)
	at java.util.stream.ReferencePipeline.findFirst(ReferencePipeline.java:464)
	at org.openqa.selenium.remote.ProtocolHandshake.createSession(ProtocolHandshake.java:128)
	at org.openqa.selenium.remote.ProtocolHandshake.createSession(ProtocolHandshake.java:74)
	at org.openqa.selenium.remote.HttpCommandExecutor.execute(HttpCommandExecutor.java:136)
	at org.openqa.selenium.remote.service.DriverCommandExecutor.execute(DriverCommandExecutor.java:83)
	at org.openqa.selenium.remote.RemoteWebDriver.execute(RemoteWebDriver.java:552)
	at org.openqa.selenium.remote.RemoteWebDriver.startSession(RemoteWebDriver.java:213)
	at org.openqa.selenium.remote.RemoteWebDriver.&lt;init&gt;(RemoteWebDriver.java:131)
	at org.openqa.selenium.chrome.ChromeDriver.&lt;init&gt;(ChromeDriver.java:181)
	at org.openqa.selenium.chrome.ChromeDriver.&lt;init&gt;(ChromeDriver.java:168)
	at org.openqa.selenium.chrome.ChromeDriver.&lt;init&gt;(ChromeDriver.java:123)
	at com.romanceabroad.ui.BaseUI.setup(BaseUI.java:100)
	at java.util.ArrayList.forEach(ArrayList.java:1259)
... Removed 39 stack frames
</div> <!-- stack-trace -->
                </div> <!-- method-content -->
              </div> <!-- method -->
            </div> <!-- main-panel-content rounded-window-bottom -->
          </div> <!-- suite-Mobile_Test_Suite-class-skipped -->
          <div class="suite-Mobile_Test_Suite-class-skipped">
            <div class="main-panel-header rounded-window-top">
              <img src="skipped.png"/>
              <span class="class-name">com.romanceabroad.ui.BlogTests</span>
            </div> <!-- main-panel-header rounded-window-top -->
            <div class="main-panel-content rounded-window-bottom">
              <div class="method">
                <div class="method-content">
                  <a name="testBlogIfElseForAllLinksTestCase6">
                  </a> <!-- testBlogIfElseForAllLinksTestCase6 -->
                  <span class="method-name">testBlogIfElseForAllLinksTestCase6</span>
                  <div class="stack-trace">org.openqa.selenium.SessionNotCreatedException: session not created
from timeout: Timed out receiving message from renderer: 600.000
  (Session info: chrome=91.0.4472.124)
Build info: version: &apos;3.141.59&apos;, revision: &apos;e82be7d358&apos;, time: &apos;2018-11-14T08:17:03&apos;
System info: host: &apos;LAPTOP-6T1ITKLO&apos;, ip: &apos;192.168.1.6&apos;, os.name: &apos;Windows 10&apos;, os.arch: &apos;amd64&apos;, os.version: &apos;10.0&apos;, java.version: &apos;1.8.0_291&apos;
Driver info: driver.version: ChromeDriver
remote stacktrace: Backtrace:
	Ordinal0 [0x00C03733+2504499]
	Ordinal0 [0x00B9C401+2081793]
	Ordinal0 [0x00AA2628+1058344]
	Ordinal0 [0x00A94EBF+1003199]
	Ordinal0 [0x00A93EF9+999161]
	Ordinal0 [0x00A941B6+999862]
	Ordinal0 [0x00A93AA5+998053]
	Ordinal0 [0x00A9A6DD+1025757]
	Ordinal0 [0x00A93A61+997985]
	Ordinal0 [0x00A94986+1001862]
	Ordinal0 [0x00A93EF9+999161]
	Ordinal0 [0x00A941B6+999862]
	Ordinal0 [0x00A93AA5+998053]
	Ordinal0 [0x00A9990C+1022220]
	Ordinal0 [0x00A93A61+997985]
	Ordinal0 [0x00A94986+1001862]
	Ordinal0 [0x00A93EF9+999161]
	Ordinal0 [0x00A941B6+999862]
	Ordinal0 [0x00A93AA5+998053]
	Ordinal0 [0x00A8F5DD+980445]
	Ordinal0 [0x00A93A61+997985]
	Ordinal0 [0x00A93800+997376]
	Ordinal0 [0x00A93599+996761]
	Ordinal0 [0x00AA3830+1062960]
	Ordinal0 [0x00AEABB9+1354681]
	Ordinal0 [0x00AE97DA+1349594]
	Ordinal0 [0x00AE5D4B+1334603]
	Ordinal0 [0x00AC22B4+1188532]
	Ordinal0 [0x00AC3149+1192265]
	GetHandleVerifier [0x00D7FB8C+1512252]
	GetHandleVerifier [0x00E2B0DF+2214031]
	GetHandleVerifier [0x00C84BC3+484211]
	GetHandleVerifier [0x00C83E69+480793]
	Ordinal0 [0x00BA218D+2105741]
	Ordinal0 [0x00BA66E8+2123496]
	Ordinal0 [0x00BA6827+2123815]
	Ordinal0 [0x00BAFB73+2161523]
	BaseThreadInitThunk [0x750DFA29+25]
	RtlGetAppContainerNamedObjectPath [0x77277A7E+286]
	RtlGetAppContainerNamedObjectPath [0x77277A4E+238]

	at org.openqa.selenium.remote.W3CHandshakeResponse.lambda$errorHandler$0(W3CHandshakeResponse.java:62)
	at org.openqa.selenium.remote.HandshakeResponse.lambda$getResponseFunction$0(HandshakeResponse.java:30)
	at org.openqa.selenium.remote.ProtocolHandshake.lambda$createSession$0(ProtocolHandshake.java:126)
	at java.util.stream.ReferencePipeline$3$1.accept(ReferencePipeline.java:193)
	at java.util.Spliterators$ArraySpliterator.tryAdvance(Spliterators.java:958)
	at java.util.stream.ReferencePipeline.forEachWithCancel(ReferencePipeline.java:126)
	at java.util.stream.AbstractPipeline.copyIntoWithCancel(AbstractPipeline.java:499)
	at java.util.stream.AbstractPipeline.copyInto(AbstractPipeline.java:486)
	at java.util.stream.AbstractPipeline.wrapAndCopyInto(AbstractPipeline.java:472)
	at java.util.stream.FindOps$FindOp.evaluateSequential(FindOps.java:152)
	at java.util.stream.AbstractPipeline.evaluate(AbstractPipeline.java:234)
	at java.util.stream.ReferencePipeline.findFirst(ReferencePipeline.java:464)
	at org.openqa.selenium.remote.ProtocolHandshake.createSession(ProtocolHandshake.java:128)
	at org.openqa.selenium.remote.ProtocolHandshake.createSession(ProtocolHandshake.java:74)
	at org.openqa.selenium.remote.HttpCommandExecutor.execute(HttpCommandExecutor.java:136)
	at org.openqa.selenium.remote.service.DriverCommandExecutor.execute(DriverCommandExecutor.java:83)
	at org.openqa.selenium.remote.RemoteWebDriver.execute(RemoteWebDriver.java:552)
	at org.openqa.selenium.remote.RemoteWebDriver.startSession(RemoteWebDriver.java:213)
	at org.openqa.selenium.remote.RemoteWebDriver.&lt;init&gt;(RemoteWebDriver.java:131)
	at org.openqa.selenium.chrome.ChromeDriver.&lt;init&gt;(ChromeDriver.java:181)
	at org.openqa.selenium.chrome.ChromeDriver.&lt;init&gt;(ChromeDriver.java:168)
	at org.openqa.selenium.chrome.ChromeDriver.&lt;init&gt;(ChromeDriver.java:123)
	at com.romanceabroad.ui.BaseUI.setup(BaseUI.java:100)
	at java.util.ArrayList.forEach(ArrayList.java:1259)
... Removed 39 stack frames
</div> <!-- stack-trace -->
                </div> <!-- method-content -->
              </div> <!-- method -->
              <div class="method">
                <div class="method-content">
                  <a name="testBlogIsContainsTextIfElseTestCase3">
                  </a> <!-- testBlogIsContainsTextIfElseTestCase3 -->
                  <span class="method-name">testBlogIsContainsTextIfElseTestCase3</span>
                  <div class="stack-trace">org.openqa.selenium.SessionNotCreatedException: session not created
from timeout: Timed out receiving message from renderer: 600.000
  (Session info: chrome=91.0.4472.124)
Build info: version: &apos;3.141.59&apos;, revision: &apos;e82be7d358&apos;, time: &apos;2018-11-14T08:17:03&apos;
System info: host: &apos;LAPTOP-6T1ITKLO&apos;, ip: &apos;192.168.1.6&apos;, os.name: &apos;Windows 10&apos;, os.arch: &apos;amd64&apos;, os.version: &apos;10.0&apos;, java.version: &apos;1.8.0_291&apos;
Driver info: driver.version: ChromeDriver
remote stacktrace: Backtrace:
	Ordinal0 [0x00C03733+2504499]
	Ordinal0 [0x00B9C401+2081793]
	Ordinal0 [0x00AA2628+1058344]
	Ordinal0 [0x00A94EBF+1003199]
	Ordinal0 [0x00A93EF9+999161]
	Ordinal0 [0x00A941B6+999862]
	Ordinal0 [0x00A93AA5+998053]
	Ordinal0 [0x00A9E6B4+1042100]
	Ordinal0 [0x00A93A61+997985]
	Ordinal0 [0x00A94986+1001862]
	Ordinal0 [0x00A93EF9+999161]
	Ordinal0 [0x00A941B6+999862]
	Ordinal0 [0x00A93AA5+998053]
	Ordinal0 [0x00A9C73A+1034042]
	Ordinal0 [0x00A93A61+997985]
	Ordinal0 [0x00A94986+1001862]
	Ordinal0 [0x00A93EF9+999161]
	Ordinal0 [0x00A941B6+999862]
	Ordinal0 [0x00A93AA5+998053]
	Ordinal0 [0x00A9A5E9+1025513]
	Ordinal0 [0x00A93A61+997985]
	Ordinal0 [0x00A94986+1001862]
	Ordinal0 [0x00A93EF9+999161]
	Ordinal0 [0x00A941B6+999862]
	Ordinal0 [0x00A93AA5+998053]
	Ordinal0 [0x00A9990C+1022220]
	Ordinal0 [0x00A93A61+997985]
	Ordinal0 [0x00A94986+1001862]
	Ordinal0 [0x00A93EF9+999161]
	Ordinal0 [0x00A941B6+999862]
	Ordinal0 [0x00A93AA5+998053]
	Ordinal0 [0x00A8F5DD+980445]
	Ordinal0 [0x00A93A61+997985]
	Ordinal0 [0x00A93800+997376]
	Ordinal0 [0x00A93599+996761]
	Ordinal0 [0x00AA3830+1062960]
	Ordinal0 [0x00AEABB9+1354681]
	Ordinal0 [0x00AE97DA+1349594]
	Ordinal0 [0x00AE5D4B+1334603]
	Ordinal0 [0x00AC22B4+1188532]
	Ordinal0 [0x00AC3149+1192265]
	GetHandleVerifier [0x00D7FB8C+1512252]
	GetHandleVerifier [0x00E2B0DF+2214031]
	GetHandleVerifier [0x00C84BC3+484211]
	GetHandleVerifier [0x00C83E69+480793]
	Ordinal0 [0x00BA218D+2105741]
	Ordinal0 [0x00BA66E8+2123496]
	Ordinal0 [0x00BA6827+2123815]
	Ordinal0 [0x00BAFB73+2161523]
	BaseThreadInitThunk [0x750DFA29+25]
	RtlGetAppContainerNamedObjectPath [0x77277A7E+286]
	RtlGetAppContainerNamedObjectPath [0x77277A4E+238]

	at org.openqa.selenium.remote.W3CHandshakeResponse.lambda$errorHandler$0(W3CHandshakeResponse.java:62)
	at org.openqa.selenium.remote.HandshakeResponse.lambda$getResponseFunction$0(HandshakeResponse.java:30)
	at org.openqa.selenium.remote.ProtocolHandshake.lambda$createSession$0(ProtocolHandshake.java:126)
	at java.util.stream.ReferencePipeline$3$1.accept(ReferencePipeline.java:193)
	at java.util.Spliterators$ArraySpliterator.tryAdvance(Spliterators.java:958)
	at java.util.stream.ReferencePipeline.forEachWithCancel(ReferencePipeline.java:126)
	at java.util.stream.AbstractPipeline.copyIntoWithCancel(AbstractPipeline.java:499)
	at java.util.stream.AbstractPipeline.copyInto(AbstractPipeline.java:486)
	at java.util.stream.AbstractPipeline.wrapAndCopyInto(AbstractPipeline.java:472)
	at java.util.stream.FindOps$FindOp.evaluateSequential(FindOps.java:152)
	at java.util.stream.AbstractPipeline.evaluate(AbstractPipeline.java:234)
	at java.util.stream.ReferencePipeline.findFirst(ReferencePipeline.java:464)
	at org.openqa.selenium.remote.ProtocolHandshake.createSession(ProtocolHandshake.java:128)
	at org.openqa.selenium.remote.ProtocolHandshake.createSession(ProtocolHandshake.java:74)
	at org.openqa.selenium.remote.HttpCommandExecutor.execute(HttpCommandExecutor.java:136)
	at org.openqa.selenium.remote.service.DriverCommandExecutor.execute(DriverCommandExecutor.java:83)
	at org.openqa.selenium.remote.RemoteWebDriver.execute(RemoteWebDriver.java:552)
	at org.openqa.selenium.remote.RemoteWebDriver.startSession(RemoteWebDriver.java:213)
	at org.openqa.selenium.remote.RemoteWebDriver.&lt;init&gt;(RemoteWebDriver.java:131)
	at org.openqa.selenium.chrome.ChromeDriver.&lt;init&gt;(ChromeDriver.java:181)
	at org.openqa.selenium.chrome.ChromeDriver.&lt;init&gt;(ChromeDriver.java:168)
	at org.openqa.selenium.chrome.ChromeDriver.&lt;init&gt;(ChromeDriver.java:123)
	at com.romanceabroad.ui.BaseUI.setup(BaseUI.java:100)
	at java.util.ArrayList.forEach(ArrayList.java:1259)
... Removed 39 stack frames
</div> <!-- stack-trace -->
                </div> <!-- method-content -->
              </div> <!-- method -->
              <div class="method">
                <div class="method-content">
                  <a name="testBlogLoopForAllMenuUlListTestCase2">
                  </a> <!-- testBlogLoopForAllMenuUlListTestCase2 -->
                  <span class="method-name">testBlogLoopForAllMenuUlListTestCase2</span>
                  <div class="stack-trace">org.openqa.selenium.SessionNotCreatedException: session not created
from timeout: Timed out receiving message from renderer: 600.000
  (Session info: chrome=91.0.4472.124)
Build info: version: &apos;3.141.59&apos;, revision: &apos;e82be7d358&apos;, time: &apos;2018-11-14T08:17:03&apos;
System info: host: &apos;LAPTOP-6T1ITKLO&apos;, ip: &apos;192.168.1.6&apos;, os.name: &apos;Windows 10&apos;, os.arch: &apos;amd64&apos;, os.version: &apos;10.0&apos;, java.version: &apos;1.8.0_291&apos;
Driver info: driver.version: ChromeDriver
remote stacktrace: Backtrace:
	Ordinal0 [0x00C03733+2504499]
	Ordinal0 [0x00B9C401+2081793]
	Ordinal0 [0x00AA2628+1058344]
	Ordinal0 [0x00A94EBF+1003199]
	Ordinal0 [0x00A93EF9+999161]
	Ordinal0 [0x00A941B6+999862]
	Ordinal0 [0x00A93AA5+998053]
	Ordinal0 [0x00A9E6B4+1042100]
	Ordinal0 [0x00A93A61+997985]
	Ordinal0 [0x00A94986+1001862]
	Ordinal0 [0x00A93EF9+999161]
	Ordinal0 [0x00A941B6+999862]
	Ordinal0 [0x00A93AA5+998053]
	Ordinal0 [0x00A9C73A+1034042]
	Ordinal0 [0x00A93A61+997985]
	Ordinal0 [0x00A94986+1001862]
	Ordinal0 [0x00A93EF9+999161]
	Ordinal0 [0x00A941B6+999862]
	Ordinal0 [0x00A93AA5+998053]
	Ordinal0 [0x00A9A5E9+1025513]
	Ordinal0 [0x00A93A61+997985]
	Ordinal0 [0x00A94986+1001862]
	Ordinal0 [0x00A93EF9+999161]
	Ordinal0 [0x00A941B6+999862]
	Ordinal0 [0x00A93AA5+998053]
	Ordinal0 [0x00A9990C+1022220]
	Ordinal0 [0x00A93A61+997985]
	Ordinal0 [0x00A94986+1001862]
	Ordinal0 [0x00A93EF9+999161]
	Ordinal0 [0x00A941B6+999862]
	Ordinal0 [0x00A93AA5+998053]
	Ordinal0 [0x00A8F5DD+980445]
	Ordinal0 [0x00A93A61+997985]
	Ordinal0 [0x00A93800+997376]
	Ordinal0 [0x00A93599+996761]
	Ordinal0 [0x00AA3830+1062960]
	Ordinal0 [0x00AEABB9+1354681]
	Ordinal0 [0x00AE97DA+1349594]
	Ordinal0 [0x00AE5D4B+1334603]
	Ordinal0 [0x00AC22B4+1188532]
	Ordinal0 [0x00AC3149+1192265]
	GetHandleVerifier [0x00D7FB8C+1512252]
	GetHandleVerifier [0x00E2B0DF+2214031]
	GetHandleVerifier [0x00C84BC3+484211]
	GetHandleVerifier [0x00C83E69+480793]
	Ordinal0 [0x00BA218D+2105741]
	Ordinal0 [0x00BA66E8+2123496]
	Ordinal0 [0x00BA6827+2123815]
	Ordinal0 [0x00BAFB73+2161523]
	BaseThreadInitThunk [0x750DFA29+25]
	RtlGetAppContainerNamedObjectPath [0x77277A7E+286]
	RtlGetAppContainerNamedObjectPath [0x77277A4E+238]

	at org.openqa.selenium.remote.W3CHandshakeResponse.lambda$errorHandler$0(W3CHandshakeResponse.java:62)
	at org.openqa.selenium.remote.HandshakeResponse.lambda$getResponseFunction$0(HandshakeResponse.java:30)
	at org.openqa.selenium.remote.ProtocolHandshake.lambda$createSession$0(ProtocolHandshake.java:126)
	at java.util.stream.ReferencePipeline$3$1.accept(ReferencePipeline.java:193)
	at java.util.Spliterators$ArraySpliterator.tryAdvance(Spliterators.java:958)
	at java.util.stream.ReferencePipeline.forEachWithCancel(ReferencePipeline.java:126)
	at java.util.stream.AbstractPipeline.copyIntoWithCancel(AbstractPipeline.java:499)
	at java.util.stream.AbstractPipeline.copyInto(AbstractPipeline.java:486)
	at java.util.stream.AbstractPipeline.wrapAndCopyInto(AbstractPipeline.java:472)
	at java.util.stream.FindOps$FindOp.evaluateSequential(FindOps.java:152)
	at java.util.stream.AbstractPipeline.evaluate(AbstractPipeline.java:234)
	at java.util.stream.ReferencePipeline.findFirst(ReferencePipeline.java:464)
	at org.openqa.selenium.remote.ProtocolHandshake.createSession(ProtocolHandshake.java:128)
	at org.openqa.selenium.remote.ProtocolHandshake.createSession(ProtocolHandshake.java:74)
	at org.openqa.selenium.remote.HttpCommandExecutor.execute(HttpCommandExecutor.java:136)
	at org.openqa.selenium.remote.service.DriverCommandExecutor.execute(DriverCommandExecutor.java:83)
	at org.openqa.selenium.remote.RemoteWebDriver.execute(RemoteWebDriver.java:552)
	at org.openqa.selenium.remote.RemoteWebDriver.startSession(RemoteWebDriver.java:213)
	at org.openqa.selenium.remote.RemoteWebDriver.&lt;init&gt;(RemoteWebDriver.java:131)
	at org.openqa.selenium.chrome.ChromeDriver.&lt;init&gt;(ChromeDriver.java:181)
	at org.openqa.selenium.chrome.ChromeDriver.&lt;init&gt;(ChromeDriver.java:168)
	at org.openqa.selenium.chrome.ChromeDriver.&lt;init&gt;(ChromeDriver.java:123)
	at com.romanceabroad.ui.BaseUI.setup(BaseUI.java:100)
	at java.util.ArrayList.forEach(ArrayList.java:1259)
... Removed 39 stack frames
</div> <!-- stack-trace -->
                </div> <!-- method-content -->
              </div> <!-- method -->
              <div class="method">
                <div class="method-content">
                  <a name="testBlogTabIsDisplayedIfElseTestCase4">
                  </a> <!-- testBlogTabIsDisplayedIfElseTestCase4 -->
                  <span class="method-name">testBlogTabIsDisplayedIfElseTestCase4</span>
                  <div class="stack-trace">org.openqa.selenium.SessionNotCreatedException: session not created
from timeout: Timed out receiving message from renderer: 600.000
  (Session info: chrome=91.0.4472.124)
Build info: version: &apos;3.141.59&apos;, revision: &apos;e82be7d358&apos;, time: &apos;2018-11-14T08:17:03&apos;
System info: host: &apos;LAPTOP-6T1ITKLO&apos;, ip: &apos;192.168.1.6&apos;, os.name: &apos;Windows 10&apos;, os.arch: &apos;amd64&apos;, os.version: &apos;10.0&apos;, java.version: &apos;1.8.0_291&apos;
Driver info: driver.version: ChromeDriver
remote stacktrace: Backtrace:
	Ordinal0 [0x00C03733+2504499]
	Ordinal0 [0x00B9C401+2081793]
	Ordinal0 [0x00AA2628+1058344]
	Ordinal0 [0x00A94EBF+1003199]
	Ordinal0 [0x00A93EF9+999161]
	Ordinal0 [0x00A941B6+999862]
	Ordinal0 [0x00A93AA5+998053]
	Ordinal0 [0x00A9E6B4+1042100]
	Ordinal0 [0x00A93A61+997985]
	Ordinal0 [0x00A94986+1001862]
	Ordinal0 [0x00A93EF9+999161]
	Ordinal0 [0x00A941B6+999862]
	Ordinal0 [0x00A93AA5+998053]
	Ordinal0 [0x00A9C73A+1034042]
	Ordinal0 [0x00A93A61+997985]
	Ordinal0 [0x00A94986+1001862]
	Ordinal0 [0x00A93EF9+999161]
	Ordinal0 [0x00A941B6+999862]
	Ordinal0 [0x00A93AA5+998053]
	Ordinal0 [0x00A9A5E9+1025513]
	Ordinal0 [0x00A93A61+997985]
	Ordinal0 [0x00A94986+1001862]
	Ordinal0 [0x00A93EF9+999161]
	Ordinal0 [0x00A941B6+999862]
	Ordinal0 [0x00A93AA5+998053]
	Ordinal0 [0x00A9990C+1022220]
	Ordinal0 [0x00A93A61+997985]
	Ordinal0 [0x00A94986+1001862]
	Ordinal0 [0x00A93EF9+999161]
	Ordinal0 [0x00A941B6+999862]
	Ordinal0 [0x00A93AA5+998053]
	Ordinal0 [0x00A8F5DD+980445]
	Ordinal0 [0x00A93A61+997985]
	Ordinal0 [0x00A93800+997376]
	Ordinal0 [0x00A93599+996761]
	Ordinal0 [0x00AA3830+1062960]
	Ordinal0 [0x00AEABB9+1354681]
	Ordinal0 [0x00AE97DA+1349594]
	Ordinal0 [0x00AE5D4B+1334603]
	Ordinal0 [0x00AC22B4+1188532]
	Ordinal0 [0x00AC3149+1192265]
	GetHandleVerifier [0x00D7FB8C+1512252]
	GetHandleVerifier [0x00E2B0DF+2214031]
	GetHandleVerifier [0x00C84BC3+484211]
	GetHandleVerifier [0x00C83E69+480793]
	Ordinal0 [0x00BA218D+2105741]
	Ordinal0 [0x00BA66E8+2123496]
	Ordinal0 [0x00BA6827+2123815]
	Ordinal0 [0x00BAFB73+2161523]
	BaseThreadInitThunk [0x750DFA29+25]
	RtlGetAppContainerNamedObjectPath [0x77277A7E+286]
	RtlGetAppContainerNamedObjectPath [0x77277A4E+238]

	at org.openqa.selenium.remote.W3CHandshakeResponse.lambda$errorHandler$0(W3CHandshakeResponse.java:62)
	at org.openqa.selenium.remote.HandshakeResponse.lambda$getResponseFunction$0(HandshakeResponse.java:30)
	at org.openqa.selenium.remote.ProtocolHandshake.lambda$createSession$0(ProtocolHandshake.java:126)
	at java.util.stream.ReferencePipeline$3$1.accept(ReferencePipeline.java:193)
	at java.util.Spliterators$ArraySpliterator.tryAdvance(Spliterators.java:958)
	at java.util.stream.ReferencePipeline.forEachWithCancel(ReferencePipeline.java:126)
	at java.util.stream.AbstractPipeline.copyIntoWithCancel(AbstractPipeline.java:499)
	at java.util.stream.AbstractPipeline.copyInto(AbstractPipeline.java:486)
	at java.util.stream.AbstractPipeline.wrapAndCopyInto(AbstractPipeline.java:472)
	at java.util.stream.FindOps$FindOp.evaluateSequential(FindOps.java:152)
	at java.util.stream.AbstractPipeline.evaluate(AbstractPipeline.java:234)
	at java.util.stream.ReferencePipeline.findFirst(ReferencePipeline.java:464)
	at org.openqa.selenium.remote.ProtocolHandshake.createSession(ProtocolHandshake.java:128)
	at org.openqa.selenium.remote.ProtocolHandshake.createSession(ProtocolHandshake.java:74)
	at org.openqa.selenium.remote.HttpCommandExecutor.execute(HttpCommandExecutor.java:136)
	at org.openqa.selenium.remote.service.DriverCommandExecutor.execute(DriverCommandExecutor.java:83)
	at org.openqa.selenium.remote.RemoteWebDriver.execute(RemoteWebDriver.java:552)
	at org.openqa.selenium.remote.RemoteWebDriver.startSession(RemoteWebDriver.java:213)
	at org.openqa.selenium.remote.RemoteWebDriver.&lt;init&gt;(RemoteWebDriver.java:131)
	at org.openqa.selenium.chrome.ChromeDriver.&lt;init&gt;(ChromeDriver.java:181)
	at org.openqa.selenium.chrome.ChromeDriver.&lt;init&gt;(ChromeDriver.java:168)
	at org.openqa.selenium.chrome.ChromeDriver.&lt;init&gt;(ChromeDriver.java:123)
	at com.romanceabroad.ui.BaseUI.setup(BaseUI.java:100)
	at java.util.ArrayList.forEach(ArrayList.java:1259)
... Removed 39 stack frames
</div> <!-- stack-trace -->
                </div> <!-- method-content -->
              </div> <!-- method -->
            </div> <!-- main-panel-content rounded-window-bottom -->
          </div> <!-- suite-Mobile_Test_Suite-class-skipped -->
          <div class="suite-Mobile_Test_Suite-class-passed">
            <div class="main-panel-header rounded-window-top">
              <img src="passed.png"/>
              <span class="class-name">com.romanceabroad.ui.BlogTests</span>
            </div> <!-- main-panel-header rounded-window-top -->
            <div class="main-panel-content rounded-window-bottom">
              <div class="method">
                <div class="method-content">
                  <a name="testBlogAssertEqualTestCase1">
                  </a> <!-- testBlogAssertEqualTestCase1 -->
                  <span class="method-name">testBlogAssertEqualTestCase1</span>
                </div> <!-- method-content -->
              </div> <!-- method -->
              <div class="method">
                <div class="method-content">
                  <a name="testBlogGetTextIfElseFailedTestCase5">
                  </a> <!-- testBlogGetTextIfElseFailedTestCase5 -->
                  <span class="method-name">testBlogGetTextIfElseFailedTestCase5</span>
                </div> <!-- method-content -->
              </div> <!-- method -->
            </div> <!-- main-panel-content rounded-window-bottom -->
          </div> <!-- suite-Mobile_Test_Suite-class-passed -->
        </div> <!-- panel Mobile_Test_Suite -->
        <div panel-name="test-xml-Mobile_Test_Suite" class="panel">
          <div class="main-panel-header rounded-window-top">
            <span class="header-content">C:\Users\Dana1\GitHub\romance05\romanceabroad05\TestNGWeb.xml</span>
          </div> <!-- main-panel-header rounded-window-top -->
          <div class="main-panel-content rounded-window-bottom">
            <pre>
&lt;?xml version=&quot;1.0&quot; encoding=&quot;UTF-8&quot;?&gt;
&lt;!DOCTYPE suite SYSTEM &quot;https://testng.org/testng-1.0.dtd&quot;&gt;
&lt;suite guice-stage=&quot;DEVELOPMENT&quot; verbose=&quot;0&quot; name=&quot;Mobile Test Suite&quot;&gt;
  &lt;test thread-count=&quot;5&quot; verbose=&quot;0&quot; name=&quot;Chrome test cases&quot;&gt;
    &lt;parameter name=&quot;browser&quot; value=&quot;chrome&quot;/&gt;
    &lt;parameter name=&quot;testEnv&quot; value=&quot;qa&quot;/&gt;
    &lt;parameter name=&quot;version&quot; value=&quot;59.0&quot;/&gt;
    &lt;parameter name=&quot;platform&quot; value=&quot;Windows 10&quot;/&gt;
    &lt;parameter name=&quot;testBox&quot; value=&quot;web&quot;/&gt;
    &lt;classes&gt;
      &lt;class name=&quot;com.romanceabroad.ui.RegistrationTests2&quot;/&gt;
      &lt;class name=&quot;com.romanceabroad.ui.BlogTests&quot;/&gt;
    &lt;/classes&gt;
  &lt;/test&gt; &lt;!-- Chrome test cases --&gt;
&lt;/suite&gt; &lt;!-- Mobile Test Suite --&gt;
            </pre>
          </div> <!-- main-panel-content rounded-window-bottom -->
        </div> <!-- panel -->
        <div panel-name="testlist-Mobile_Test_Suite" class="panel">
          <div class="main-panel-header rounded-window-top">
            <span class="header-content">Tests for Mobile Test Suite</span>
          </div> <!-- main-panel-header rounded-window-top -->
          <div class="main-panel-content rounded-window-bottom">
            <ul>
              <li>
                <span class="test-name">Chrome test cases (2 classes)</span>
              </li>
            </ul>
          </div> <!-- main-panel-content rounded-window-bottom -->
        </div> <!-- panel -->
        <div panel-name="group-Mobile_Test_Suite" class="panel">
          <div class="main-panel-header rounded-window-top">
            <span class="header-content">Groups for Mobile Test Suite</span>
          </div> <!-- main-panel-header rounded-window-top -->
          <div class="main-panel-content rounded-window-bottom">
          </div> <!-- main-panel-content rounded-window-bottom -->
        </div> <!-- panel -->
        <div panel-name="times-Mobile_Test_Suite" class="panel">
          <div class="main-panel-header rounded-window-top">
            <span class="header-content">Times for Mobile Test Suite</span>
          </div> <!-- main-panel-header rounded-window-top -->
          <div class="main-panel-content rounded-window-bottom">
            <div class="times-div">
              <script type="text/javascript">
suiteTableInitFunctions.push('tableData_Mobile_Test_Suite');
function tableData_Mobile_Test_Suite() {
var data = new google.visualization.DataTable();
data.addColumn('number', 'Number');
data.addColumn('string', 'Method');
data.addColumn('string', 'Class');
data.addColumn('number', 'Time (ms)');
data.addRows(8);
data.setCell(0, 0, 0)
data.setCell(0, 1, 'testBlogAssertEqualTestCase1')
data.setCell(0, 2, 'com.romanceabroad.ui.BlogTests')
data.setCell(0, 3, 4389);
data.setCell(1, 0, 1)
data.setCell(1, 1, 'testBlogGetTextIfElseFailedTestCase5')
data.setCell(1, 2, 'com.romanceabroad.ui.BlogTests')
data.setCell(1, 3, 3292);
data.setCell(2, 0, 2)
data.setCell(2, 1, 'testBlogTabIsDisplayedIfElseTestCase4')
data.setCell(2, 2, 'com.romanceabroad.ui.BlogTests')
data.setCell(2, 3, 0);
data.setCell(3, 0, 3)
data.setCell(3, 1, 'testBlogIfElseForAllLinksTestCase6')
data.setCell(3, 2, 'com.romanceabroad.ui.BlogTests')
data.setCell(3, 3, 0);
data.setCell(4, 0, 4)
data.setCell(4, 1, 'testRegistrationTestCase1')
data.setCell(4, 2, 'com.romanceabroad.ui.RegistrationTests2')
data.setCell(4, 3, 0);
data.setCell(5, 0, 5)
data.setCell(5, 1, 'selectRandomDropDownListMaxAgeTestCase12')
data.setCell(5, 2, 'com.romanceabroad.ui.RegistrationTests2')
data.setCell(5, 3, 0);
data.setCell(6, 0, 6)
data.setCell(6, 1, 'testBlogIsContainsTextIfElseTestCase3')
data.setCell(6, 2, 'com.romanceabroad.ui.BlogTests')
data.setCell(6, 3, 0);
data.setCell(7, 0, 7)
data.setCell(7, 1, 'testBlogLoopForAllMenuUlListTestCase2')
data.setCell(7, 2, 'com.romanceabroad.ui.BlogTests')
data.setCell(7, 3, 0);
window.suiteTableData['Mobile_Test_Suite']= { tableData: data, tableDiv: 'times-div-Mobile_Test_Suite'}
return data;
}
              </script>
              <span class="suite-total-time">Total running time: 7 seconds</span>
              <div id="times-div-Mobile_Test_Suite">
              </div> <!-- times-div-Mobile_Test_Suite -->
            </div> <!-- times-div -->
          </div> <!-- main-panel-content rounded-window-bottom -->
        </div> <!-- panel -->
        <div panel-name="reporter-Mobile_Test_Suite" class="panel">
          <div class="main-panel-header rounded-window-top">
            <span class="header-content">Reporter output for Mobile Test Suite</span>
          </div> <!-- main-panel-header rounded-window-top -->
          <div class="main-panel-content rounded-window-bottom">
          </div> <!-- main-panel-content rounded-window-bottom -->
        </div> <!-- panel -->
        <div panel-name="ignored-methods-Mobile_Test_Suite" class="panel">
          <div class="main-panel-header rounded-window-top">
            <span class="header-content">0 ignored methods</span>
          </div> <!-- main-panel-header rounded-window-top -->
          <div class="main-panel-content rounded-window-bottom">
          </div> <!-- main-panel-content rounded-window-bottom -->
        </div> <!-- panel -->
        <div panel-name="chronological-Mobile_Test_Suite" class="panel">
          <div class="main-panel-header rounded-window-top">
            <span class="header-content">Methods in chronological order</span>
          </div> <!-- main-panel-header rounded-window-top -->
          <div class="main-panel-content rounded-window-bottom">
            <div class="chronological-class">
              <div class="chronological-class-name">com.romanceabroad.ui.RegistrationTests2</div> <!-- chronological-class-name -->
              <div class="configuration-method before">
                <img src="failed.png">
                </img>
                <span class="method-name">setup(chrome, web, Windows 10, 59.0, null, qa, public void com.romanceabroad.ui.RegistrationTests2.selectR...)</span>
                <span class="method-start">0 ms</span>
              </div> <!-- configuration-method before -->
              <div class="test-method">
                <span class="method-name">selectRandomDropDownListMaxAgeTestCase12</span>
                <span class="method-start">603194 ms</span>
              </div> <!-- test-method -->
              <div class="configuration-method after">
                <span class="method-name">afterActions</span>
                <span class="method-start">603258 ms</span>
              </div> <!-- configuration-method after -->
              <div class="configuration-method before">
                <img src="failed.png">
                </img>
                <span class="method-name">setup(chrome, web, Windows 10, 59.0, null, qa, public void com.romanceabroad.ui.RegistrationTests2.testReg...)</span>
                <span class="method-start">603260 ms</span>
              </div> <!-- configuration-method before -->
              <div class="test-method">
                <span class="method-name">testRegistrationTestCase1</span>
                <span class="method-start">1205752 ms</span>
              </div> <!-- test-method -->
              <div class="configuration-method after">
                <span class="method-name">afterActions</span>
                <span class="method-start">1206450 ms</span>
              </div> <!-- configuration-method after -->
            </div> <!-- chronological-class -->
            <div class="chronological-class">
              <div class="chronological-class-name">com.romanceabroad.ui.BlogTests</div> <!-- chronological-class-name -->
              <div class="configuration-method before">
                <span class="method-name">setup(chrome, web, Windows 10, 59.0, null, qa, public void com.romanceabroad.ui.BlogTests.testBlogAssertEq...)</span>
                <span class="method-start">1206455 ms</span>
              </div> <!-- configuration-method before -->
              <div class="test-method">
                <span class="method-name">testBlogAssertEqualTestCase1</span>
                <span class="method-start">1214443 ms</span>
              </div> <!-- test-method -->
              <div class="configuration-method after">
                <span class="method-name">afterActions([TestResult name=testBlogAssertEqualTestCase1 status=SUCCESS method=BlogTests.testBlogAssertEqualTes...)</span>
                <span class="method-start">1218836 ms</span>
              </div> <!-- configuration-method after -->
              <div class="configuration-method before">
                <span class="method-name">setup(chrome, web, Windows 10, 59.0, null, qa, public void com.romanceabroad.ui.BlogTests.testBlogGetTextI...)</span>
                <span class="method-start">1220015 ms</span>
              </div> <!-- configuration-method before -->
              <div class="test-method">
                <span class="method-name">testBlogGetTextIfElseFailedTestCase5</span>
                <span class="method-start">1227555 ms</span>
              </div> <!-- test-method -->
              <div class="configuration-method after">
                <span class="method-name">afterActions([TestResult name=testBlogGetTextIfElseFailedTestCase5 status=SUCCESS method=BlogTests.testBlogGetTex...)</span>
                <span class="method-start">1230848 ms</span>
              </div> <!-- configuration-method after -->
              <div class="configuration-method before">
                <img src="failed.png">
                </img>
                <span class="method-name">setup(chrome, web, Windows 10, 59.0, null, qa, public void com.romanceabroad.ui.BlogTests.testBlogIfElseFo...)</span>
                <span class="method-start">1231033 ms</span>
              </div> <!-- configuration-method before -->
              <div class="test-method">
                <span class="method-name">testBlogIfElseForAllLinksTestCase6</span>
                <span class="method-start">1833404 ms</span>
              </div> <!-- test-method -->
              <div class="configuration-method after">
                <span class="method-name">afterActions</span>
                <span class="method-start">1833405 ms</span>
              </div> <!-- configuration-method after -->
              <div class="configuration-method before">
                <img src="failed.png">
                </img>
                <span class="method-name">setup(chrome, web, Windows 10, 59.0, null, qa, public void com.romanceabroad.ui.BlogTests.testBlogIsContai...)</span>
                <span class="method-start">1833406 ms</span>
              </div> <!-- configuration-method before -->
              <div class="test-method">
                <span class="method-name">testBlogIsContainsTextIfElseTestCase3</span>
                <span class="method-start">2435456 ms</span>
              </div> <!-- test-method -->
              <div class="configuration-method after">
                <span class="method-name">afterActions</span>
                <span class="method-start">2435458 ms</span>
              </div> <!-- configuration-method after -->
              <div class="configuration-method before">
                <span class="method-name">setup(chrome, web, Windows 10, 59.0, null, qa, public void com.romanceabroad.ui.BlogTests.testBlogLoopForA...)</span>
                <span class="method-start">2435458 ms</span>
              </div> <!-- configuration-method before -->
              <div class="test-method">
                <span class="method-name">testBlogLoopForAllMenuUlListTestCase2</span>
                <span class="method-start">2445406 ms</span>
              </div> <!-- test-method -->
              <div class="configuration-method after">
                <span class="method-name">afterActions</span>
                <span class="method-start">2445407 ms</span>
              </div> <!-- configuration-method after -->
              <div class="configuration-method before">
                <span class="method-name">setup(chrome, web, Windows 10, 59.0, null, qa, public void com.romanceabroad.ui.BlogTests.testBlogTabIsDis...)</span>
                <span class="method-start">2445407 ms</span>
              </div> <!-- configuration-method before -->
              <div class="test-method">
                <span class="method-name">testBlogTabIsDisplayedIfElseTestCase4</span>
                <span class="method-start">2455009 ms</span>
              </div> <!-- test-method -->
              <div class="configuration-method after">
                <span class="method-name">afterActions</span>
                <span class="method-start">2455010 ms</span>
              </div> <!-- configuration-method after -->
          </div> <!-- main-panel-content rounded-window-bottom -->
        </div> <!-- panel -->
      </div> <!-- main-panel-root -->
    </div> <!-- wrapper -->
  </body>
<script type="text/javascript" src="testng-reports2.js"></script>
</html>
