<html>
<head>
<title>TestNG:  Chrome test cases</title>
<link href="../testng.css" rel="stylesheet" type="text/css" />
<link href="../my-testng.css" rel="stylesheet" type="text/css" />

<style type="text/css">
.log { display: none;} 
.stack-trace { display: none;} 
</style>
<script type="text/javascript">
<!--
function flip(e) {
  current = e.style.display;
  if (current == 'block') {
    e.style.display = 'none';
    return 0;
  }
  else {
    e.style.display = 'block';
    return 1;
  }
}

function toggleBox(szDivId, elem, msg1, msg2)
{
  var res = -1;  if (document.getElementById) {
    res = flip(document.getElementById(szDivId));
  }
  else if (document.all) {
    // this is the way old msie versions work
    res = flip(document.all[szDivId]);
  }
  if(elem) {
    if(res == 0) elem.innerHTML = msg1; else elem.innerHTML = msg2;
  }

}

function toggleAllBoxes() {
  if (document.getElementsByTagName) {
    d = document.getElementsByTagName('div');
    for (i = 0; i < d.length; i++) {
      if (d[i].className == 'log') {
        flip(d[i]);
      }
    }
  }
}

// -->
</script>

</head>
<body>
<h2 align='center'>Chrome test cases</h2><table border='1' align="center">
<tr>
<td>Tests passed/Failed/Skipped:</td><td>0/0/2</td>
</tr><tr>
<td>Started on:</td><td>Tue Jul 20 09:57:51 EDT 2021</td>
</tr>
<tr><td>Total time:</td><td>613 seconds (613027 ms)</td>
</tr><tr>
<td>Included groups:</td><td></td>
</tr><tr>
<td>Excluded groups:</td><td></td>
</tr>
</table><p/>
<small><i>(Hover the method name to see the test class name)</i></small><p/>
<table width='100%' border='1' class='invocation-failed'>
<tr><td colspan='4' align='center'><b>FAILED CONFIGURATIONS</b></td></tr>
<tr><td><b>Test method</b></td>
<td width="30%"><b>Exception</b></td>
<td width="10%"><b>Time (seconds)</b></td>
<td><b>Instance</b></td>
</tr>
<tr>
<td title='com.romanceabroad.ui.RegistrationTests2.setup()'><b>setup</b><br>Test class: com.romanceabroad.ui.RegistrationTests2<br>Parameters: chrome, web, Windows 10, 59.0, null, qa, public void com.romanceabroad.ui.RegistrationTests2.selectRandomDropDownListMaxAgeTestCase12(), org.testng.TestRunner@57abad67</td>
<td><div><pre>org.openqa.selenium.SessionNotCreatedException: session not created
from timeout: Timed out receiving message from renderer: 600.000
  (Session info: chrome=91.0.4472.124)
Build info: version: &apos;3.141.59&apos;, revision: &apos;e82be7d358&apos;, time: &apos;2018-11-14T08:17:03&apos;
System info: host: &apos;LAPTOP-6T1ITKLO&apos;, ip: &apos;192.168.1.6&apos;, os.name: &apos;Windows 10&apos;, os.arch: &apos;amd64&apos;, os.version: &apos;10.0&apos;, java.version: &apos;1.8.0_291&apos;
Driver info: driver.version: ChromeDriver
remote stacktrace: Backtrace:
	Ordinal0 [0x00BFC013+2474003]
	Ordinal0 [0x00B929C1+2042305]
	Ordinal0 [0x00AA2F68+1060712]
	Ordinal0 [0x00A95652+1005138]
	Ordinal0 [0x00A94258+1000024]
	Ordinal0 [0x00A93DA5+998821]
	Ordinal0 [0x00A9F164+1044836]
	Ordinal0 [0x00A93D31+998705]
	Ordinal0 [0x00A94FAF+1003439]
	Ordinal0 [0x00A94258+1000024]
	Ordinal0 [0x00A93DA5+998821]
	Ordinal0 [0x00A9CDDA+1035738]
	Ordinal0 [0x00A93D31+998705]
	Ordinal0 [0x00A94FAF+1003439]
	Ordinal0 [0x00A94258+1000024]
	Ordinal0 [0x00A93DA5+998821]
	Ordinal0 [0x00A9A929+1026345]
	Ordinal0 [0x00A93D31+998705]
	Ordinal0 [0x00A94FAF+1003439]
	Ordinal0 [0x00A94258+1000024]
	Ordinal0 [0x00A93DA5+998821]
	Ordinal0 [0x00A99DBC+1023420]
	Ordinal0 [0x00A93D31+998705]
	Ordinal0 [0x00A94FAF+1003439]
	Ordinal0 [0x00A94258+1000024]
	Ordinal0 [0x00A93DA5+998821]
	Ordinal0 [0x00A8FA5D+981597]
	Ordinal0 [0x00A93D31+998705]
	Ordinal0 [0x00A93A85+998021]
	Ordinal0 [0x00A93829+997417]
	Ordinal0 [0x00AA4090+1065104]
	Ordinal0 [0x00AEB798+1357720]
	Ordinal0 [0x00AE8FAA+1347498]
	Ordinal0 [0x00AE66DB+1337051]
	Ordinal0 [0x00AC3427+1192999]
	Ordinal0 [0x00AC42EE+1196782]
	Ordinal0 [0x00AC4279+1196665]
	GetHandleVerifier [0x00D896FC+1590332]
	GetHandleVerifier [0x00E38614+2306900]
	GetHandleVerifier [0x00C89E93+543699]
	GetHandleVerifier [0x00C892CE+540686]
	Ordinal0 [0x00B986BA+2066106]
	Ordinal0 [0x00B9D1C8+2085320]
	Ordinal0 [0x00B9D308+2085640]
	Ordinal0 [0x00BA67F3+2123763]
	BaseThreadInitThunk [0x750DFA29+25]
	RtlGetAppContainerNamedObjectPath [0x77277A7E+286]
	RtlGetAppContainerNamedObjectPath [0x77277A4E+238]

	at org.openqa.selenium.remote.W3CHandshakeResponse.lambda$errorHandler$0(W3CHandshakeResponse.java:62)
	at org.openqa.selenium.remote.HandshakeResponse.lambda$getResponseFunction$0(HandshakeResponse.java:30)
	at org.openqa.selenium.remote.ProtocolHandshake.lambda$createSession$0(ProtocolHandshake.java:126)
	at java.util.stream.ReferencePipeline$3$1.accept(ReferencePipeline.java:193)
	at java.util.Spliterators$ArraySpliterator.tryAdvance(Spliterators.java:958)
	at java.util.stream.ReferencePipeline.forEachWithCancel(ReferencePipeline.java:126)
	at java.util.stream.AbstractPipeline.copyIntoWithCancel(AbstractPipeline.java:499)
	at java.util.stream.AbstractPipeline.copyInto(AbstractPipeline.java:486)
	at java.util.stream.AbstractPipeline.wrapAndCopyInto(AbstractPipeline.java:472)
	at java.util.stream.FindOps$FindOp.evaluateSequential(FindOps.java:152)
	at java.util.stream.AbstractPipeline.evaluate(AbstractPipeline.java:234)
	at java.util.stream.ReferencePipeline.findFirst(ReferencePipeline.java:464)
	at org.openqa.selenium.remote.ProtocolHandshake.createSession(ProtocolHandshake.java:128)
	at org.openqa.selenium.remote.ProtocolHandshake.createSession(ProtocolHandshake.java:74)
	at org.openqa.selenium.remote.HttpCommandExecutor.execute(HttpCommandExecutor.java:136)
	at org.openqa.selenium.remote.service.DriverCommandExecutor.execute(DriverCommandExecutor.java:83)
	at org.openqa.selenium.remote.RemoteWebDriver.execute(RemoteWebDriver.java:552)
	at org.openqa.selenium.remote.RemoteWebDriver.startSession(RemoteWebDriver.java:213)
	at org.openqa.selenium.remote.RemoteWebDriver.&lt;init&gt;(RemoteWebDriver.java:131)
	at org.openqa.selenium.chrome.ChromeDriver.&lt;init&gt;(ChromeDriver.java:181)
	at org.openqa.selenium.chrome.ChromeDriver.&lt;init&gt;(ChromeDriver.java:168)
	at org.openqa.selenium.chrome.ChromeDriver.&lt;init&gt;(ChromeDriver.java:123)
	at com.romanceabroad.ui.BaseUI.setup(BaseUI.java:100)
	at java.util.ArrayList.forEach(ArrayList.java:1259)
... Removed 39 stack frames</pre></div><a href='#' onClick='toggleBox("stack-trace949057310", this, "Click to show all stack frames", "Click to hide stack frames")'>Click to show all stack frames</a>
<div class='stack-trace' id='stack-trace949057310'><pre>org.openqa.selenium.SessionNotCreatedException: session not created
from timeout: Timed out receiving message from renderer: 600.000
  (Session info: chrome=91.0.4472.124)
Build info: version: &apos;3.141.59&apos;, revision: &apos;e82be7d358&apos;, time: &apos;2018-11-14T08:17:03&apos;
System info: host: &apos;LAPTOP-6T1ITKLO&apos;, ip: &apos;192.168.1.6&apos;, os.name: &apos;Windows 10&apos;, os.arch: &apos;amd64&apos;, os.version: &apos;10.0&apos;, java.version: &apos;1.8.0_291&apos;
Driver info: driver.version: ChromeDriver
remote stacktrace: Backtrace:
	Ordinal0 [0x00BFC013+2474003]
	Ordinal0 [0x00B929C1+2042305]
	Ordinal0 [0x00AA2F68+1060712]
	Ordinal0 [0x00A95652+1005138]
	Ordinal0 [0x00A94258+1000024]
	Ordinal0 [0x00A93DA5+998821]
	Ordinal0 [0x00A9F164+1044836]
	Ordinal0 [0x00A93D31+998705]
	Ordinal0 [0x00A94FAF+1003439]
	Ordinal0 [0x00A94258+1000024]
	Ordinal0 [0x00A93DA5+998821]
	Ordinal0 [0x00A9CDDA+1035738]
	Ordinal0 [0x00A93D31+998705]
	Ordinal0 [0x00A94FAF+1003439]
	Ordinal0 [0x00A94258+1000024]
	Ordinal0 [0x00A93DA5+998821]
	Ordinal0 [0x00A9A929+1026345]
	Ordinal0 [0x00A93D31+998705]
	Ordinal0 [0x00A94FAF+1003439]
	Ordinal0 [0x00A94258+1000024]
	Ordinal0 [0x00A93DA5+998821]
	Ordinal0 [0x00A99DBC+1023420]
	Ordinal0 [0x00A93D31+998705]
	Ordinal0 [0x00A94FAF+1003439]
	Ordinal0 [0x00A94258+1000024]
	Ordinal0 [0x00A93DA5+998821]
	Ordinal0 [0x00A8FA5D+981597]
	Ordinal0 [0x00A93D31+998705]
	Ordinal0 [0x00A93A85+998021]
	Ordinal0 [0x00A93829+997417]
	Ordinal0 [0x00AA4090+1065104]
	Ordinal0 [0x00AEB798+1357720]
	Ordinal0 [0x00AE8FAA+1347498]
	Ordinal0 [0x00AE66DB+1337051]
	Ordinal0 [0x00AC3427+1192999]
	Ordinal0 [0x00AC42EE+1196782]
	Ordinal0 [0x00AC4279+1196665]
	GetHandleVerifier [0x00D896FC+1590332]
	GetHandleVerifier [0x00E38614+2306900]
	GetHandleVerifier [0x00C89E93+543699]
	GetHandleVerifier [0x00C892CE+540686]
	Ordinal0 [0x00B986BA+2066106]
	Ordinal0 [0x00B9D1C8+2085320]
	Ordinal0 [0x00B9D308+2085640]
	Ordinal0 [0x00BA67F3+2123763]
	BaseThreadInitThunk [0x750DFA29+25]
	RtlGetAppContainerNamedObjectPath [0x77277A7E+286]
	RtlGetAppContainerNamedObjectPath [0x77277A4E+238]

	at sun.reflect.NativeConstructorAccessorImpl.newInstance0(Native Method)
	at sun.reflect.NativeConstructorAccessorImpl.newInstance(NativeConstructorAccessorImpl.java:62)
	at sun.reflect.DelegatingConstructorAccessorImpl.newInstance(DelegatingConstructorAccessorImpl.java:45)
	at java.lang.reflect.Constructor.newInstance(Constructor.java:423)
	at org.openqa.selenium.remote.W3CHandshakeResponse.lambda$errorHandler$0(W3CHandshakeResponse.java:62)
	at org.openqa.selenium.remote.HandshakeResponse.lambda$getResponseFunction$0(HandshakeResponse.java:30)
	at org.openqa.selenium.remote.ProtocolHandshake.lambda$createSession$0(ProtocolHandshake.java:126)
	at java.util.stream.ReferencePipeline$3$1.accept(ReferencePipeline.java:193)
	at java.util.Spliterators$ArraySpliterator.tryAdvance(Spliterators.java:958)
	at java.util.stream.ReferencePipeline.forEachWithCancel(ReferencePipeline.java:126)
	at java.util.stream.AbstractPipeline.copyIntoWithCancel(AbstractPipeline.java:499)
	at java.util.stream.AbstractPipeline.copyInto(AbstractPipeline.java:486)
	at java.util.stream.AbstractPipeline.wrapAndCopyInto(AbstractPipeline.java:472)
	at java.util.stream.FindOps$FindOp.evaluateSequential(FindOps.java:152)
	at java.util.stream.AbstractPipeline.evaluate(AbstractPipeline.java:234)
	at java.util.stream.ReferencePipeline.findFirst(ReferencePipeline.java:464)
	at org.openqa.selenium.remote.ProtocolHandshake.createSession(ProtocolHandshake.java:128)
	at org.openqa.selenium.remote.ProtocolHandshake.createSession(ProtocolHandshake.java:74)
	at org.openqa.selenium.remote.HttpCommandExecutor.execute(HttpCommandExecutor.java:136)
	at org.openqa.selenium.remote.service.DriverCommandExecutor.execute(DriverCommandExecutor.java:83)
	at org.openqa.selenium.remote.RemoteWebDriver.execute(RemoteWebDriver.java:552)
	at org.openqa.selenium.remote.RemoteWebDriver.startSession(RemoteWebDriver.java:213)
	at org.openqa.selenium.remote.RemoteWebDriver.&lt;init&gt;(RemoteWebDriver.java:131)
	at org.openqa.selenium.chrome.ChromeDriver.&lt;init&gt;(ChromeDriver.java:181)
	at org.openqa.selenium.chrome.ChromeDriver.&lt;init&gt;(ChromeDriver.java:168)
	at org.openqa.selenium.chrome.ChromeDriver.&lt;init&gt;(ChromeDriver.java:123)
	at com.romanceabroad.ui.BaseUI.setup(BaseUI.java:100)
	at sun.reflect.NativeMethodAccessorImpl.invoke0(Native Method)
	at sun.reflect.NativeMethodAccessorImpl.invoke(NativeMethodAccessorImpl.java:62)
	at sun.reflect.DelegatingMethodAccessorImpl.invoke(DelegatingMethodAccessorImpl.java:43)
	at java.lang.reflect.Method.invoke(Method.java:498)
	at org.testng.internal.MethodInvocationHelper.invokeMethod(MethodInvocationHelper.java:133)
	at org.testng.internal.MethodInvocationHelper.invokeMethodConsideringTimeout(MethodInvocationHelper.java:62)
	at org.testng.internal.ConfigInvoker.invokeConfigurationMethod(ConfigInvoker.java:385)
	at org.testng.internal.ConfigInvoker.invokeConfigurations(ConfigInvoker.java:321)
	at org.testng.internal.TestInvoker.runConfigMethods(TestInvoker.java:700)
	at org.testng.internal.TestInvoker.invokeMethod(TestInvoker.java:527)
	at org.testng.internal.TestInvoker.invokeTestMethod(TestInvoker.java:173)
	at org.testng.internal.MethodRunner.runInSequence(MethodRunner.java:46)
	at org.testng.internal.TestInvoker$MethodInvocationAgent.invoke(TestInvoker.java:824)
	at org.testng.internal.TestInvoker.invokeTestMethods(TestInvoker.java:146)
	at org.testng.internal.TestMethodWorker.invokeTestMethods(TestMethodWorker.java:146)
	at org.testng.internal.TestMethodWorker.run(TestMethodWorker.java:128)
	at java.util.ArrayList.forEach(ArrayList.java:1259)
	at org.testng.TestRunner.privateRun(TestRunner.java:794)
	at org.testng.TestRunner.run(TestRunner.java:596)
	at org.testng.SuiteRunner.runTest(SuiteRunner.java:377)
	at org.testng.SuiteRunner.runSequentially(SuiteRunner.java:371)
	at org.testng.SuiteRunner.privateRun(SuiteRunner.java:332)
	at org.testng.SuiteRunner.run(SuiteRunner.java:276)
	at org.testng.SuiteRunnerWorker.runSuite(SuiteRunnerWorker.java:53)
	at org.testng.SuiteRunnerWorker.run(SuiteRunnerWorker.java:96)
	at org.testng.TestNG.runSuitesSequentially(TestNG.java:1212)
	at org.testng.TestNG.runSuitesLocally(TestNG.java:1134)
	at org.testng.TestNG.runSuites(TestNG.java:1063)
	at org.testng.TestNG.run(TestNG.java:1031)
	at org.apache.maven.surefire.testng.TestNGExecutor.run(TestNGExecutor.java:283)
	at org.apache.maven.surefire.testng.TestNGXmlTestSuite.execute(TestNGXmlTestSuite.java:75)
	at org.apache.maven.surefire.testng.TestNGProvider.invoke(TestNGProvider.java:120)
	at org.apache.maven.surefire.booter.ForkedBooter.invokeProviderInSameClassLoader(ForkedBooter.java:384)
	at org.apache.maven.surefire.booter.ForkedBooter.runSuitesInProcess(ForkedBooter.java:345)
	at org.apache.maven.surefire.booter.ForkedBooter.execute(ForkedBooter.java:126)
	at org.apache.maven.surefire.booter.ForkedBooter.main(ForkedBooter.java:418)
</pre></div></td>
<td>602</td>
<td>com.romanceabroad.ui.RegistrationTests2@35d176f7</td></tr>
</table><p>
<table width='100%' border='1' class='invocation-skipped'>
<tr><td colspan='4' align='center'><b>SKIPPED CONFIGURATIONS</b></td></tr>
<tr><td><b>Test method</b></td>
<td width="30%"><b>Exception</b></td>
<td width="10%"><b>Time (seconds)</b></td>
<td><b>Instance</b></td>
</tr>
<tr>
<td title='com.romanceabroad.ui.RegistrationTests2.afterActions()'><b>afterActions</b><br>Test class: com.romanceabroad.ui.RegistrationTests2</td>
<td></td>
<td>-1626790074</td>
<td>com.romanceabroad.ui.RegistrationTests2@35d176f7</td></tr>
<tr>
<td title='com.romanceabroad.ui.RegistrationTests2.afterActions()'><b>afterActions</b><br>Test class: com.romanceabroad.ui.RegistrationTests2</td>
<td></td>
<td>-1626790084</td>
<td>com.romanceabroad.ui.RegistrationTests2@35d176f7</td></tr>
</table><p>
<table width='100%' border='1' class='invocation-skipped'>
<tr><td colspan='4' align='center'><b>SKIPPED TESTS</b></td></tr>
<tr><td><b>Test method</b></td>
<td width="30%"><b>Exception</b></td>
<td width="10%"><b>Time (seconds)</b></td>
<td><b>Instance</b></td>
</tr>
<tr>
<td title='com.romanceabroad.ui.RegistrationTests2.selectRandomDropDownListMaxAgeTestCase12()'><b>selectRandomDropDownListMaxAgeTestCase12</b><br>Test class: com.romanceabroad.ui.RegistrationTests2</td>
<td><div><pre>org.openqa.selenium.SessionNotCreatedException: session not created
from timeout: Timed out receiving message from renderer: 600.000
  (Session info: chrome=91.0.4472.124)
Build info: version: &apos;3.141.59&apos;, revision: &apos;e82be7d358&apos;, time: &apos;2018-11-14T08:17:03&apos;
System info: host: &apos;LAPTOP-6T1ITKLO&apos;, ip: &apos;192.168.1.6&apos;, os.name: &apos;Windows 10&apos;, os.arch: &apos;amd64&apos;, os.version: &apos;10.0&apos;, java.version: &apos;1.8.0_291&apos;
Driver info: driver.version: ChromeDriver
remote stacktrace: Backtrace:
	Ordinal0 [0x00BFC013+2474003]
	Ordinal0 [0x00B929C1+2042305]
	Ordinal0 [0x00AA2F68+1060712]
	Ordinal0 [0x00A95652+1005138]
	Ordinal0 [0x00A94258+1000024]
	Ordinal0 [0x00A93DA5+998821]
	Ordinal0 [0x00A9F164+1044836]
	Ordinal0 [0x00A93D31+998705]
	Ordinal0 [0x00A94FAF+1003439]
	Ordinal0 [0x00A94258+1000024]
	Ordinal0 [0x00A93DA5+998821]
	Ordinal0 [0x00A9CDDA+1035738]
	Ordinal0 [0x00A93D31+998705]
	Ordinal0 [0x00A94FAF+1003439]
	Ordinal0 [0x00A94258+1000024]
	Ordinal0 [0x00A93DA5+998821]
	Ordinal0 [0x00A9A929+1026345]
	Ordinal0 [0x00A93D31+998705]
	Ordinal0 [0x00A94FAF+1003439]
	Ordinal0 [0x00A94258+1000024]
	Ordinal0 [0x00A93DA5+998821]
	Ordinal0 [0x00A99DBC+1023420]
	Ordinal0 [0x00A93D31+998705]
	Ordinal0 [0x00A94FAF+1003439]
	Ordinal0 [0x00A94258+1000024]
	Ordinal0 [0x00A93DA5+998821]
	Ordinal0 [0x00A8FA5D+981597]
	Ordinal0 [0x00A93D31+998705]
	Ordinal0 [0x00A93A85+998021]
	Ordinal0 [0x00A93829+997417]
	Ordinal0 [0x00AA4090+1065104]
	Ordinal0 [0x00AEB798+1357720]
	Ordinal0 [0x00AE8FAA+1347498]
	Ordinal0 [0x00AE66DB+1337051]
	Ordinal0 [0x00AC3427+1192999]
	Ordinal0 [0x00AC42EE+1196782]
	Ordinal0 [0x00AC4279+1196665]
	GetHandleVerifier [0x00D896FC+1590332]
	GetHandleVerifier [0x00E38614+2306900]
	GetHandleVerifier [0x00C89E93+543699]
	GetHandleVerifier [0x00C892CE+540686]
	Ordinal0 [0x00B986BA+2066106]
	Ordinal0 [0x00B9D1C8+2085320]
	Ordinal0 [0x00B9D308+2085640]
	Ordinal0 [0x00BA67F3+2123763]
	BaseThreadInitThunk [0x750DFA29+25]
	RtlGetAppContainerNamedObjectPath [0x77277A7E+286]
	RtlGetAppContainerNamedObjectPath [0x77277A4E+238]

	at org.openqa.selenium.remote.W3CHandshakeResponse.lambda$errorHandler$0(W3CHandshakeResponse.java:62)
	at org.openqa.selenium.remote.HandshakeResponse.lambda$getResponseFunction$0(HandshakeResponse.java:30)
	at org.openqa.selenium.remote.ProtocolHandshake.lambda$createSession$0(ProtocolHandshake.java:126)
	at java.util.stream.ReferencePipeline$3$1.accept(ReferencePipeline.java:193)
	at java.util.Spliterators$ArraySpliterator.tryAdvance(Spliterators.java:958)
	at java.util.stream.ReferencePipeline.forEachWithCancel(ReferencePipeline.java:126)
	at java.util.stream.AbstractPipeline.copyIntoWithCancel(AbstractPipeline.java:499)
	at java.util.stream.AbstractPipeline.copyInto(AbstractPipeline.java:486)
	at java.util.stream.AbstractPipeline.wrapAndCopyInto(AbstractPipeline.java:472)
	at java.util.stream.FindOps$FindOp.evaluateSequential(FindOps.java:152)
	at java.util.stream.AbstractPipeline.evaluate(AbstractPipeline.java:234)
	at java.util.stream.ReferencePipeline.findFirst(ReferencePipeline.java:464)
	at org.openqa.selenium.remote.ProtocolHandshake.createSession(ProtocolHandshake.java:128)
	at org.openqa.selenium.remote.ProtocolHandshake.createSession(ProtocolHandshake.java:74)
	at org.openqa.selenium.remote.HttpCommandExecutor.execute(HttpCommandExecutor.java:136)
	at org.openqa.selenium.remote.service.DriverCommandExecutor.execute(DriverCommandExecutor.java:83)
	at org.openqa.selenium.remote.RemoteWebDriver.execute(RemoteWebDriver.java:552)
	at org.openqa.selenium.remote.RemoteWebDriver.startSession(RemoteWebDriver.java:213)
	at org.openqa.selenium.remote.RemoteWebDriver.&lt;init&gt;(RemoteWebDriver.java:131)
	at org.openqa.selenium.chrome.ChromeDriver.&lt;init&gt;(ChromeDriver.java:181)
	at org.openqa.selenium.chrome.ChromeDriver.&lt;init&gt;(ChromeDriver.java:168)
	at org.openqa.selenium.chrome.ChromeDriver.&lt;init&gt;(ChromeDriver.java:123)
	at com.romanceabroad.ui.BaseUI.setup(BaseUI.java:100)
	at java.util.ArrayList.forEach(ArrayList.java:1259)
... Removed 39 stack frames</pre></div><a href='#' onClick='toggleBox("stack-trace1424698224", this, "Click to show all stack frames", "Click to hide stack frames")'>Click to show all stack frames</a>
<div class='stack-trace' id='stack-trace1424698224'><pre>org.openqa.selenium.SessionNotCreatedException: session not created
from timeout: Timed out receiving message from renderer: 600.000
  (Session info: chrome=91.0.4472.124)
Build info: version: &apos;3.141.59&apos;, revision: &apos;e82be7d358&apos;, time: &apos;2018-11-14T08:17:03&apos;
System info: host: &apos;LAPTOP-6T1ITKLO&apos;, ip: &apos;192.168.1.6&apos;, os.name: &apos;Windows 10&apos;, os.arch: &apos;amd64&apos;, os.version: &apos;10.0&apos;, java.version: &apos;1.8.0_291&apos;
Driver info: driver.version: ChromeDriver
remote stacktrace: Backtrace:
	Ordinal0 [0x00BFC013+2474003]
	Ordinal0 [0x00B929C1+2042305]
	Ordinal0 [0x00AA2F68+1060712]
	Ordinal0 [0x00A95652+1005138]
	Ordinal0 [0x00A94258+1000024]
	Ordinal0 [0x00A93DA5+998821]
	Ordinal0 [0x00A9F164+1044836]
	Ordinal0 [0x00A93D31+998705]
	Ordinal0 [0x00A94FAF+1003439]
	Ordinal0 [0x00A94258+1000024]
	Ordinal0 [0x00A93DA5+998821]
	Ordinal0 [0x00A9CDDA+1035738]
	Ordinal0 [0x00A93D31+998705]
	Ordinal0 [0x00A94FAF+1003439]
	Ordinal0 [0x00A94258+1000024]
	Ordinal0 [0x00A93DA5+998821]
	Ordinal0 [0x00A9A929+1026345]
	Ordinal0 [0x00A93D31+998705]
	Ordinal0 [0x00A94FAF+1003439]
	Ordinal0 [0x00A94258+1000024]
	Ordinal0 [0x00A93DA5+998821]
	Ordinal0 [0x00A99DBC+1023420]
	Ordinal0 [0x00A93D31+998705]
	Ordinal0 [0x00A94FAF+1003439]
	Ordinal0 [0x00A94258+1000024]
	Ordinal0 [0x00A93DA5+998821]
	Ordinal0 [0x00A8FA5D+981597]
	Ordinal0 [0x00A93D31+998705]
	Ordinal0 [0x00A93A85+998021]
	Ordinal0 [0x00A93829+997417]
	Ordinal0 [0x00AA4090+1065104]
	Ordinal0 [0x00AEB798+1357720]
	Ordinal0 [0x00AE8FAA+1347498]
	Ordinal0 [0x00AE66DB+1337051]
	Ordinal0 [0x00AC3427+1192999]
	Ordinal0 [0x00AC42EE+1196782]
	Ordinal0 [0x00AC4279+1196665]
	GetHandleVerifier [0x00D896FC+1590332]
	GetHandleVerifier [0x00E38614+2306900]
	GetHandleVerifier [0x00C89E93+543699]
	GetHandleVerifier [0x00C892CE+540686]
	Ordinal0 [0x00B986BA+2066106]
	Ordinal0 [0x00B9D1C8+2085320]
	Ordinal0 [0x00B9D308+2085640]
	Ordinal0 [0x00BA67F3+2123763]
	BaseThreadInitThunk [0x750DFA29+25]
	RtlGetAppContainerNamedObjectPath [0x77277A7E+286]
	RtlGetAppContainerNamedObjectPath [0x77277A4E+238]

	at sun.reflect.NativeConstructorAccessorImpl.newInstance0(Native Method)
	at sun.reflect.NativeConstructorAccessorImpl.newInstance(NativeConstructorAccessorImpl.java:62)
	at sun.reflect.DelegatingConstructorAccessorImpl.newInstance(DelegatingConstructorAccessorImpl.java:45)
	at java.lang.reflect.Constructor.newInstance(Constructor.java:423)
	at org.openqa.selenium.remote.W3CHandshakeResponse.lambda$errorHandler$0(W3CHandshakeResponse.java:62)
	at org.openqa.selenium.remote.HandshakeResponse.lambda$getResponseFunction$0(HandshakeResponse.java:30)
	at org.openqa.selenium.remote.ProtocolHandshake.lambda$createSession$0(ProtocolHandshake.java:126)
	at java.util.stream.ReferencePipeline$3$1.accept(ReferencePipeline.java:193)
	at java.util.Spliterators$ArraySpliterator.tryAdvance(Spliterators.java:958)
	at java.util.stream.ReferencePipeline.forEachWithCancel(ReferencePipeline.java:126)
	at java.util.stream.AbstractPipeline.copyIntoWithCancel(AbstractPipeline.java:499)
	at java.util.stream.AbstractPipeline.copyInto(AbstractPipeline.java:486)
	at java.util.stream.AbstractPipeline.wrapAndCopyInto(AbstractPipeline.java:472)
	at java.util.stream.FindOps$FindOp.evaluateSequential(FindOps.java:152)
	at java.util.stream.AbstractPipeline.evaluate(AbstractPipeline.java:234)
	at java.util.stream.ReferencePipeline.findFirst(ReferencePipeline.java:464)
	at org.openqa.selenium.remote.ProtocolHandshake.createSession(ProtocolHandshake.java:128)
	at org.openqa.selenium.remote.ProtocolHandshake.createSession(ProtocolHandshake.java:74)
	at org.openqa.selenium.remote.HttpCommandExecutor.execute(HttpCommandExecutor.java:136)
	at org.openqa.selenium.remote.service.DriverCommandExecutor.execute(DriverCommandExecutor.java:83)
	at org.openqa.selenium.remote.RemoteWebDriver.execute(RemoteWebDriver.java:552)
	at org.openqa.selenium.remote.RemoteWebDriver.startSession(RemoteWebDriver.java:213)
	at org.openqa.selenium.remote.RemoteWebDriver.&lt;init&gt;(RemoteWebDriver.java:131)
	at org.openqa.selenium.chrome.ChromeDriver.&lt;init&gt;(ChromeDriver.java:181)
	at org.openqa.selenium.chrome.ChromeDriver.&lt;init&gt;(ChromeDriver.java:168)
	at org.openqa.selenium.chrome.ChromeDriver.&lt;init&gt;(ChromeDriver.java:123)
	at com.romanceabroad.ui.BaseUI.setup(BaseUI.java:100)
	at sun.reflect.NativeMethodAccessorImpl.invoke0(Native Method)
	at sun.reflect.NativeMethodAccessorImpl.invoke(NativeMethodAccessorImpl.java:62)
	at sun.reflect.DelegatingMethodAccessorImpl.invoke(DelegatingMethodAccessorImpl.java:43)
	at java.lang.reflect.Method.invoke(Method.java:498)
	at org.testng.internal.MethodInvocationHelper.invokeMethod(MethodInvocationHelper.java:133)
	at org.testng.internal.MethodInvocationHelper.invokeMethodConsideringTimeout(MethodInvocationHelper.java:62)
	at org.testng.internal.ConfigInvoker.invokeConfigurationMethod(ConfigInvoker.java:385)
	at org.testng.internal.ConfigInvoker.invokeConfigurations(ConfigInvoker.java:321)
	at org.testng.internal.TestInvoker.runConfigMethods(TestInvoker.java:700)
	at org.testng.internal.TestInvoker.invokeMethod(TestInvoker.java:527)
	at org.testng.internal.TestInvoker.invokeTestMethod(TestInvoker.java:173)
	at org.testng.internal.MethodRunner.runInSequence(MethodRunner.java:46)
	at org.testng.internal.TestInvoker$MethodInvocationAgent.invoke(TestInvoker.java:824)
	at org.testng.internal.TestInvoker.invokeTestMethods(TestInvoker.java:146)
	at org.testng.internal.TestMethodWorker.invokeTestMethods(TestMethodWorker.java:146)
	at org.testng.internal.TestMethodWorker.run(TestMethodWorker.java:128)
	at java.util.ArrayList.forEach(ArrayList.java:1259)
	at org.testng.TestRunner.privateRun(TestRunner.java:794)
	at org.testng.TestRunner.run(TestRunner.java:596)
	at org.testng.SuiteRunner.runTest(SuiteRunner.java:377)
	at org.testng.SuiteRunner.runSequentially(SuiteRunner.java:371)
	at org.testng.SuiteRunner.privateRun(SuiteRunner.java:332)
	at org.testng.SuiteRunner.run(SuiteRunner.java:276)
	at org.testng.SuiteRunnerWorker.runSuite(SuiteRunnerWorker.java:53)
	at org.testng.SuiteRunnerWorker.run(SuiteRunnerWorker.java:96)
	at org.testng.TestNG.runSuitesSequentially(TestNG.java:1212)
	at org.testng.TestNG.runSuitesLocally(TestNG.java:1134)
	at org.testng.TestNG.runSuites(TestNG.java:1063)
	at org.testng.TestNG.run(TestNG.java:1031)
	at org.apache.maven.surefire.testng.TestNGExecutor.run(TestNGExecutor.java:283)
	at org.apache.maven.surefire.testng.TestNGXmlTestSuite.execute(TestNGXmlTestSuite.java:75)
	at org.apache.maven.surefire.testng.TestNGProvider.invoke(TestNGProvider.java:120)
	at org.apache.maven.surefire.booter.ForkedBooter.invokeProviderInSameClassLoader(ForkedBooter.java:384)
	at org.apache.maven.surefire.booter.ForkedBooter.runSuitesInProcess(ForkedBooter.java:345)
	at org.apache.maven.surefire.booter.ForkedBooter.execute(ForkedBooter.java:126)
	at org.apache.maven.surefire.booter.ForkedBooter.main(ForkedBooter.java:418)
</pre></div></td>
<td>0</td>
<td>com.romanceabroad.ui.RegistrationTests2@35d176f7</td></tr>
<tr>
<td title='com.romanceabroad.ui.RegistrationTests2.testRegistrationTestCase1()'><b>testRegistrationTestCase1</b><br>Test class: com.romanceabroad.ui.RegistrationTests2</td>
<td><div><pre>org.openqa.selenium.SessionNotCreatedException: session not created
from timeout: Timed out receiving message from renderer: 600.000
  (Session info: chrome=91.0.4472.124)
Build info: version: &apos;3.141.59&apos;, revision: &apos;e82be7d358&apos;, time: &apos;2018-11-14T08:17:03&apos;
System info: host: &apos;LAPTOP-6T1ITKLO&apos;, ip: &apos;192.168.1.6&apos;, os.name: &apos;Windows 10&apos;, os.arch: &apos;amd64&apos;, os.version: &apos;10.0&apos;, java.version: &apos;1.8.0_291&apos;
Driver info: driver.version: ChromeDriver
remote stacktrace: Backtrace:
	Ordinal0 [0x00BFC013+2474003]
	Ordinal0 [0x00B929C1+2042305]
	Ordinal0 [0x00AA2F68+1060712]
	Ordinal0 [0x00A95652+1005138]
	Ordinal0 [0x00A94258+1000024]
	Ordinal0 [0x00A93DA5+998821]
	Ordinal0 [0x00A9F164+1044836]
	Ordinal0 [0x00A93D31+998705]
	Ordinal0 [0x00A94FAF+1003439]
	Ordinal0 [0x00A94258+1000024]
	Ordinal0 [0x00A93DA5+998821]
	Ordinal0 [0x00A9CDDA+1035738]
	Ordinal0 [0x00A93D31+998705]
	Ordinal0 [0x00A94FAF+1003439]
	Ordinal0 [0x00A94258+1000024]
	Ordinal0 [0x00A93DA5+998821]
	Ordinal0 [0x00A9A929+1026345]
	Ordinal0 [0x00A93D31+998705]
	Ordinal0 [0x00A94FAF+1003439]
	Ordinal0 [0x00A94258+1000024]
	Ordinal0 [0x00A93DA5+998821]
	Ordinal0 [0x00A99DBC+1023420]
	Ordinal0 [0x00A93D31+998705]
	Ordinal0 [0x00A94FAF+1003439]
	Ordinal0 [0x00A94258+1000024]
	Ordinal0 [0x00A93DA5+998821]
	Ordinal0 [0x00A8FA5D+981597]
	Ordinal0 [0x00A93D31+998705]
	Ordinal0 [0x00A93A85+998021]
	Ordinal0 [0x00A93829+997417]
	Ordinal0 [0x00AA4090+1065104]
	Ordinal0 [0x00AEB798+1357720]
	Ordinal0 [0x00AE8FAA+1347498]
	Ordinal0 [0x00AE66DB+1337051]
	Ordinal0 [0x00AC3427+1192999]
	Ordinal0 [0x00AC42EE+1196782]
	Ordinal0 [0x00AC4279+1196665]
	GetHandleVerifier [0x00D896FC+1590332]
	GetHandleVerifier [0x00E38614+2306900]
	GetHandleVerifier [0x00C89E93+543699]
	GetHandleVerifier [0x00C892CE+540686]
	Ordinal0 [0x00B986BA+2066106]
	Ordinal0 [0x00B9D1C8+2085320]
	Ordinal0 [0x00B9D308+2085640]
	Ordinal0 [0x00BA67F3+2123763]
	BaseThreadInitThunk [0x750DFA29+25]
	RtlGetAppContainerNamedObjectPath [0x77277A7E+286]
	RtlGetAppContainerNamedObjectPath [0x77277A4E+238]

	at org.openqa.selenium.remote.W3CHandshakeResponse.lambda$errorHandler$0(W3CHandshakeResponse.java:62)
	at org.openqa.selenium.remote.HandshakeResponse.lambda$getResponseFunction$0(HandshakeResponse.java:30)
	at org.openqa.selenium.remote.ProtocolHandshake.lambda$createSession$0(ProtocolHandshake.java:126)
	at java.util.stream.ReferencePipeline$3$1.accept(ReferencePipeline.java:193)
	at java.util.Spliterators$ArraySpliterator.tryAdvance(Spliterators.java:958)
	at java.util.stream.ReferencePipeline.forEachWithCancel(ReferencePipeline.java:126)
	at java.util.stream.AbstractPipeline.copyIntoWithCancel(AbstractPipeline.java:499)
	at java.util.stream.AbstractPipeline.copyInto(AbstractPipeline.java:486)
	at java.util.stream.AbstractPipeline.wrapAndCopyInto(AbstractPipeline.java:472)
	at java.util.stream.FindOps$FindOp.evaluateSequential(FindOps.java:152)
	at java.util.stream.AbstractPipeline.evaluate(AbstractPipeline.java:234)
	at java.util.stream.ReferencePipeline.findFirst(ReferencePipeline.java:464)
	at org.openqa.selenium.remote.ProtocolHandshake.createSession(ProtocolHandshake.java:128)
	at org.openqa.selenium.remote.ProtocolHandshake.createSession(ProtocolHandshake.java:74)
	at org.openqa.selenium.remote.HttpCommandExecutor.execute(HttpCommandExecutor.java:136)
	at org.openqa.selenium.remote.service.DriverCommandExecutor.execute(DriverCommandExecutor.java:83)
	at org.openqa.selenium.remote.RemoteWebDriver.execute(RemoteWebDriver.java:552)
	at org.openqa.selenium.remote.RemoteWebDriver.startSession(RemoteWebDriver.java:213)
	at org.openqa.selenium.remote.RemoteWebDriver.&lt;init&gt;(RemoteWebDriver.java:131)
	at org.openqa.selenium.chrome.ChromeDriver.&lt;init&gt;(ChromeDriver.java:181)
	at org.openqa.selenium.chrome.ChromeDriver.&lt;init&gt;(ChromeDriver.java:168)
	at org.openqa.selenium.chrome.ChromeDriver.&lt;init&gt;(ChromeDriver.java:123)
	at com.romanceabroad.ui.BaseUI.setup(BaseUI.java:100)
	at java.util.ArrayList.forEach(ArrayList.java:1259)
... Removed 39 stack frames</pre></div><a href='#' onClick='toggleBox("stack-trace1916904573", this, "Click to show all stack frames", "Click to hide stack frames")'>Click to show all stack frames</a>
<div class='stack-trace' id='stack-trace1916904573'><pre>org.openqa.selenium.SessionNotCreatedException: session not created
from timeout: Timed out receiving message from renderer: 600.000
  (Session info: chrome=91.0.4472.124)
Build info: version: &apos;3.141.59&apos;, revision: &apos;e82be7d358&apos;, time: &apos;2018-11-14T08:17:03&apos;
System info: host: &apos;LAPTOP-6T1ITKLO&apos;, ip: &apos;192.168.1.6&apos;, os.name: &apos;Windows 10&apos;, os.arch: &apos;amd64&apos;, os.version: &apos;10.0&apos;, java.version: &apos;1.8.0_291&apos;
Driver info: driver.version: ChromeDriver
remote stacktrace: Backtrace:
	Ordinal0 [0x00BFC013+2474003]
	Ordinal0 [0x00B929C1+2042305]
	Ordinal0 [0x00AA2F68+1060712]
	Ordinal0 [0x00A95652+1005138]
	Ordinal0 [0x00A94258+1000024]
	Ordinal0 [0x00A93DA5+998821]
	Ordinal0 [0x00A9F164+1044836]
	Ordinal0 [0x00A93D31+998705]
	Ordinal0 [0x00A94FAF+1003439]
	Ordinal0 [0x00A94258+1000024]
	Ordinal0 [0x00A93DA5+998821]
	Ordinal0 [0x00A9CDDA+1035738]
	Ordinal0 [0x00A93D31+998705]
	Ordinal0 [0x00A94FAF+1003439]
	Ordinal0 [0x00A94258+1000024]
	Ordinal0 [0x00A93DA5+998821]
	Ordinal0 [0x00A9A929+1026345]
	Ordinal0 [0x00A93D31+998705]
	Ordinal0 [0x00A94FAF+1003439]
	Ordinal0 [0x00A94258+1000024]
	Ordinal0 [0x00A93DA5+998821]
	Ordinal0 [0x00A99DBC+1023420]
	Ordinal0 [0x00A93D31+998705]
	Ordinal0 [0x00A94FAF+1003439]
	Ordinal0 [0x00A94258+1000024]
	Ordinal0 [0x00A93DA5+998821]
	Ordinal0 [0x00A8FA5D+981597]
	Ordinal0 [0x00A93D31+998705]
	Ordinal0 [0x00A93A85+998021]
	Ordinal0 [0x00A93829+997417]
	Ordinal0 [0x00AA4090+1065104]
	Ordinal0 [0x00AEB798+1357720]
	Ordinal0 [0x00AE8FAA+1347498]
	Ordinal0 [0x00AE66DB+1337051]
	Ordinal0 [0x00AC3427+1192999]
	Ordinal0 [0x00AC42EE+1196782]
	Ordinal0 [0x00AC4279+1196665]
	GetHandleVerifier [0x00D896FC+1590332]
	GetHandleVerifier [0x00E38614+2306900]
	GetHandleVerifier [0x00C89E93+543699]
	GetHandleVerifier [0x00C892CE+540686]
	Ordinal0 [0x00B986BA+2066106]
	Ordinal0 [0x00B9D1C8+2085320]
	Ordinal0 [0x00B9D308+2085640]
	Ordinal0 [0x00BA67F3+2123763]
	BaseThreadInitThunk [0x750DFA29+25]
	RtlGetAppContainerNamedObjectPath [0x77277A7E+286]
	RtlGetAppContainerNamedObjectPath [0x77277A4E+238]

	at sun.reflect.NativeConstructorAccessorImpl.newInstance0(Native Method)
	at sun.reflect.NativeConstructorAccessorImpl.newInstance(NativeConstructorAccessorImpl.java:62)
	at sun.reflect.DelegatingConstructorAccessorImpl.newInstance(DelegatingConstructorAccessorImpl.java:45)
	at java.lang.reflect.Constructor.newInstance(Constructor.java:423)
	at org.openqa.selenium.remote.W3CHandshakeResponse.lambda$errorHandler$0(W3CHandshakeResponse.java:62)
	at org.openqa.selenium.remote.HandshakeResponse.lambda$getResponseFunction$0(HandshakeResponse.java:30)
	at org.openqa.selenium.remote.ProtocolHandshake.lambda$createSession$0(ProtocolHandshake.java:126)
	at java.util.stream.ReferencePipeline$3$1.accept(ReferencePipeline.java:193)
	at java.util.Spliterators$ArraySpliterator.tryAdvance(Spliterators.java:958)
	at java.util.stream.ReferencePipeline.forEachWithCancel(ReferencePipeline.java:126)
	at java.util.stream.AbstractPipeline.copyIntoWithCancel(AbstractPipeline.java:499)
	at java.util.stream.AbstractPipeline.copyInto(AbstractPipeline.java:486)
	at java.util.stream.AbstractPipeline.wrapAndCopyInto(AbstractPipeline.java:472)
	at java.util.stream.FindOps$FindOp.evaluateSequential(FindOps.java:152)
	at java.util.stream.AbstractPipeline.evaluate(AbstractPipeline.java:234)
	at java.util.stream.ReferencePipeline.findFirst(ReferencePipeline.java:464)
	at org.openqa.selenium.remote.ProtocolHandshake.createSession(ProtocolHandshake.java:128)
	at org.openqa.selenium.remote.ProtocolHandshake.createSession(ProtocolHandshake.java:74)
	at org.openqa.selenium.remote.HttpCommandExecutor.execute(HttpCommandExecutor.java:136)
	at org.openqa.selenium.remote.service.DriverCommandExecutor.execute(DriverCommandExecutor.java:83)
	at org.openqa.selenium.remote.RemoteWebDriver.execute(RemoteWebDriver.java:552)
	at org.openqa.selenium.remote.RemoteWebDriver.startSession(RemoteWebDriver.java:213)
	at org.openqa.selenium.remote.RemoteWebDriver.&lt;init&gt;(RemoteWebDriver.java:131)
	at org.openqa.selenium.chrome.ChromeDriver.&lt;init&gt;(ChromeDriver.java:181)
	at org.openqa.selenium.chrome.ChromeDriver.&lt;init&gt;(ChromeDriver.java:168)
	at org.openqa.selenium.chrome.ChromeDriver.&lt;init&gt;(ChromeDriver.java:123)
	at com.romanceabroad.ui.BaseUI.setup(BaseUI.java:100)
	at sun.reflect.NativeMethodAccessorImpl.invoke0(Native Method)
	at sun.reflect.NativeMethodAccessorImpl.invoke(NativeMethodAccessorImpl.java:62)
	at sun.reflect.DelegatingMethodAccessorImpl.invoke(DelegatingMethodAccessorImpl.java:43)
	at java.lang.reflect.Method.invoke(Method.java:498)
	at org.testng.internal.MethodInvocationHelper.invokeMethod(MethodInvocationHelper.java:133)
	at org.testng.internal.MethodInvocationHelper.invokeMethodConsideringTimeout(MethodInvocationHelper.java:62)
	at org.testng.internal.ConfigInvoker.invokeConfigurationMethod(ConfigInvoker.java:385)
	at org.testng.internal.ConfigInvoker.invokeConfigurations(ConfigInvoker.java:321)
	at org.testng.internal.TestInvoker.runConfigMethods(TestInvoker.java:700)
	at org.testng.internal.TestInvoker.invokeMethod(TestInvoker.java:527)
	at org.testng.internal.TestInvoker.invokeTestMethod(TestInvoker.java:173)
	at org.testng.internal.MethodRunner.runInSequence(MethodRunner.java:46)
	at org.testng.internal.TestInvoker$MethodInvocationAgent.invoke(TestInvoker.java:824)
	at org.testng.internal.TestInvoker.invokeTestMethods(TestInvoker.java:146)
	at org.testng.internal.TestMethodWorker.invokeTestMethods(TestMethodWorker.java:146)
	at org.testng.internal.TestMethodWorker.run(TestMethodWorker.java:128)
	at java.util.ArrayList.forEach(ArrayList.java:1259)
	at org.testng.TestRunner.privateRun(TestRunner.java:794)
	at org.testng.TestRunner.run(TestRunner.java:596)
	at org.testng.SuiteRunner.runTest(SuiteRunner.java:377)
	at org.testng.SuiteRunner.runSequentially(SuiteRunner.java:371)
	at org.testng.SuiteRunner.privateRun(SuiteRunner.java:332)
	at org.testng.SuiteRunner.run(SuiteRunner.java:276)
	at org.testng.SuiteRunnerWorker.runSuite(SuiteRunnerWorker.java:53)
	at org.testng.SuiteRunnerWorker.run(SuiteRunnerWorker.java:96)
	at org.testng.TestNG.runSuitesSequentially(TestNG.java:1212)
	at org.testng.TestNG.runSuitesLocally(TestNG.java:1134)
	at org.testng.TestNG.runSuites(TestNG.java:1063)
	at org.testng.TestNG.run(TestNG.java:1031)
	at org.apache.maven.surefire.testng.TestNGExecutor.run(TestNGExecutor.java:283)
	at org.apache.maven.surefire.testng.TestNGXmlTestSuite.execute(TestNGXmlTestSuite.java:75)
	at org.apache.maven.surefire.testng.TestNGProvider.invoke(TestNGProvider.java:120)
	at org.apache.maven.surefire.booter.ForkedBooter.invokeProviderInSameClassLoader(ForkedBooter.java:384)
	at org.apache.maven.surefire.booter.ForkedBooter.runSuitesInProcess(ForkedBooter.java:345)
	at org.apache.maven.surefire.booter.ForkedBooter.execute(ForkedBooter.java:126)
	at org.apache.maven.surefire.booter.ForkedBooter.main(ForkedBooter.java:418)
</pre></div></td>
<td>0</td>
<td>com.romanceabroad.ui.RegistrationTests2@35d176f7</td></tr>
</table><p>
</body>
</html>