<?xml version="1.0" encoding="UTF-8"?>
<!-- Generated by org.testng.reporters.JUnitXMLReporter -->
<testsuite hostname="LAPTOP-6T1ITKLO" ignored="0" name="Chrome test cases" tests="2" failures="0" timestamp="2021-07-20T10:08:04 EDT" time="613.027" errors="0">
  <testcase name="@BeforeMethod setup" time="602.948" classname="com.romanceabroad.ui.BaseUI">
    <failure type="org.openqa.selenium.SessionNotCreatedException" message="session not created
from timeout: Timed out receiving message from renderer: 600.000
  (Session info: chrome=91.0.4472.124)
Build info: version: &amp;apos;3.141.59&amp;apos;, revision: &amp;apos;e82be7d358&amp;apos;, time: &amp;apos;2018-11-14T08:17:03&amp;apos;
System info: host: &amp;apos;LAPTOP-6T1ITKLO&amp;apos;, ip: &amp;apos;192.168.1.6&amp;apos;, os.name: &amp;apos;Windows 10&amp;apos;, os.arch: &amp;apos;amd64&amp;apos;, os.version: &amp;apos;10.0&amp;apos;, java.version: &amp;apos;1.8.0_291&amp;apos;
Driver info: driver.version: ChromeDriver
remote stacktrace: Backtrace:
	Ordinal0 [0x00BFC013+2474003]
	Ordinal0 [0x00B929C1+2042305]
	Ordinal0 [0x00AA2F68+1060712]
	Ordinal0 [0x00A95652+1005138]
	Ordinal0 [0x00A94258+1000024]
	Ordinal0 [0x00A93DA5+998821]
	Ordinal0 [0x00A9F164+1044836]
	Ordinal0 [0x00A93D31+998705]
	Ordinal0 [0x00A94FAF+1003439]
	Ordinal0 [0x00A94258+1000024]
	Ordinal0 [0x00A93DA5+998821]
	Ordinal0 [0x00A9CDDA+1035738]
	Ordinal0 [0x00A93D31+998705]
	Ordinal0 [0x00A94FAF+1003439]
	Ordinal0 [0x00A94258+1000024]
	Ordinal0 [0x00A93DA5+998821]
	Ordinal0 [0x00A9A929+1026345]
	Ordinal0 [0x00A93D31+998705]
	Ordinal0 [0x00A94FAF+1003439]
	Ordinal0 [0x00A94258+1000024]
	Ordinal0 [0x00A93DA5+998821]
	Ordinal0 [0x00A99DBC+1023420]
	Ordinal0 [0x00A93D31+998705]
	Ordinal0 [0x00A94FAF+1003439]
	Ordinal0 [0x00A94258+1000024]
	Ordinal0 [0x00A93DA5+998821]
	Ordinal0 [0x00A8FA5D+981597]
	Ordinal0 [0x00A93D31+998705]
	Ordinal0 [0x00A93A85+998021]
	Ordinal0 [0x00A93829+997417]
	Ordinal0 [0x00AA4090+1065104]
	Ordinal0 [0x00AEB798+1357720]
	Ordinal0 [0x00AE8FAA+1347498]
	Ordinal0 [0x00AE66DB+1337051]
	Ordinal0 [0x00AC3427+1192999]
	Ordinal0 [0x00AC42EE+1196782]
	Ordinal0 [0x00AC4279+1196665]
	GetHandleVerifier [0x00D896FC+1590332]
	GetHandleVerifier [0x00E38614+2306900]
	GetHandleVerifier [0x00C89E93+543699]
	GetHandleVerifier [0x00C892CE+540686]
	Ordinal0 [0x00B986BA+2066106]
	Ordinal0 [0x00B9D1C8+2085320]
	Ordinal0 [0x00B9D308+2085640]
	Ordinal0 [0x00BA67F3+2123763]
	BaseThreadInitThunk [0x750DFA29+25]
	RtlGetAppContainerNamedObjectPath [0x77277A7E+286]
	RtlGetAppContainerNamedObjectPath [0x77277A4E+238]
">
      <![CDATA[org.openqa.selenium.SessionNotCreatedException: session not created
from timeout: Timed out receiving message from renderer: 600.000
  (Session info: chrome=91.0.4472.124)
Build info: version: '3.141.59', revision: 'e82be7d358', time: '2018-11-14T08:17:03'
System info: host: 'LAPTOP-6T1ITKLO', ip: '192.168.1.6', os.name: 'Windows 10', os.arch: 'amd64', os.version: '10.0', java.version: '1.8.0_291'
Driver info: driver.version: ChromeDriver
remote stacktrace: Backtrace:
Ordinal0 [0x00BFC013+2474003]
Ordinal0 [0x00B929C1+2042305]
Ordinal0 [0x00AA2F68+1060712]
Ordinal0 [0x00A95652+1005138]
Ordinal0 [0x00A94258+1000024]
Ordinal0 [0x00A93DA5+998821]
Ordinal0 [0x00A9F164+1044836]
Ordinal0 [0x00A93D31+998705]
Ordinal0 [0x00A94FAF+1003439]
Ordinal0 [0x00A94258+1000024]
Ordinal0 [0x00A93DA5+998821]
Ordinal0 [0x00A9CDDA+1035738]
Ordinal0 [0x00A93D31+998705]
Ordinal0 [0x00A94FAF+1003439]
Ordinal0 [0x00A94258+1000024]
Ordinal0 [0x00A93DA5+998821]
Ordinal0 [0x00A9A929+1026345]
Ordinal0 [0x00A93D31+998705]
Ordinal0 [0x00A94FAF+1003439]
Ordinal0 [0x00A94258+1000024]
Ordinal0 [0x00A93DA5+998821]
Ordinal0 [0x00A99DBC+1023420]
Ordinal0 [0x00A93D31+998705]
Ordinal0 [0x00A94FAF+1003439]
Ordinal0 [0x00A94258+1000024]
Ordinal0 [0x00A93DA5+998821]
Ordinal0 [0x00A8FA5D+981597]
Ordinal0 [0x00A93D31+998705]
Ordinal0 [0x00A93A85+998021]
Ordinal0 [0x00A93829+997417]
Ordinal0 [0x00AA4090+1065104]
Ordinal0 [0x00AEB798+1357720]
Ordinal0 [0x00AE8FAA+1347498]
Ordinal0 [0x00AE66DB+1337051]
Ordinal0 [0x00AC3427+1192999]
Ordinal0 [0x00AC42EE+1196782]
Ordinal0 [0x00AC4279+1196665]
GetHandleVerifier [0x00D896FC+1590332]
GetHandleVerifier [0x00E38614+2306900]
GetHandleVerifier [0x00C89E93+543699]
GetHandleVerifier [0x00C892CE+540686]
Ordinal0 [0x00B986BA+2066106]
Ordinal0 [0x00B9D1C8+2085320]
Ordinal0 [0x00B9D308+2085640]
Ordinal0 [0x00BA67F3+2123763]
BaseThreadInitThunk [0x750DFA29+25]
RtlGetAppContainerNamedObjectPath [0x77277A7E+286]
RtlGetAppContainerNamedObjectPath [0x77277A4E+238]

at org.openqa.selenium.remote.W3CHandshakeResponse.lambda$errorHandler$0(W3CHandshakeResponse.java:62)
at org.openqa.selenium.remote.HandshakeResponse.lambda$getResponseFunction$0(HandshakeResponse.java:30)
at org.openqa.selenium.remote.ProtocolHandshake.lambda$createSession$0(ProtocolHandshake.java:126)
at java.util.stream.ReferencePipeline$3$1.accept(ReferencePipeline.java:193)
at java.util.Spliterators$ArraySpliterator.tryAdvance(Spliterators.java:958)
at java.util.stream.ReferencePipeline.forEachWithCancel(ReferencePipeline.java:126)
at java.util.stream.AbstractPipeline.copyIntoWithCancel(AbstractPipeline.java:499)
at java.util.stream.AbstractPipeline.copyInto(AbstractPipeline.java:486)
at java.util.stream.AbstractPipeline.wrapAndCopyInto(AbstractPipeline.java:472)
at java.util.stream.FindOps$FindOp.evaluateSequential(FindOps.java:152)
at java.util.stream.AbstractPipeline.evaluate(AbstractPipeline.java:234)
at java.util.stream.ReferencePipeline.findFirst(ReferencePipeline.java:464)
at org.openqa.selenium.remote.ProtocolHandshake.createSession(ProtocolHandshake.java:128)
at org.openqa.selenium.remote.ProtocolHandshake.createSession(ProtocolHandshake.java:74)
at org.openqa.selenium.remote.HttpCommandExecutor.execute(HttpCommandExecutor.java:136)
at org.openqa.selenium.remote.service.DriverCommandExecutor.execute(DriverCommandExecutor.java:83)
at org.openqa.selenium.remote.RemoteWebDriver.execute(RemoteWebDriver.java:552)
at org.openqa.selenium.remote.RemoteWebDriver.startSession(RemoteWebDriver.java:213)
at org.openqa.selenium.remote.RemoteWebDriver.<init>(RemoteWebDriver.java:131)
at org.openqa.selenium.chrome.ChromeDriver.<init>(ChromeDriver.java:181)
at org.openqa.selenium.chrome.ChromeDriver.<init>(ChromeDriver.java:168)
at org.openqa.selenium.chrome.ChromeDriver.<init>(ChromeDriver.java:123)
at com.romanceabroad.ui.BaseUI.setup(BaseUI.java:100)
at java.util.ArrayList.forEach(ArrayList.java:1259)
... Removed 39 stack frames]]>
    </failure>
  </testcase> <!-- @BeforeMethod setup -->
  <testcase name="@AfterMethod afterActions" time="-1.62679007495E9" classname="com.romanceabroad.ui.BaseUI">
    <skipped/>
  </testcase> <!-- @AfterMethod afterActions -->
  <testcase name="@AfterMethod afterActions" time="-1.626790084938E9" classname="com.romanceabroad.ui.BaseUI">
    <skipped/>
  </testcase> <!-- @AfterMethod afterActions -->
  <testcase name="selectRandomDropDownListMaxAgeTestCase12" time="0.0" classname="com.romanceabroad.ui.RegistrationTests2">
    <skipped/>
  </testcase> <!-- selectRandomDropDownListMaxAgeTestCase12 -->
  <testcase name="testRegistrationTestCase1" time="0.0" classname="com.romanceabroad.ui.RegistrationTests2">
    <skipped/>
  </testcase> <!-- testRegistrationTestCase1 -->
</testsuite> <!-- Chrome test cases -->
