-------------------------------------------------------------------------------
Test set: TestSuite
-------------------------------------------------------------------------------
Tests run: 5, Failures: 3, Errors: 0, Skipped: 2, Time elapsed: 13.258 s <<< FAILURE! - in TestSuite
selectRandomDropDownListMaxAgeTestCase12(com.romanceabroad.ui.RegistrationTests2)  Time elapsed: 0.197 s  <<< FAILURE!
org.openqa.selenium.ElementNotInteractableException: 
element not interactable
  (Session info: headless chrome=91.0.4472.124)
Build info: version: '3.141.59', revision: 'e82be7d358', time: '2018-11-14T08:17:03'
System info: host: 'LAPTOP-6T1ITKLO', ip: '192.168.1.6', os.name: 'Windows 10', os.arch: 'amd64', os.version: '10.0', java.version: '1.8.0_291'
Driver info: org.openqa.selenium.remote.RemoteWebDriver
Capabilities {acceptInsecureCerts: false, browserName: chrome, browserVersion: 91.0.4472.124, chrome: {chromedriverVersion: 91.0.4472.101 (af52a90bf870..., userDataDir: C:\Users\Dana1\AppData\Loca...}, goog:chromeOptions: {debuggerAddress: localhost:52483}, javascriptEnabled: true, networkConnectionEnabled: false, pageLoadStrategy: normal, platform: WINDOWS, platformName: WINDOWS, proxy: Proxy(), setWindowRect: true, strictFileInteractability: false, timeouts: {implicit: 0, pageLoad: 300000, script: 30000}, unhandledPromptBehavior: dismiss and notify, webauthn:extension:largeBlob: true, webauthn:virtualAuthenticators: true, webdriver.remote.sessionid: 325480f8d87eb5b79aacf7d7ba9...}
Session ID: 325480f8d87eb5b79aacf7d7ba9c14ab
	at com.romanceabroad.ui.RegistrationTests2.selectRandomDropDownListMaxAgeTestCase12(RegistrationTests2.java:38)

testRegistration9(com.romanceabroad.ui.RegistrationTests2)  Time elapsed: 1.2 s  <<< FAILURE!
org.testng.internal.reflect.MethodMatcherException: 

[public void com.romanceabroad.ui.RegistrationTests2.testRegistration9(java.lang.String,java.lang.String)] has no parameters defined but was found to be using a data provider (either explicitly specified or inherited from class level annotation).
Data provider mismatch
Method: testRegistration9([Parameter{index=0, type=java.lang.String, declaredAnnotations=[]}, Parameter{index=1, type=java.lang.String, declaredAnnotations=[]}])
Arguments: [(java.lang.String) tester123@gmail.com,(java.lang.String) Tester12333123,(java.lang.Boolean) true]

setup(com.romanceabroad.ui.RegistrationTests2)  Time elapsed: 2.082 s  <<< FAILURE!
org.openqa.selenium.SessionNotCreatedException: 
Unable to find a matching set of capabilities
Build info: version: '3.141.59', revision: 'e82be7d358', time: '2018-11-14T08:25:53'
System info: host: 'LAPTOP-6T1ITKLO', ip: '192.168.1.6', os.name: 'Windows 10', os.arch: 'amd64', os.version: '10.0', java.version: '1.8.0_291'
Driver info: driver.version: unknown
remote stacktrace: 
Command duration or timeout: 847 milliseconds
Caused by: org.openqa.selenium.SessionNotCreatedException: 
Unable to find a matching set of capabilities
Build info: version: '3.141.59', revision: 'e82be7d358', time: '2018-11-14T08:25:53'
System info: host: 'LAPTOP-6T1ITKLO', ip: '192.168.1.6', os.name: 'Windows 10', os.arch: 'amd64', os.version: '10.0', java.version: '1.8.0_291'
Driver info: driver.version: unknown
remote stacktrace: 
Build info: version: '3.141.59', revision: 'e82be7d358', time: '2018-11-14T08:17:03'
System info: host: 'LAPTOP-6T1ITKLO', ip: '192.168.1.6', os.name: 'Windows 10', os.arch: 'amd64', os.version: '10.0', java.version: '1.8.0_291'
Driver info: driver.version: unknown

