<?xml version="1.0" encoding="UTF-8"?>
<!-- Generated by org.testng.reporters.JUnitXMLReporter -->
<testsuite hostname="LAPTOP-6T1ITKLO" ignored="0" name="Chrome test cases" tests="8" failures="0" timestamp="2021-07-20T13:53:01 EDT" time="2455.063" errors="0">
  <testcase name="@BeforeMethod setup" time="603.179" classname="com.romanceabroad.ui.BaseUI">
    <failure type="org.openqa.selenium.SessionNotCreatedException" message="session not created
from timeout: Timed out receiving message from renderer: 600.000
  (Session info: chrome=91.0.4472.124)
Build info: version: &amp;apos;3.141.59&amp;apos;, revision: &amp;apos;e82be7d358&amp;apos;, time: &amp;apos;2018-11-14T08:17:03&amp;apos;
System info: host: &amp;apos;LAPTOP-6T1ITKLO&amp;apos;, ip: &amp;apos;192.168.1.6&amp;apos;, os.name: &amp;apos;Windows 10&amp;apos;, os.arch: &amp;apos;amd64&amp;apos;, os.version: &amp;apos;10.0&amp;apos;, java.version: &amp;apos;1.8.0_291&amp;apos;
Driver info: driver.version: ChromeDriver
remote stacktrace: Backtrace:
	Ordinal0 [0x00C03733+2504499]
	Ordinal0 [0x00B9C401+2081793]
	Ordinal0 [0x00AA2628+1058344]
	Ordinal0 [0x00A94EBF+1003199]
	Ordinal0 [0x00A93EF9+999161]
	Ordinal0 [0x00A941B6+999862]
	Ordinal0 [0x00A93AA5+998053]
	Ordinal0 [0x00A9E6B4+1042100]
	Ordinal0 [0x00A93A61+997985]
	Ordinal0 [0x00A94986+1001862]
	Ordinal0 [0x00A93EF9+999161]
	Ordinal0 [0x00A941B6+999862]
	Ordinal0 [0x00A93AA5+998053]
	Ordinal0 [0x00A9C73A+1034042]
	Ordinal0 [0x00A93A61+997985]
	Ordinal0 [0x00A94986+1001862]
	Ordinal0 [0x00A93EF9+999161]
	Ordinal0 [0x00A941B6+999862]
	Ordinal0 [0x00A93AA5+998053]
	Ordinal0 [0x00A9A5E9+1025513]
	Ordinal0 [0x00A93A61+997985]
	Ordinal0 [0x00A94986+1001862]
	Ordinal0 [0x00A93EF9+999161]
	Ordinal0 [0x00A941B6+999862]
	Ordinal0 [0x00A93AA5+998053]
	Ordinal0 [0x00A9990C+1022220]
	Ordinal0 [0x00A93A61+997985]
	Ordinal0 [0x00A94986+1001862]
	Ordinal0 [0x00A93EF9+999161]
	Ordinal0 [0x00A941B6+999862]
	Ordinal0 [0x00A93AA5+998053]
	Ordinal0 [0x00A8F5DD+980445]
	Ordinal0 [0x00A93A61+997985]
	Ordinal0 [0x00A93800+997376]
	Ordinal0 [0x00A93599+996761]
	Ordinal0 [0x00AA3830+1062960]
	Ordinal0 [0x00AEABB9+1354681]
	Ordinal0 [0x00AE97DA+1349594]
	Ordinal0 [0x00AE5D4B+1334603]
	Ordinal0 [0x00AC22B4+1188532]
	Ordinal0 [0x00AC3149+1192265]
	GetHandleVerifier [0x00D7FB8C+1512252]
	GetHandleVerifier [0x00E2B0DF+2214031]
	GetHandleVerifier [0x00C84BC3+484211]
	GetHandleVerifier [0x00C83E69+480793]
	Ordinal0 [0x00BA218D+2105741]
	Ordinal0 [0x00BA66E8+2123496]
	Ordinal0 [0x00BA6827+2123815]
	Ordinal0 [0x00BAFB73+2161523]
	BaseThreadInitThunk [0x750DFA29+25]
	RtlGetAppContainerNamedObjectPath [0x77277A7E+286]
	RtlGetAppContainerNamedObjectPath [0x77277A4E+238]
">
      <![CDATA[org.openqa.selenium.SessionNotCreatedException: session not created
from timeout: Timed out receiving message from renderer: 600.000
  (Session info: chrome=91.0.4472.124)
Build info: version: '3.141.59', revision: 'e82be7d358', time: '2018-11-14T08:17:03'
System info: host: 'LAPTOP-6T1ITKLO', ip: '192.168.1.6', os.name: 'Windows 10', os.arch: 'amd64', os.version: '10.0', java.version: '1.8.0_291'
Driver info: driver.version: ChromeDriver
remote stacktrace: Backtrace:
Ordinal0 [0x00C03733+2504499]
Ordinal0 [0x00B9C401+2081793]
Ordinal0 [0x00AA2628+1058344]
Ordinal0 [0x00A94EBF+1003199]
Ordinal0 [0x00A93EF9+999161]
Ordinal0 [0x00A941B6+999862]
Ordinal0 [0x00A93AA5+998053]
Ordinal0 [0x00A9E6B4+1042100]
Ordinal0 [0x00A93A61+997985]
Ordinal0 [0x00A94986+1001862]
Ordinal0 [0x00A93EF9+999161]
Ordinal0 [0x00A941B6+999862]
Ordinal0 [0x00A93AA5+998053]
Ordinal0 [0x00A9C73A+1034042]
Ordinal0 [0x00A93A61+997985]
Ordinal0 [0x00A94986+1001862]
Ordinal0 [0x00A93EF9+999161]
Ordinal0 [0x00A941B6+999862]
Ordinal0 [0x00A93AA5+998053]
Ordinal0 [0x00A9A5E9+1025513]
Ordinal0 [0x00A93A61+997985]
Ordinal0 [0x00A94986+1001862]
Ordinal0 [0x00A93EF9+999161]
Ordinal0 [0x00A941B6+999862]
Ordinal0 [0x00A93AA5+998053]
Ordinal0 [0x00A9990C+1022220]
Ordinal0 [0x00A93A61+997985]
Ordinal0 [0x00A94986+1001862]
Ordinal0 [0x00A93EF9+999161]
Ordinal0 [0x00A941B6+999862]
Ordinal0 [0x00A93AA5+998053]
Ordinal0 [0x00A8F5DD+980445]
Ordinal0 [0x00A93A61+997985]
Ordinal0 [0x00A93800+997376]
Ordinal0 [0x00A93599+996761]
Ordinal0 [0x00AA3830+1062960]
Ordinal0 [0x00AEABB9+1354681]
Ordinal0 [0x00AE97DA+1349594]
Ordinal0 [0x00AE5D4B+1334603]
Ordinal0 [0x00AC22B4+1188532]
Ordinal0 [0x00AC3149+1192265]
GetHandleVerifier [0x00D7FB8C+1512252]
GetHandleVerifier [0x00E2B0DF+2214031]
GetHandleVerifier [0x00C84BC3+484211]
GetHandleVerifier [0x00C83E69+480793]
Ordinal0 [0x00BA218D+2105741]
Ordinal0 [0x00BA66E8+2123496]
Ordinal0 [0x00BA6827+2123815]
Ordinal0 [0x00BAFB73+2161523]
BaseThreadInitThunk [0x750DFA29+25]
RtlGetAppContainerNamedObjectPath [0x77277A7E+286]
RtlGetAppContainerNamedObjectPath [0x77277A4E+238]

at org.openqa.selenium.remote.W3CHandshakeResponse.lambda$errorHandler$0(W3CHandshakeResponse.java:62)
at org.openqa.selenium.remote.HandshakeResponse.lambda$getResponseFunction$0(HandshakeResponse.java:30)
at org.openqa.selenium.remote.ProtocolHandshake.lambda$createSession$0(ProtocolHandshake.java:126)
at java.util.stream.ReferencePipeline$3$1.accept(ReferencePipeline.java:193)
at java.util.Spliterators$ArraySpliterator.tryAdvance(Spliterators.java:958)
at java.util.stream.ReferencePipeline.forEachWithCancel(ReferencePipeline.java:126)
at java.util.stream.AbstractPipeline.copyIntoWithCancel(AbstractPipeline.java:499)
at java.util.stream.AbstractPipeline.copyInto(AbstractPipeline.java:486)
at java.util.stream.AbstractPipeline.wrapAndCopyInto(AbstractPipeline.java:472)
at java.util.stream.FindOps$FindOp.evaluateSequential(FindOps.java:152)
at java.util.stream.AbstractPipeline.evaluate(AbstractPipeline.java:234)
at java.util.stream.ReferencePipeline.findFirst(ReferencePipeline.java:464)
at org.openqa.selenium.remote.ProtocolHandshake.createSession(ProtocolHandshake.java:128)
at org.openqa.selenium.remote.ProtocolHandshake.createSession(ProtocolHandshake.java:74)
at org.openqa.selenium.remote.HttpCommandExecutor.execute(HttpCommandExecutor.java:136)
at org.openqa.selenium.remote.service.DriverCommandExecutor.execute(DriverCommandExecutor.java:83)
at org.openqa.selenium.remote.RemoteWebDriver.execute(RemoteWebDriver.java:552)
at org.openqa.selenium.remote.RemoteWebDriver.startSession(RemoteWebDriver.java:213)
at org.openqa.selenium.remote.RemoteWebDriver.<init>(RemoteWebDriver.java:131)
at org.openqa.selenium.chrome.ChromeDriver.<init>(ChromeDriver.java:181)
at org.openqa.selenium.chrome.ChromeDriver.<init>(ChromeDriver.java:168)
at org.openqa.selenium.chrome.ChromeDriver.<init>(ChromeDriver.java:123)
at com.romanceabroad.ui.BaseUI.setup(BaseUI.java:100)
at java.util.ArrayList.forEach(ArrayList.java:1259)
... Removed 39 stack frames]]>
    </failure>
  </testcase> <!-- @BeforeMethod setup -->
  <testcase name="@AfterMethod afterActions" time="-1.626801729704E9" classname="com.romanceabroad.ui.BaseUI">
    <skipped/>
  </testcase> <!-- @AfterMethod afterActions -->
  <testcase name="@BeforeMethod setup" time="602.49" classname="com.romanceabroad.ui.BaseUI">
    <failure type="org.openqa.selenium.SessionNotCreatedException" message="session not created
from timeout: Timed out receiving message from renderer: 600.000
  (Session info: chrome=91.0.4472.124)
Build info: version: &amp;apos;3.141.59&amp;apos;, revision: &amp;apos;e82be7d358&amp;apos;, time: &amp;apos;2018-11-14T08:17:03&amp;apos;
System info: host: &amp;apos;LAPTOP-6T1ITKLO&amp;apos;, ip: &amp;apos;192.168.1.6&amp;apos;, os.name: &amp;apos;Windows 10&amp;apos;, os.arch: &amp;apos;amd64&amp;apos;, os.version: &amp;apos;10.0&amp;apos;, java.version: &amp;apos;1.8.0_291&amp;apos;
Driver info: driver.version: ChromeDriver
remote stacktrace: Backtrace:
	Ordinal0 [0x00C03733+2504499]
	Ordinal0 [0x00B9C401+2081793]
	Ordinal0 [0x00AA2628+1058344]
	Ordinal0 [0x00A94EBF+1003199]
	Ordinal0 [0x00A93EF9+999161]
	Ordinal0 [0x00A941B6+999862]
	Ordinal0 [0x00A93AA5+998053]
	Ordinal0 [0x00A9A6DD+1025757]
	Ordinal0 [0x00A93A61+997985]
	Ordinal0 [0x00A94986+1001862]
	Ordinal0 [0x00A93EF9+999161]
	Ordinal0 [0x00A941B6+999862]
	Ordinal0 [0x00A93AA5+998053]
	Ordinal0 [0x00A9990C+1022220]
	Ordinal0 [0x00A93A61+997985]
	Ordinal0 [0x00A94986+1001862]
	Ordinal0 [0x00A93EF9+999161]
	Ordinal0 [0x00A941B6+999862]
	Ordinal0 [0x00A93AA5+998053]
	Ordinal0 [0x00A8F5DD+980445]
	Ordinal0 [0x00A93A61+997985]
	Ordinal0 [0x00A93800+997376]
	Ordinal0 [0x00A93599+996761]
	Ordinal0 [0x00AA3830+1062960]
	Ordinal0 [0x00AEABB9+1354681]
	Ordinal0 [0x00AE97DA+1349594]
	Ordinal0 [0x00AE5D4B+1334603]
	Ordinal0 [0x00AC22B4+1188532]
	Ordinal0 [0x00AC3149+1192265]
	GetHandleVerifier [0x00D7FB8C+1512252]
	GetHandleVerifier [0x00E2B0DF+2214031]
	GetHandleVerifier [0x00C84BC3+484211]
	GetHandleVerifier [0x00C83E69+480793]
	Ordinal0 [0x00BA218D+2105741]
	Ordinal0 [0x00BA66E8+2123496]
	Ordinal0 [0x00BA6827+2123815]
	Ordinal0 [0x00BAFB73+2161523]
	BaseThreadInitThunk [0x750DFA29+25]
	RtlGetAppContainerNamedObjectPath [0x77277A7E+286]
	RtlGetAppContainerNamedObjectPath [0x77277A4E+238]
">
      <![CDATA[org.openqa.selenium.SessionNotCreatedException: session not created
from timeout: Timed out receiving message from renderer: 600.000
  (Session info: chrome=91.0.4472.124)
Build info: version: '3.141.59', revision: 'e82be7d358', time: '2018-11-14T08:17:03'
System info: host: 'LAPTOP-6T1ITKLO', ip: '192.168.1.6', os.name: 'Windows 10', os.arch: 'amd64', os.version: '10.0', java.version: '1.8.0_291'
Driver info: driver.version: ChromeDriver
remote stacktrace: Backtrace:
Ordinal0 [0x00C03733+2504499]
Ordinal0 [0x00B9C401+2081793]
Ordinal0 [0x00AA2628+1058344]
Ordinal0 [0x00A94EBF+1003199]
Ordinal0 [0x00A93EF9+999161]
Ordinal0 [0x00A941B6+999862]
Ordinal0 [0x00A93AA5+998053]
Ordinal0 [0x00A9A6DD+1025757]
Ordinal0 [0x00A93A61+997985]
Ordinal0 [0x00A94986+1001862]
Ordinal0 [0x00A93EF9+999161]
Ordinal0 [0x00A941B6+999862]
Ordinal0 [0x00A93AA5+998053]
Ordinal0 [0x00A9990C+1022220]
Ordinal0 [0x00A93A61+997985]
Ordinal0 [0x00A94986+1001862]
Ordinal0 [0x00A93EF9+999161]
Ordinal0 [0x00A941B6+999862]
Ordinal0 [0x00A93AA5+998053]
Ordinal0 [0x00A8F5DD+980445]
Ordinal0 [0x00A93A61+997985]
Ordinal0 [0x00A93800+997376]
Ordinal0 [0x00A93599+996761]
Ordinal0 [0x00AA3830+1062960]
Ordinal0 [0x00AEABB9+1354681]
Ordinal0 [0x00AE97DA+1349594]
Ordinal0 [0x00AE5D4B+1334603]
Ordinal0 [0x00AC22B4+1188532]
Ordinal0 [0x00AC3149+1192265]
GetHandleVerifier [0x00D7FB8C+1512252]
GetHandleVerifier [0x00E2B0DF+2214031]
GetHandleVerifier [0x00C84BC3+484211]
GetHandleVerifier [0x00C83E69+480793]
Ordinal0 [0x00BA218D+2105741]
Ordinal0 [0x00BA66E8+2123496]
Ordinal0 [0x00BA6827+2123815]
Ordinal0 [0x00BAFB73+2161523]
BaseThreadInitThunk [0x750DFA29+25]
RtlGetAppContainerNamedObjectPath [0x77277A7E+286]
RtlGetAppContainerNamedObjectPath [0x77277A4E+238]

at org.openqa.selenium.remote.W3CHandshakeResponse.lambda$errorHandler$0(W3CHandshakeResponse.java:62)
at org.openqa.selenium.remote.HandshakeResponse.lambda$getResponseFunction$0(HandshakeResponse.java:30)
at org.openqa.selenium.remote.ProtocolHandshake.lambda$createSession$0(ProtocolHandshake.java:126)
at java.util.stream.ReferencePipeline$3$1.accept(ReferencePipeline.java:193)
at java.util.Spliterators$ArraySpliterator.tryAdvance(Spliterators.java:958)
at java.util.stream.ReferencePipeline.forEachWithCancel(ReferencePipeline.java:126)
at java.util.stream.AbstractPipeline.copyIntoWithCancel(AbstractPipeline.java:499)
at java.util.stream.AbstractPipeline.copyInto(AbstractPipeline.java:486)
at java.util.stream.AbstractPipeline.wrapAndCopyInto(AbstractPipeline.java:472)
at java.util.stream.FindOps$FindOp.evaluateSequential(FindOps.java:152)
at java.util.stream.AbstractPipeline.evaluate(AbstractPipeline.java:234)
at java.util.stream.ReferencePipeline.findFirst(ReferencePipeline.java:464)
at org.openqa.selenium.remote.ProtocolHandshake.createSession(ProtocolHandshake.java:128)
at org.openqa.selenium.remote.ProtocolHandshake.createSession(ProtocolHandshake.java:74)
at org.openqa.selenium.remote.HttpCommandExecutor.execute(HttpCommandExecutor.java:136)
at org.openqa.selenium.remote.service.DriverCommandExecutor.execute(DriverCommandExecutor.java:83)
at org.openqa.selenium.remote.RemoteWebDriver.execute(RemoteWebDriver.java:552)
at org.openqa.selenium.remote.RemoteWebDriver.startSession(RemoteWebDriver.java:213)
at org.openqa.selenium.remote.RemoteWebDriver.<init>(RemoteWebDriver.java:131)
at org.openqa.selenium.chrome.ChromeDriver.<init>(ChromeDriver.java:181)
at org.openqa.selenium.chrome.ChromeDriver.<init>(ChromeDriver.java:168)
at org.openqa.selenium.chrome.ChromeDriver.<init>(ChromeDriver.java:123)
at com.romanceabroad.ui.BaseUI.setup(BaseUI.java:100)
at java.util.ArrayList.forEach(ArrayList.java:1259)
... Removed 39 stack frames]]>
    </failure>
  </testcase> <!-- @BeforeMethod setup -->
  <testcase name="@AfterMethod afterActions" time="-1.626802332896E9" classname="com.romanceabroad.ui.BaseUI">
    <skipped/>
  </testcase> <!-- @AfterMethod afterActions -->
  <testcase name="@BeforeMethod setup" time="602.369" classname="com.romanceabroad.ui.BaseUI">
    <failure type="org.openqa.selenium.SessionNotCreatedException" message="session not created
from timeout: Timed out receiving message from renderer: 600.000
  (Session info: chrome=91.0.4472.124)
Build info: version: &amp;apos;3.141.59&amp;apos;, revision: &amp;apos;e82be7d358&amp;apos;, time: &amp;apos;2018-11-14T08:17:03&amp;apos;
System info: host: &amp;apos;LAPTOP-6T1ITKLO&amp;apos;, ip: &amp;apos;192.168.1.6&amp;apos;, os.name: &amp;apos;Windows 10&amp;apos;, os.arch: &amp;apos;amd64&amp;apos;, os.version: &amp;apos;10.0&amp;apos;, java.version: &amp;apos;1.8.0_291&amp;apos;
Driver info: driver.version: ChromeDriver
remote stacktrace: Backtrace:
	Ordinal0 [0x00C03733+2504499]
	Ordinal0 [0x00B9C401+2081793]
	Ordinal0 [0x00AA2628+1058344]
	Ordinal0 [0x00A94EBF+1003199]
	Ordinal0 [0x00A93EF9+999161]
	Ordinal0 [0x00A941B6+999862]
	Ordinal0 [0x00A93AA5+998053]
	Ordinal0 [0x00A9A6DD+1025757]
	Ordinal0 [0x00A93A61+997985]
	Ordinal0 [0x00A94986+1001862]
	Ordinal0 [0x00A93EF9+999161]
	Ordinal0 [0x00A941B6+999862]
	Ordinal0 [0x00A93AA5+998053]
	Ordinal0 [0x00A9990C+1022220]
	Ordinal0 [0x00A93A61+997985]
	Ordinal0 [0x00A94986+1001862]
	Ordinal0 [0x00A93EF9+999161]
	Ordinal0 [0x00A941B6+999862]
	Ordinal0 [0x00A93AA5+998053]
	Ordinal0 [0x00A8F5DD+980445]
	Ordinal0 [0x00A93A61+997985]
	Ordinal0 [0x00A93800+997376]
	Ordinal0 [0x00A93599+996761]
	Ordinal0 [0x00AA3830+1062960]
	Ordinal0 [0x00AEABB9+1354681]
	Ordinal0 [0x00AE97DA+1349594]
	Ordinal0 [0x00AE5D4B+1334603]
	Ordinal0 [0x00AC22B4+1188532]
	Ordinal0 [0x00AC3149+1192265]
	GetHandleVerifier [0x00D7FB8C+1512252]
	GetHandleVerifier [0x00E2B0DF+2214031]
	GetHandleVerifier [0x00C84BC3+484211]
	GetHandleVerifier [0x00C83E69+480793]
	Ordinal0 [0x00BA218D+2105741]
	Ordinal0 [0x00BA66E8+2123496]
	Ordinal0 [0x00BA6827+2123815]
	Ordinal0 [0x00BAFB73+2161523]
	BaseThreadInitThunk [0x750DFA29+25]
	RtlGetAppContainerNamedObjectPath [0x77277A7E+286]
	RtlGetAppContainerNamedObjectPath [0x77277A4E+238]
">
      <![CDATA[org.openqa.selenium.SessionNotCreatedException: session not created
from timeout: Timed out receiving message from renderer: 600.000
  (Session info: chrome=91.0.4472.124)
Build info: version: '3.141.59', revision: 'e82be7d358', time: '2018-11-14T08:17:03'
System info: host: 'LAPTOP-6T1ITKLO', ip: '192.168.1.6', os.name: 'Windows 10', os.arch: 'amd64', os.version: '10.0', java.version: '1.8.0_291'
Driver info: driver.version: ChromeDriver
remote stacktrace: Backtrace:
Ordinal0 [0x00C03733+2504499]
Ordinal0 [0x00B9C401+2081793]
Ordinal0 [0x00AA2628+1058344]
Ordinal0 [0x00A94EBF+1003199]
Ordinal0 [0x00A93EF9+999161]
Ordinal0 [0x00A941B6+999862]
Ordinal0 [0x00A93AA5+998053]
Ordinal0 [0x00A9A6DD+1025757]
Ordinal0 [0x00A93A61+997985]
Ordinal0 [0x00A94986+1001862]
Ordinal0 [0x00A93EF9+999161]
Ordinal0 [0x00A941B6+999862]
Ordinal0 [0x00A93AA5+998053]
Ordinal0 [0x00A9990C+1022220]
Ordinal0 [0x00A93A61+997985]
Ordinal0 [0x00A94986+1001862]
Ordinal0 [0x00A93EF9+999161]
Ordinal0 [0x00A941B6+999862]
Ordinal0 [0x00A93AA5+998053]
Ordinal0 [0x00A8F5DD+980445]
Ordinal0 [0x00A93A61+997985]
Ordinal0 [0x00A93800+997376]
Ordinal0 [0x00A93599+996761]
Ordinal0 [0x00AA3830+1062960]
Ordinal0 [0x00AEABB9+1354681]
Ordinal0 [0x00AE97DA+1349594]
Ordinal0 [0x00AE5D4B+1334603]
Ordinal0 [0x00AC22B4+1188532]
Ordinal0 [0x00AC3149+1192265]
GetHandleVerifier [0x00D7FB8C+1512252]
GetHandleVerifier [0x00E2B0DF+2214031]
GetHandleVerifier [0x00C84BC3+484211]
GetHandleVerifier [0x00C83E69+480793]
Ordinal0 [0x00BA218D+2105741]
Ordinal0 [0x00BA66E8+2123496]
Ordinal0 [0x00BA6827+2123815]
Ordinal0 [0x00BAFB73+2161523]
BaseThreadInitThunk [0x750DFA29+25]
RtlGetAppContainerNamedObjectPath [0x77277A7E+286]
RtlGetAppContainerNamedObjectPath [0x77277A4E+238]

at org.openqa.selenium.remote.W3CHandshakeResponse.lambda$errorHandler$0(W3CHandshakeResponse.java:62)
at org.openqa.selenium.remote.HandshakeResponse.lambda$getResponseFunction$0(HandshakeResponse.java:30)
at org.openqa.selenium.remote.ProtocolHandshake.lambda$createSession$0(ProtocolHandshake.java:126)
at java.util.stream.ReferencePipeline$3$1.accept(ReferencePipeline.java:193)
at java.util.Spliterators$ArraySpliterator.tryAdvance(Spliterators.java:958)
at java.util.stream.ReferencePipeline.forEachWithCancel(ReferencePipeline.java:126)
at java.util.stream.AbstractPipeline.copyIntoWithCancel(AbstractPipeline.java:499)
at java.util.stream.AbstractPipeline.copyInto(AbstractPipeline.java:486)
at java.util.stream.AbstractPipeline.wrapAndCopyInto(AbstractPipeline.java:472)
at java.util.stream.FindOps$FindOp.evaluateSequential(FindOps.java:152)
at java.util.stream.AbstractPipeline.evaluate(AbstractPipeline.java:234)
at java.util.stream.ReferencePipeline.findFirst(ReferencePipeline.java:464)
at org.openqa.selenium.remote.ProtocolHandshake.createSession(ProtocolHandshake.java:128)
at org.openqa.selenium.remote.ProtocolHandshake.createSession(ProtocolHandshake.java:74)
at org.openqa.selenium.remote.HttpCommandExecutor.execute(HttpCommandExecutor.java:136)
at org.openqa.selenium.remote.service.DriverCommandExecutor.execute(DriverCommandExecutor.java:83)
at org.openqa.selenium.remote.RemoteWebDriver.execute(RemoteWebDriver.java:552)
at org.openqa.selenium.remote.RemoteWebDriver.startSession(RemoteWebDriver.java:213)
at org.openqa.selenium.remote.RemoteWebDriver.<init>(RemoteWebDriver.java:131)
at org.openqa.selenium.chrome.ChromeDriver.<init>(ChromeDriver.java:181)
at org.openqa.selenium.chrome.ChromeDriver.<init>(ChromeDriver.java:168)
at org.openqa.selenium.chrome.ChromeDriver.<init>(ChromeDriver.java:123)
at com.romanceabroad.ui.BaseUI.setup(BaseUI.java:100)
at java.util.ArrayList.forEach(ArrayList.java:1259)
... Removed 39 stack frames]]>
    </failure>
  </testcase> <!-- @BeforeMethod setup -->
  <testcase name="@AfterMethod afterActions" time="-1.626802959851E9" classname="com.romanceabroad.ui.BaseUI">
    <skipped/>
  </testcase> <!-- @AfterMethod afterActions -->
  <testcase name="@BeforeMethod setup" time="602.047" classname="com.romanceabroad.ui.BaseUI">
    <failure type="org.openqa.selenium.SessionNotCreatedException" message="session not created
from timeout: Timed out receiving message from renderer: 600.000
  (Session info: chrome=91.0.4472.124)
Build info: version: &amp;apos;3.141.59&amp;apos;, revision: &amp;apos;e82be7d358&amp;apos;, time: &amp;apos;2018-11-14T08:17:03&amp;apos;
System info: host: &amp;apos;LAPTOP-6T1ITKLO&amp;apos;, ip: &amp;apos;192.168.1.6&amp;apos;, os.name: &amp;apos;Windows 10&amp;apos;, os.arch: &amp;apos;amd64&amp;apos;, os.version: &amp;apos;10.0&amp;apos;, java.version: &amp;apos;1.8.0_291&amp;apos;
Driver info: driver.version: ChromeDriver
remote stacktrace: Backtrace:
	Ordinal0 [0x00C03733+2504499]
	Ordinal0 [0x00B9C401+2081793]
	Ordinal0 [0x00AA2628+1058344]
	Ordinal0 [0x00A94EBF+1003199]
	Ordinal0 [0x00A93EF9+999161]
	Ordinal0 [0x00A941B6+999862]
	Ordinal0 [0x00A93AA5+998053]
	Ordinal0 [0x00A9E6B4+1042100]
	Ordinal0 [0x00A93A61+997985]
	Ordinal0 [0x00A94986+1001862]
	Ordinal0 [0x00A93EF9+999161]
	Ordinal0 [0x00A941B6+999862]
	Ordinal0 [0x00A93AA5+998053]
	Ordinal0 [0x00A9C73A+1034042]
	Ordinal0 [0x00A93A61+997985]
	Ordinal0 [0x00A94986+1001862]
	Ordinal0 [0x00A93EF9+999161]
	Ordinal0 [0x00A941B6+999862]
	Ordinal0 [0x00A93AA5+998053]
	Ordinal0 [0x00A9A5E9+1025513]
	Ordinal0 [0x00A93A61+997985]
	Ordinal0 [0x00A94986+1001862]
	Ordinal0 [0x00A93EF9+999161]
	Ordinal0 [0x00A941B6+999862]
	Ordinal0 [0x00A93AA5+998053]
	Ordinal0 [0x00A9990C+1022220]
	Ordinal0 [0x00A93A61+997985]
	Ordinal0 [0x00A94986+1001862]
	Ordinal0 [0x00A93EF9+999161]
	Ordinal0 [0x00A941B6+999862]
	Ordinal0 [0x00A93AA5+998053]
	Ordinal0 [0x00A8F5DD+980445]
	Ordinal0 [0x00A93A61+997985]
	Ordinal0 [0x00A93800+997376]
	Ordinal0 [0x00A93599+996761]
	Ordinal0 [0x00AA3830+1062960]
	Ordinal0 [0x00AEABB9+1354681]
	Ordinal0 [0x00AE97DA+1349594]
	Ordinal0 [0x00AE5D4B+1334603]
	Ordinal0 [0x00AC22B4+1188532]
	Ordinal0 [0x00AC3149+1192265]
	GetHandleVerifier [0x00D7FB8C+1512252]
	GetHandleVerifier [0x00E2B0DF+2214031]
	GetHandleVerifier [0x00C84BC3+484211]
	GetHandleVerifier [0x00C83E69+480793]
	Ordinal0 [0x00BA218D+2105741]
	Ordinal0 [0x00BA66E8+2123496]
	Ordinal0 [0x00BA6827+2123815]
	Ordinal0 [0x00BAFB73+2161523]
	BaseThreadInitThunk [0x750DFA29+25]
	RtlGetAppContainerNamedObjectPath [0x77277A7E+286]
	RtlGetAppContainerNamedObjectPath [0x77277A4E+238]
">
      <![CDATA[org.openqa.selenium.SessionNotCreatedException: session not created
from timeout: Timed out receiving message from renderer: 600.000
  (Session info: chrome=91.0.4472.124)
Build info: version: '3.141.59', revision: 'e82be7d358', time: '2018-11-14T08:17:03'
System info: host: 'LAPTOP-6T1ITKLO', ip: '192.168.1.6', os.name: 'Windows 10', os.arch: 'amd64', os.version: '10.0', java.version: '1.8.0_291'
Driver info: driver.version: ChromeDriver
remote stacktrace: Backtrace:
Ordinal0 [0x00C03733+2504499]
Ordinal0 [0x00B9C401+2081793]
Ordinal0 [0x00AA2628+1058344]
Ordinal0 [0x00A94EBF+1003199]
Ordinal0 [0x00A93EF9+999161]
Ordinal0 [0x00A941B6+999862]
Ordinal0 [0x00A93AA5+998053]
Ordinal0 [0x00A9E6B4+1042100]
Ordinal0 [0x00A93A61+997985]
Ordinal0 [0x00A94986+1001862]
Ordinal0 [0x00A93EF9+999161]
Ordinal0 [0x00A941B6+999862]
Ordinal0 [0x00A93AA5+998053]
Ordinal0 [0x00A9C73A+1034042]
Ordinal0 [0x00A93A61+997985]
Ordinal0 [0x00A94986+1001862]
Ordinal0 [0x00A93EF9+999161]
Ordinal0 [0x00A941B6+999862]
Ordinal0 [0x00A93AA5+998053]
Ordinal0 [0x00A9A5E9+1025513]
Ordinal0 [0x00A93A61+997985]
Ordinal0 [0x00A94986+1001862]
Ordinal0 [0x00A93EF9+999161]
Ordinal0 [0x00A941B6+999862]
Ordinal0 [0x00A93AA5+998053]
Ordinal0 [0x00A9990C+1022220]
Ordinal0 [0x00A93A61+997985]
Ordinal0 [0x00A94986+1001862]
Ordinal0 [0x00A93EF9+999161]
Ordinal0 [0x00A941B6+999862]
Ordinal0 [0x00A93AA5+998053]
Ordinal0 [0x00A8F5DD+980445]
Ordinal0 [0x00A93A61+997985]
Ordinal0 [0x00A93800+997376]
Ordinal0 [0x00A93599+996761]
Ordinal0 [0x00AA3830+1062960]
Ordinal0 [0x00AEABB9+1354681]
Ordinal0 [0x00AE97DA+1349594]
Ordinal0 [0x00AE5D4B+1334603]
Ordinal0 [0x00AC22B4+1188532]
Ordinal0 [0x00AC3149+1192265]
GetHandleVerifier [0x00D7FB8C+1512252]
GetHandleVerifier [0x00E2B0DF+2214031]
GetHandleVerifier [0x00C84BC3+484211]
GetHandleVerifier [0x00C83E69+480793]
Ordinal0 [0x00BA218D+2105741]
Ordinal0 [0x00BA66E8+2123496]
Ordinal0 [0x00BA6827+2123815]
Ordinal0 [0x00BAFB73+2161523]
BaseThreadInitThunk [0x750DFA29+25]
RtlGetAppContainerNamedObjectPath [0x77277A7E+286]
RtlGetAppContainerNamedObjectPath [0x77277A4E+238]

at org.openqa.selenium.remote.W3CHandshakeResponse.lambda$errorHandler$0(W3CHandshakeResponse.java:62)
at org.openqa.selenium.remote.HandshakeResponse.lambda$getResponseFunction$0(HandshakeResponse.java:30)
at org.openqa.selenium.remote.ProtocolHandshake.lambda$createSession$0(ProtocolHandshake.java:126)
at java.util.stream.ReferencePipeline$3$1.accept(ReferencePipeline.java:193)
at java.util.Spliterators$ArraySpliterator.tryAdvance(Spliterators.java:958)
at java.util.stream.ReferencePipeline.forEachWithCancel(ReferencePipeline.java:126)
at java.util.stream.AbstractPipeline.copyIntoWithCancel(AbstractPipeline.java:499)
at java.util.stream.AbstractPipeline.copyInto(AbstractPipeline.java:486)
at java.util.stream.AbstractPipeline.wrapAndCopyInto(AbstractPipeline.java:472)
at java.util.stream.FindOps$FindOp.evaluateSequential(FindOps.java:152)
at java.util.stream.AbstractPipeline.evaluate(AbstractPipeline.java:234)
at java.util.stream.ReferencePipeline.findFirst(ReferencePipeline.java:464)
at org.openqa.selenium.remote.ProtocolHandshake.createSession(ProtocolHandshake.java:128)
at org.openqa.selenium.remote.ProtocolHandshake.createSession(ProtocolHandshake.java:74)
at org.openqa.selenium.remote.HttpCommandExecutor.execute(HttpCommandExecutor.java:136)
at org.openqa.selenium.remote.service.DriverCommandExecutor.execute(DriverCommandExecutor.java:83)
at org.openqa.selenium.remote.RemoteWebDriver.execute(RemoteWebDriver.java:552)
at org.openqa.selenium.remote.RemoteWebDriver.startSession(RemoteWebDriver.java:213)
at org.openqa.selenium.remote.RemoteWebDriver.<init>(RemoteWebDriver.java:131)
at org.openqa.selenium.chrome.ChromeDriver.<init>(ChromeDriver.java:181)
at org.openqa.selenium.chrome.ChromeDriver.<init>(ChromeDriver.java:168)
at org.openqa.selenium.chrome.ChromeDriver.<init>(ChromeDriver.java:123)
at com.romanceabroad.ui.BaseUI.setup(BaseUI.java:100)
at java.util.ArrayList.forEach(ArrayList.java:1259)
... Removed 39 stack frames]]>
    </failure>
  </testcase> <!-- @BeforeMethod setup -->
  <testcase name="@AfterMethod afterActions" time="-1.626803561904E9" classname="com.romanceabroad.ui.BaseUI">
    <skipped/>
  </testcase> <!-- @AfterMethod afterActions -->
  <testcase name="@AfterMethod afterActions" time="-1.626803571853E9" classname="com.romanceabroad.ui.BaseUI">
    <skipped/>
  </testcase> <!-- @AfterMethod afterActions -->
  <testcase name="@AfterMethod afterActions" time="-1.626803581456E9" classname="com.romanceabroad.ui.BaseUI">
    <skipped/>
  </testcase> <!-- @AfterMethod afterActions -->
  <testcase name="selectRandomDropDownListMaxAgeTestCase12" time="0.0" classname="com.romanceabroad.ui.RegistrationTests2">
    <skipped/>
  </testcase> <!-- selectRandomDropDownListMaxAgeTestCase12 -->
  <testcase name="testRegistrationTestCase1" time="0.0" classname="com.romanceabroad.ui.RegistrationTests2">
    <skipped/>
  </testcase> <!-- testRegistrationTestCase1 -->
  <testcase name="testBlogAssertEqualTestCase1" time="4.389" classname="com.romanceabroad.ui.BlogTests"/>
  <testcase name="testBlogGetTextIfElseFailedTestCase5" time="3.292" classname="com.romanceabroad.ui.BlogTests"/>
  <testcase name="testBlogIfElseForAllLinksTestCase6" time="0.0" classname="com.romanceabroad.ui.BlogTests">
    <skipped/>
  </testcase> <!-- testBlogIfElseForAllLinksTestCase6 -->
  <testcase name="testBlogIsContainsTextIfElseTestCase3" time="0.0" classname="com.romanceabroad.ui.BlogTests">
    <skipped/>
  </testcase> <!-- testBlogIsContainsTextIfElseTestCase3 -->
  <testcase name="testBlogLoopForAllMenuUlListTestCase2" time="0.0" classname="com.romanceabroad.ui.BlogTests">
    <skipped/>
  </testcase> <!-- testBlogLoopForAllMenuUlListTestCase2 -->
  <testcase name="testBlogTabIsDisplayedIfElseTestCase4" time="0.0" classname="com.romanceabroad.ui.BlogTests">
    <skipped/>
  </testcase> <!-- testBlogTabIsDisplayedIfElseTestCase4 -->
</testsuite> <!-- Chrome test cases -->
