<?xml version="1.0" encoding="UTF-8"?>
<!-- Generated by org.testng.reporters.JUnitReportReporter -->
<testsuite skipped="3" hostname="LAPTOP-6T1ITKLO" name="com.romanceabroad.ui.BlogTests" tests="7" failures="0" timestamp="2021-07-21T20:49:08 EDT" time="701.238" errors="1">
  <testcase name="testBlogTabIsDisplayedIfElseTestCase4" time="18.660" classname="com.romanceabroad.ui.BlogTests">
    <skipped/>
  </testcase> <!-- testBlogTabIsDisplayedIfElseTestCase4 -->
  <system-out/>
  <testcase name="testBlogGetTextIfElseFailedTestCase5" time="23.848" classname="com.romanceabroad.ui.BlogTests"/>
  <system-out/>
  <testcase name="testBlogIsContainsTextIfElseTestCase3" time="14.524" classname="com.romanceabroad.ui.BlogTests">
    <skipped/>
  </testcase> <!-- testBlogIsContainsTextIfElseTestCase3 -->
  <system-out/>
  <testcase name="setup" time="619.443" classname="com.romanceabroad.ui.BlogTests">
    <error type="org.openqa.selenium.SessionNotCreatedException" message="session not created
from timeout: Timed out receiving message from renderer: 600.000
  (Session info: chrome=92.0.4515.107)
Build info: version: &#039;3.141.59&#039;, revision: &#039;e82be7d358&#039;, time: &#039;2018-11-14T08:17:03&#039;
System info: host: &#039;LAPTOP-6T1ITKLO&#039;, ip: &#039;192.168.1.6&#039;, os.name: &#039;Windows 10&#039;, os.arch: &#039;amd64&#039;, os.version: &#039;10.0&#039;, java.version: &#039;1.8.0_291&#039;
Driver info: driver.version: ChromeDriver
remote stacktrace: Backtrace:
	Ordinal0 [0x00845843+2512963]
	Ordinal0 [0x007DEED1+2092753]
	Ordinal0 [0x006E1F48+1056584]
	Ordinal0 [0x006D493D+1001789]
	Ordinal0 [0x006D398D+997773]
	Ordinal0 [0x006D3C46+998470]
	Ordinal0 [0x006D3535+996661]
	Ordinal0 [0x006DE084+1040516]
	Ordinal0 [0x006D34F1+996593]
	Ordinal0 [0x006D4416+1000470]
	Ordinal0 [0x006D398D+997773]
	Ordinal0 [0x006D3C46+998470]
	Ordinal0 [0x006D3535+996661]
	Ordinal0 [0x006DC0FA+1032442]
	Ordinal0 [0x006D34F1+996593]
	Ordinal0 [0x006D4416+1000470]
	Ordinal0 [0x006D398D+997773]
	Ordinal0 [0x006D3C46+998470]
	Ordinal0 [0x006D3535+996661]
	Ordinal0 [0x006D9FA9+1023913]
	Ordinal0 [0x006D34F1+996593]
	Ordinal0 [0x006D4416+1000470]
	Ordinal0 [0x006D398D+997773]
	Ordinal0 [0x006D3C46+998470]
	Ordinal0 [0x006D3535+996661]
	Ordinal0 [0x006D92CC+1020620]
	Ordinal0 [0x006D34F1+996593]
	Ordinal0 [0x006D4416+1000470]
	Ordinal0 [0x006D398D+997773]
	Ordinal0 [0x006D3C46+998470]
	Ordinal0 [0x006D3535+996661]
	Ordinal0 [0x006CF10D+979213]
	Ordinal0 [0x006D34F1+996593]
	Ordinal0 [0x006D3290+995984]
	Ordinal0 [0x006D3029+995369]
	Ordinal0 [0x006E3160+1061216]
	Ordinal0 [0x0072A8EB+1353963]
	Ordinal0 [0x007295BA+1349050]
	Ordinal0 [0x007254BB+1332411]
	Ordinal0 [0x00701D14+1187092]
	Ordinal0 [0x00702B79+1190777]
	GetHandleVerifier [0x009C0C56+1501718]
	GetHandleVerifier [0x00A6E97F+2213695]
	GetHandleVerifier [0x008C8C92+485970]
	GetHandleVerifier [0x008C7D59+482073]
	Ordinal0 [0x007E471D+2115357]
	Ordinal0 [0x007E8678+2131576]
	Ordinal0 [0x007E87B2+2131890]
	Ordinal0 [0x007F1971+2169201]
	BaseThreadInitThunk [0x765FFA29+25]
	RtlGetAppContainerNamedObjectPath [0x77477A7E+286]
	RtlGetAppContainerNamedObjectPath [0x77477A4E+238]
">
      <![CDATA[org.openqa.selenium.SessionNotCreatedException: session not created
from timeout: Timed out receiving message from renderer: 600.000
  (Session info: chrome=92.0.4515.107)
Build info: version: '3.141.59', revision: 'e82be7d358', time: '2018-11-14T08:17:03'
System info: host: 'LAPTOP-6T1ITKLO', ip: '192.168.1.6', os.name: 'Windows 10', os.arch: 'amd64', os.version: '10.0', java.version: '1.8.0_291'
Driver info: driver.version: ChromeDriver
remote stacktrace: Backtrace:
Ordinal0 [0x00845843+2512963]
Ordinal0 [0x007DEED1+2092753]
Ordinal0 [0x006E1F48+1056584]
Ordinal0 [0x006D493D+1001789]
Ordinal0 [0x006D398D+997773]
Ordinal0 [0x006D3C46+998470]
Ordinal0 [0x006D3535+996661]
Ordinal0 [0x006DE084+1040516]
Ordinal0 [0x006D34F1+996593]
Ordinal0 [0x006D4416+1000470]
Ordinal0 [0x006D398D+997773]
Ordinal0 [0x006D3C46+998470]
Ordinal0 [0x006D3535+996661]
Ordinal0 [0x006DC0FA+1032442]
Ordinal0 [0x006D34F1+996593]
Ordinal0 [0x006D4416+1000470]
Ordinal0 [0x006D398D+997773]
Ordinal0 [0x006D3C46+998470]
Ordinal0 [0x006D3535+996661]
Ordinal0 [0x006D9FA9+1023913]
Ordinal0 [0x006D34F1+996593]
Ordinal0 [0x006D4416+1000470]
Ordinal0 [0x006D398D+997773]
Ordinal0 [0x006D3C46+998470]
Ordinal0 [0x006D3535+996661]
Ordinal0 [0x006D92CC+1020620]
Ordinal0 [0x006D34F1+996593]
Ordinal0 [0x006D4416+1000470]
Ordinal0 [0x006D398D+997773]
Ordinal0 [0x006D3C46+998470]
Ordinal0 [0x006D3535+996661]
Ordinal0 [0x006CF10D+979213]
Ordinal0 [0x006D34F1+996593]
Ordinal0 [0x006D3290+995984]
Ordinal0 [0x006D3029+995369]
Ordinal0 [0x006E3160+1061216]
Ordinal0 [0x0072A8EB+1353963]
Ordinal0 [0x007295BA+1349050]
Ordinal0 [0x007254BB+1332411]
Ordinal0 [0x00701D14+1187092]
Ordinal0 [0x00702B79+1190777]
GetHandleVerifier [0x009C0C56+1501718]
GetHandleVerifier [0x00A6E97F+2213695]
GetHandleVerifier [0x008C8C92+485970]
GetHandleVerifier [0x008C7D59+482073]
Ordinal0 [0x007E471D+2115357]
Ordinal0 [0x007E8678+2131576]
Ordinal0 [0x007E87B2+2131890]
Ordinal0 [0x007F1971+2169201]
BaseThreadInitThunk [0x765FFA29+25]
RtlGetAppContainerNamedObjectPath [0x77477A7E+286]
RtlGetAppContainerNamedObjectPath [0x77477A4E+238]

at sun.reflect.NativeConstructorAccessorImpl.newInstance0(Native Method)
at sun.reflect.NativeConstructorAccessorImpl.newInstance(NativeConstructorAccessorImpl.java:62)
at sun.reflect.DelegatingConstructorAccessorImpl.newInstance(DelegatingConstructorAccessorImpl.java:45)
at java.lang.reflect.Constructor.newInstance(Constructor.java:423)
at org.openqa.selenium.remote.W3CHandshakeResponse.lambda$errorHandler$0(W3CHandshakeResponse.java:62)
at org.openqa.selenium.remote.HandshakeResponse.lambda$getResponseFunction$0(HandshakeResponse.java:30)
at org.openqa.selenium.remote.ProtocolHandshake.lambda$createSession$0(ProtocolHandshake.java:126)
at java.util.stream.ReferencePipeline$3$1.accept(ReferencePipeline.java:193)
at java.util.Spliterators$ArraySpliterator.tryAdvance(Spliterators.java:958)
at java.util.stream.ReferencePipeline.forEachWithCancel(ReferencePipeline.java:126)
at java.util.stream.AbstractPipeline.copyIntoWithCancel(AbstractPipeline.java:499)
at java.util.stream.AbstractPipeline.copyInto(AbstractPipeline.java:486)
at java.util.stream.AbstractPipeline.wrapAndCopyInto(AbstractPipeline.java:472)
at java.util.stream.FindOps$FindOp.evaluateSequential(FindOps.java:152)
at java.util.stream.AbstractPipeline.evaluate(AbstractPipeline.java:234)
at java.util.stream.ReferencePipeline.findFirst(ReferencePipeline.java:464)
at org.openqa.selenium.remote.ProtocolHandshake.createSession(ProtocolHandshake.java:128)
at org.openqa.selenium.remote.ProtocolHandshake.createSession(ProtocolHandshake.java:74)
at org.openqa.selenium.remote.HttpCommandExecutor.execute(HttpCommandExecutor.java:136)
at org.openqa.selenium.remote.service.DriverCommandExecutor.execute(DriverCommandExecutor.java:83)
at org.openqa.selenium.remote.RemoteWebDriver.execute(RemoteWebDriver.java:552)
at org.openqa.selenium.remote.RemoteWebDriver.startSession(RemoteWebDriver.java:213)
at org.openqa.selenium.remote.RemoteWebDriver.<init>(RemoteWebDriver.java:131)
at org.openqa.selenium.chrome.ChromeDriver.<init>(ChromeDriver.java:181)
at org.openqa.selenium.chrome.ChromeDriver.<init>(ChromeDriver.java:168)
at org.openqa.selenium.chrome.ChromeDriver.<init>(ChromeDriver.java:123)
at com.romanceabroad.ui.BaseUI.setup(BaseUI.java:99)
at sun.reflect.NativeMethodAccessorImpl.invoke0(Native Method)
at sun.reflect.NativeMethodAccessorImpl.invoke(NativeMethodAccessorImpl.java:62)
at sun.reflect.DelegatingMethodAccessorImpl.invoke(DelegatingMethodAccessorImpl.java:43)
at java.lang.reflect.Method.invoke(Method.java:498)
at org.testng.internal.MethodInvocationHelper.invokeMethod(MethodInvocationHelper.java:133)
at org.testng.internal.MethodInvocationHelper.invokeMethodConsideringTimeout(MethodInvocationHelper.java:62)
at org.testng.internal.ConfigInvoker.invokeConfigurationMethod(ConfigInvoker.java:385)
at org.testng.internal.ConfigInvoker.invokeConfigurations(ConfigInvoker.java:321)
at org.testng.internal.TestInvoker.runConfigMethods(TestInvoker.java:700)
at org.testng.internal.TestInvoker.invokeMethod(TestInvoker.java:527)
at org.testng.internal.TestInvoker.invokeTestMethod(TestInvoker.java:173)
at org.testng.internal.MethodRunner.runInSequence(MethodRunner.java:46)
at org.testng.internal.TestInvoker$MethodInvocationAgent.invoke(TestInvoker.java:824)
at org.testng.internal.TestInvoker.invokeTestMethods(TestInvoker.java:146)
at org.testng.internal.TestMethodWorker.invokeTestMethods(TestMethodWorker.java:146)
at org.testng.internal.TestMethodWorker.run(TestMethodWorker.java:128)
at java.util.ArrayList.forEach(ArrayList.java:1259)
at org.testng.TestRunner.privateRun(TestRunner.java:794)
at org.testng.TestRunner.run(TestRunner.java:596)
at org.testng.SuiteRunner.runTest(SuiteRunner.java:377)
at org.testng.SuiteRunner.runSequentially(SuiteRunner.java:371)
at org.testng.SuiteRunner.privateRun(SuiteRunner.java:332)
at org.testng.SuiteRunner.run(SuiteRunner.java:276)
at org.testng.SuiteRunnerWorker.runSuite(SuiteRunnerWorker.java:53)
at org.testng.SuiteRunnerWorker.run(SuiteRunnerWorker.java:96)
at org.testng.TestNG.runSuitesSequentially(TestNG.java:1212)
at org.testng.TestNG.runSuitesLocally(TestNG.java:1134)
at org.testng.TestNG.runSuites(TestNG.java:1063)
at org.testng.TestNG.run(TestNG.java:1031)
at org.apache.maven.surefire.testng.TestNGExecutor.run(TestNGExecutor.java:283)
at org.apache.maven.surefire.testng.TestNGXmlTestSuite.execute(TestNGXmlTestSuite.java:75)
at org.apache.maven.surefire.testng.TestNGProvider.invoke(TestNGProvider.java:120)
at org.apache.maven.surefire.booter.ForkedBooter.invokeProviderInSameClassLoader(ForkedBooter.java:384)
at org.apache.maven.surefire.booter.ForkedBooter.runSuitesInProcess(ForkedBooter.java:345)
at org.apache.maven.surefire.booter.ForkedBooter.execute(ForkedBooter.java:126)
at org.apache.maven.surefire.booter.ForkedBooter.main(ForkedBooter.java:418)
]]>
    </error>
  </testcase> <!-- setup -->
  <system-out/>
  <testcase name="testBlogAssertEqualTestCase1" time="17.562" classname="com.romanceabroad.ui.BlogTests"/>
  <system-out/>
  <testcase name="testBlogIfElseForAllLinksTestCase6" time="7.201" classname="com.romanceabroad.ui.BlogTests"/>
  <system-out/>
  <testcase name="testBlogLoopForAllMenuUlListTestCase2" time="0.000" classname="com.romanceabroad.ui.BlogTests">
    <skipped/>
  </testcase> <!-- testBlogLoopForAllMenuUlListTestCase2 -->
  <system-out/>
</testsuite> <!-- com.romanceabroad.ui.BlogTests -->
