<?xml version="1.0" encoding="UTF-8"?>
<!-- Generated by org.testng.reporters.JUnitXMLReporter -->
<testsuite hostname="LAPTOP-6T1ITKLO" ignored="0" name="Chrome test cases" tests="2" failures="0" timestamp="2021-07-21T21:13:37 EDT" time="625.848" errors="0">
  <testcase name="@BeforeMethod setup" time="613.953" classname="com.romanceabroad.ui.BaseUI">
    <failure type="org.openqa.selenium.SessionNotCreatedException" message="session not created
from timeout: Timed out receiving message from renderer: 600.000
  (Session info: chrome=92.0.4515.107)
Build info: version: &amp;apos;3.141.59&amp;apos;, revision: &amp;apos;e82be7d358&amp;apos;, time: &amp;apos;2018-11-14T08:17:03&amp;apos;
System info: host: &amp;apos;LAPTOP-6T1ITKLO&amp;apos;, ip: &amp;apos;192.168.1.6&amp;apos;, os.name: &amp;apos;Windows 10&amp;apos;, os.arch: &amp;apos;amd64&amp;apos;, os.version: &amp;apos;10.0&amp;apos;, java.version: &amp;apos;1.8.0_291&amp;apos;
Driver info: driver.version: ChromeDriver
remote stacktrace: Backtrace:
	Ordinal0 [0x00845843+2512963]
	Ordinal0 [0x007DEED1+2092753]
	Ordinal0 [0x006E1F48+1056584]
	Ordinal0 [0x006D493D+1001789]
	Ordinal0 [0x006D398D+997773]
	Ordinal0 [0x006D3C46+998470]
	Ordinal0 [0x006D3535+996661]
	Ordinal0 [0x006DE084+1040516]
	Ordinal0 [0x006D34F1+996593]
	Ordinal0 [0x006D4416+1000470]
	Ordinal0 [0x006D398D+997773]
	Ordinal0 [0x006D3C46+998470]
	Ordinal0 [0x006D3535+996661]
	Ordinal0 [0x006DC0FA+1032442]
	Ordinal0 [0x006D34F1+996593]
	Ordinal0 [0x006D4416+1000470]
	Ordinal0 [0x006D398D+997773]
	Ordinal0 [0x006D3C46+998470]
	Ordinal0 [0x006D3535+996661]
	Ordinal0 [0x006D9FA9+1023913]
	Ordinal0 [0x006D34F1+996593]
	Ordinal0 [0x006D4416+1000470]
	Ordinal0 [0x006D398D+997773]
	Ordinal0 [0x006D3C46+998470]
	Ordinal0 [0x006D3535+996661]
	Ordinal0 [0x006D92CC+1020620]
	Ordinal0 [0x006D34F1+996593]
	Ordinal0 [0x006D4416+1000470]
	Ordinal0 [0x006D398D+997773]
	Ordinal0 [0x006D3C46+998470]
	Ordinal0 [0x006D3535+996661]
	Ordinal0 [0x006CF10D+979213]
	Ordinal0 [0x006D34F1+996593]
	Ordinal0 [0x006D3290+995984]
	Ordinal0 [0x006D3029+995369]
	Ordinal0 [0x006E3160+1061216]
	Ordinal0 [0x0072A8EB+1353963]
	Ordinal0 [0x007295BA+1349050]
	Ordinal0 [0x007254BB+1332411]
	Ordinal0 [0x00701D14+1187092]
	Ordinal0 [0x00702B79+1190777]
	GetHandleVerifier [0x009C0C56+1501718]
	GetHandleVerifier [0x00A6E97F+2213695]
	GetHandleVerifier [0x008C8C92+485970]
	GetHandleVerifier [0x008C7D59+482073]
	Ordinal0 [0x007E471D+2115357]
	Ordinal0 [0x007E8678+2131576]
	Ordinal0 [0x007E87B2+2131890]
	Ordinal0 [0x007F1971+2169201]
	BaseThreadInitThunk [0x765FFA29+25]
	RtlGetAppContainerNamedObjectPath [0x77477A7E+286]
	RtlGetAppContainerNamedObjectPath [0x77477A4E+238]
">
      <![CDATA[org.openqa.selenium.SessionNotCreatedException: session not created
from timeout: Timed out receiving message from renderer: 600.000
  (Session info: chrome=92.0.4515.107)
Build info: version: '3.141.59', revision: 'e82be7d358', time: '2018-11-14T08:17:03'
System info: host: 'LAPTOP-6T1ITKLO', ip: '192.168.1.6', os.name: 'Windows 10', os.arch: 'amd64', os.version: '10.0', java.version: '1.8.0_291'
Driver info: driver.version: ChromeDriver
remote stacktrace: Backtrace:
Ordinal0 [0x00845843+2512963]
Ordinal0 [0x007DEED1+2092753]
Ordinal0 [0x006E1F48+1056584]
Ordinal0 [0x006D493D+1001789]
Ordinal0 [0x006D398D+997773]
Ordinal0 [0x006D3C46+998470]
Ordinal0 [0x006D3535+996661]
Ordinal0 [0x006DE084+1040516]
Ordinal0 [0x006D34F1+996593]
Ordinal0 [0x006D4416+1000470]
Ordinal0 [0x006D398D+997773]
Ordinal0 [0x006D3C46+998470]
Ordinal0 [0x006D3535+996661]
Ordinal0 [0x006DC0FA+1032442]
Ordinal0 [0x006D34F1+996593]
Ordinal0 [0x006D4416+1000470]
Ordinal0 [0x006D398D+997773]
Ordinal0 [0x006D3C46+998470]
Ordinal0 [0x006D3535+996661]
Ordinal0 [0x006D9FA9+1023913]
Ordinal0 [0x006D34F1+996593]
Ordinal0 [0x006D4416+1000470]
Ordinal0 [0x006D398D+997773]
Ordinal0 [0x006D3C46+998470]
Ordinal0 [0x006D3535+996661]
Ordinal0 [0x006D92CC+1020620]
Ordinal0 [0x006D34F1+996593]
Ordinal0 [0x006D4416+1000470]
Ordinal0 [0x006D398D+997773]
Ordinal0 [0x006D3C46+998470]
Ordinal0 [0x006D3535+996661]
Ordinal0 [0x006CF10D+979213]
Ordinal0 [0x006D34F1+996593]
Ordinal0 [0x006D3290+995984]
Ordinal0 [0x006D3029+995369]
Ordinal0 [0x006E3160+1061216]
Ordinal0 [0x0072A8EB+1353963]
Ordinal0 [0x007295BA+1349050]
Ordinal0 [0x007254BB+1332411]
Ordinal0 [0x00701D14+1187092]
Ordinal0 [0x00702B79+1190777]
GetHandleVerifier [0x009C0C56+1501718]
GetHandleVerifier [0x00A6E97F+2213695]
GetHandleVerifier [0x008C8C92+485970]
GetHandleVerifier [0x008C7D59+482073]
Ordinal0 [0x007E471D+2115357]
Ordinal0 [0x007E8678+2131576]
Ordinal0 [0x007E87B2+2131890]
Ordinal0 [0x007F1971+2169201]
BaseThreadInitThunk [0x765FFA29+25]
RtlGetAppContainerNamedObjectPath [0x77477A7E+286]
RtlGetAppContainerNamedObjectPath [0x77477A4E+238]

at org.openqa.selenium.remote.W3CHandshakeResponse.lambda$errorHandler$0(W3CHandshakeResponse.java:62)
at org.openqa.selenium.remote.HandshakeResponse.lambda$getResponseFunction$0(HandshakeResponse.java:30)
at org.openqa.selenium.remote.ProtocolHandshake.lambda$createSession$0(ProtocolHandshake.java:126)
at java.util.stream.ReferencePipeline$3$1.accept(ReferencePipeline.java:193)
at java.util.Spliterators$ArraySpliterator.tryAdvance(Spliterators.java:958)
at java.util.stream.ReferencePipeline.forEachWithCancel(ReferencePipeline.java:126)
at java.util.stream.AbstractPipeline.copyIntoWithCancel(AbstractPipeline.java:499)
at java.util.stream.AbstractPipeline.copyInto(AbstractPipeline.java:486)
at java.util.stream.AbstractPipeline.wrapAndCopyInto(AbstractPipeline.java:472)
at java.util.stream.FindOps$FindOp.evaluateSequential(FindOps.java:152)
at java.util.stream.AbstractPipeline.evaluate(AbstractPipeline.java:234)
at java.util.stream.ReferencePipeline.findFirst(ReferencePipeline.java:464)
at org.openqa.selenium.remote.ProtocolHandshake.createSession(ProtocolHandshake.java:128)
at org.openqa.selenium.remote.ProtocolHandshake.createSession(ProtocolHandshake.java:74)
at org.openqa.selenium.remote.HttpCommandExecutor.execute(HttpCommandExecutor.java:136)
at org.openqa.selenium.remote.service.DriverCommandExecutor.execute(DriverCommandExecutor.java:83)
at org.openqa.selenium.remote.RemoteWebDriver.execute(RemoteWebDriver.java:552)
at org.openqa.selenium.remote.RemoteWebDriver.startSession(RemoteWebDriver.java:213)
at org.openqa.selenium.remote.RemoteWebDriver.<init>(RemoteWebDriver.java:131)
at org.openqa.selenium.chrome.ChromeDriver.<init>(ChromeDriver.java:181)
at org.openqa.selenium.chrome.ChromeDriver.<init>(ChromeDriver.java:168)
at org.openqa.selenium.chrome.ChromeDriver.<init>(ChromeDriver.java:123)
at com.romanceabroad.ui.BaseUI.setup(BaseUI.java:99)
at java.util.ArrayList.forEach(ArrayList.java:1259)
... Removed 39 stack frames]]>
    </failure>
  </testcase> <!-- @BeforeMethod setup -->
  <testcase name="@AfterMethod afterActions" time="-1.626916405477E9" classname="com.romanceabroad.ui.BaseUI">
    <skipped/>
  </testcase> <!-- @AfterMethod afterActions -->
  <testcase name="@AfterMethod afterActions" time="-1.626916417013E9" classname="com.romanceabroad.ui.BaseUI">
    <skipped/>
  </testcase> <!-- @AfterMethod afterActions -->
  <testcase name="selectRandomDropDownListMaxAgeTestCase12" time="0.0" classname="com.romanceabroad.ui.RegistrationTests2">
    <skipped/>
  </testcase> <!-- selectRandomDropDownListMaxAgeTestCase12 -->
  <testcase name="testRegistrationTestCase1" time="0.0" classname="com.romanceabroad.ui.RegistrationTests2">
    <skipped/>
  </testcase> <!-- testRegistrationTestCase1 -->
</testsuite> <!-- Chrome test cases -->
