<?xml version="1.0" encoding="UTF-8"?>
<!-- Generated by org.testng.reporters.JUnitReportReporter -->
<testsuite skipped="1" hostname="LAPTOP-6T1ITKLO" name="com.romanceabroad.ui.RegistrationTests2" tests="3" failures="0" timestamp="2021-07-21T13:38:44 EDT" time="631.340" errors="1">
  <testcase name="setup" time="619.737" classname="com.romanceabroad.ui.RegistrationTests2">
    <error type="org.openqa.selenium.SessionNotCreatedException" message="session not created
from timeout: Timed out receiving message from renderer: 600.000
  (Session info: chrome=91.0.4472.124)
Build info: version: &#039;3.141.59&#039;, revision: &#039;e82be7d358&#039;, time: &#039;2018-11-14T08:17:03&#039;
System info: host: &#039;LAPTOP-6T1ITKLO&#039;, ip: &#039;192.168.1.6&#039;, os.name: &#039;Windows 10&#039;, os.arch: &#039;amd64&#039;, os.version: &#039;10.0&#039;, java.version: &#039;1.8.0_291&#039;
Driver info: driver.version: ChromeDriver
remote stacktrace: Backtrace:
	Ordinal0 [0x00C03733+2504499]
	Ordinal0 [0x00B9C401+2081793]
	Ordinal0 [0x00AA2628+1058344]
	Ordinal0 [0x00A94EBF+1003199]
	Ordinal0 [0x00A93EF9+999161]
	Ordinal0 [0x00A941B6+999862]
	Ordinal0 [0x00A93AA5+998053]
	Ordinal0 [0x00A9A6DD+1025757]
	Ordinal0 [0x00A93A61+997985]
	Ordinal0 [0x00A94986+1001862]
	Ordinal0 [0x00A93EF9+999161]
	Ordinal0 [0x00A941B6+999862]
	Ordinal0 [0x00A93AA5+998053]
	Ordinal0 [0x00A9990C+1022220]
	Ordinal0 [0x00A93A61+997985]
	Ordinal0 [0x00A94986+1001862]
	Ordinal0 [0x00A93EF9+999161]
	Ordinal0 [0x00A941B6+999862]
	Ordinal0 [0x00A93AA5+998053]
	Ordinal0 [0x00A8F5DD+980445]
	Ordinal0 [0x00A93A61+997985]
	Ordinal0 [0x00A93800+997376]
	Ordinal0 [0x00A93599+996761]
	Ordinal0 [0x00AA3830+1062960]
	Ordinal0 [0x00AEABB9+1354681]
	Ordinal0 [0x00AE97DA+1349594]
	Ordinal0 [0x00AE5D4B+1334603]
	Ordinal0 [0x00AC22B4+1188532]
	Ordinal0 [0x00AC3149+1192265]
	GetHandleVerifier [0x00D7FB8C+1512252]
	GetHandleVerifier [0x00E2B0DF+2214031]
	GetHandleVerifier [0x00C84BC3+484211]
	GetHandleVerifier [0x00C83E69+480793]
	Ordinal0 [0x00BA218D+2105741]
	Ordinal0 [0x00BA66E8+2123496]
	Ordinal0 [0x00BA6827+2123815]
	Ordinal0 [0x00BAFB73+2161523]
	BaseThreadInitThunk [0x750DFA29+25]
	RtlGetAppContainerNamedObjectPath [0x77277A7E+286]
	RtlGetAppContainerNamedObjectPath [0x77277A4E+238]
">
      <![CDATA[org.openqa.selenium.SessionNotCreatedException: session not created
from timeout: Timed out receiving message from renderer: 600.000
  (Session info: chrome=91.0.4472.124)
Build info: version: '3.141.59', revision: 'e82be7d358', time: '2018-11-14T08:17:03'
System info: host: 'LAPTOP-6T1ITKLO', ip: '192.168.1.6', os.name: 'Windows 10', os.arch: 'amd64', os.version: '10.0', java.version: '1.8.0_291'
Driver info: driver.version: ChromeDriver
remote stacktrace: Backtrace:
Ordinal0 [0x00C03733+2504499]
Ordinal0 [0x00B9C401+2081793]
Ordinal0 [0x00AA2628+1058344]
Ordinal0 [0x00A94EBF+1003199]
Ordinal0 [0x00A93EF9+999161]
Ordinal0 [0x00A941B6+999862]
Ordinal0 [0x00A93AA5+998053]
Ordinal0 [0x00A9A6DD+1025757]
Ordinal0 [0x00A93A61+997985]
Ordinal0 [0x00A94986+1001862]
Ordinal0 [0x00A93EF9+999161]
Ordinal0 [0x00A941B6+999862]
Ordinal0 [0x00A93AA5+998053]
Ordinal0 [0x00A9990C+1022220]
Ordinal0 [0x00A93A61+997985]
Ordinal0 [0x00A94986+1001862]
Ordinal0 [0x00A93EF9+999161]
Ordinal0 [0x00A941B6+999862]
Ordinal0 [0x00A93AA5+998053]
Ordinal0 [0x00A8F5DD+980445]
Ordinal0 [0x00A93A61+997985]
Ordinal0 [0x00A93800+997376]
Ordinal0 [0x00A93599+996761]
Ordinal0 [0x00AA3830+1062960]
Ordinal0 [0x00AEABB9+1354681]
Ordinal0 [0x00AE97DA+1349594]
Ordinal0 [0x00AE5D4B+1334603]
Ordinal0 [0x00AC22B4+1188532]
Ordinal0 [0x00AC3149+1192265]
GetHandleVerifier [0x00D7FB8C+1512252]
GetHandleVerifier [0x00E2B0DF+2214031]
GetHandleVerifier [0x00C84BC3+484211]
GetHandleVerifier [0x00C83E69+480793]
Ordinal0 [0x00BA218D+2105741]
Ordinal0 [0x00BA66E8+2123496]
Ordinal0 [0x00BA6827+2123815]
Ordinal0 [0x00BAFB73+2161523]
BaseThreadInitThunk [0x750DFA29+25]
RtlGetAppContainerNamedObjectPath [0x77277A7E+286]
RtlGetAppContainerNamedObjectPath [0x77277A4E+238]

at sun.reflect.NativeConstructorAccessorImpl.newInstance0(Native Method)
at sun.reflect.NativeConstructorAccessorImpl.newInstance(NativeConstructorAccessorImpl.java:62)
at sun.reflect.DelegatingConstructorAccessorImpl.newInstance(DelegatingConstructorAccessorImpl.java:45)
at java.lang.reflect.Constructor.newInstance(Constructor.java:423)
at org.openqa.selenium.remote.W3CHandshakeResponse.lambda$errorHandler$0(W3CHandshakeResponse.java:62)
at org.openqa.selenium.remote.HandshakeResponse.lambda$getResponseFunction$0(HandshakeResponse.java:30)
at org.openqa.selenium.remote.ProtocolHandshake.lambda$createSession$0(ProtocolHandshake.java:126)
at java.util.stream.ReferencePipeline$3$1.accept(ReferencePipeline.java:193)
at java.util.Spliterators$ArraySpliterator.tryAdvance(Spliterators.java:958)
at java.util.stream.ReferencePipeline.forEachWithCancel(ReferencePipeline.java:126)
at java.util.stream.AbstractPipeline.copyIntoWithCancel(AbstractPipeline.java:499)
at java.util.stream.AbstractPipeline.copyInto(AbstractPipeline.java:486)
at java.util.stream.AbstractPipeline.wrapAndCopyInto(AbstractPipeline.java:472)
at java.util.stream.FindOps$FindOp.evaluateSequential(FindOps.java:152)
at java.util.stream.AbstractPipeline.evaluate(AbstractPipeline.java:234)
at java.util.stream.ReferencePipeline.findFirst(ReferencePipeline.java:464)
at org.openqa.selenium.remote.ProtocolHandshake.createSession(ProtocolHandshake.java:128)
at org.openqa.selenium.remote.ProtocolHandshake.createSession(ProtocolHandshake.java:74)
at org.openqa.selenium.remote.HttpCommandExecutor.execute(HttpCommandExecutor.java:136)
at org.openqa.selenium.remote.service.DriverCommandExecutor.execute(DriverCommandExecutor.java:83)
at org.openqa.selenium.remote.RemoteWebDriver.execute(RemoteWebDriver.java:552)
at org.openqa.selenium.remote.RemoteWebDriver.startSession(RemoteWebDriver.java:213)
at org.openqa.selenium.remote.RemoteWebDriver.<init>(RemoteWebDriver.java:131)
at org.openqa.selenium.chrome.ChromeDriver.<init>(ChromeDriver.java:181)
at org.openqa.selenium.chrome.ChromeDriver.<init>(ChromeDriver.java:168)
at org.openqa.selenium.chrome.ChromeDriver.<init>(ChromeDriver.java:123)
at com.romanceabroad.ui.BaseUI.setup(BaseUI.java:100)
at sun.reflect.NativeMethodAccessorImpl.invoke0(Native Method)
at sun.reflect.NativeMethodAccessorImpl.invoke(NativeMethodAccessorImpl.java:62)
at sun.reflect.DelegatingMethodAccessorImpl.invoke(DelegatingMethodAccessorImpl.java:43)
at java.lang.reflect.Method.invoke(Method.java:498)
at org.testng.internal.MethodInvocationHelper.invokeMethod(MethodInvocationHelper.java:133)
at org.testng.internal.MethodInvocationHelper.invokeMethodConsideringTimeout(MethodInvocationHelper.java:62)
at org.testng.internal.ConfigInvoker.invokeConfigurationMethod(ConfigInvoker.java:385)
at org.testng.internal.ConfigInvoker.invokeConfigurations(ConfigInvoker.java:321)
at org.testng.internal.TestInvoker.runConfigMethods(TestInvoker.java:700)
at org.testng.internal.TestInvoker.invokeMethod(TestInvoker.java:527)
at org.testng.internal.TestInvoker.invokeTestMethod(TestInvoker.java:173)
at org.testng.internal.MethodRunner.runInSequence(MethodRunner.java:46)
at org.testng.internal.TestInvoker$MethodInvocationAgent.invoke(TestInvoker.java:824)
at org.testng.internal.TestInvoker.invokeTestMethods(TestInvoker.java:146)
at org.testng.internal.TestMethodWorker.invokeTestMethods(TestMethodWorker.java:146)
at org.testng.internal.TestMethodWorker.run(TestMethodWorker.java:128)
at java.util.ArrayList.forEach(ArrayList.java:1259)
at org.testng.TestRunner.privateRun(TestRunner.java:794)
at org.testng.TestRunner.run(TestRunner.java:596)
at org.testng.SuiteRunner.runTest(SuiteRunner.java:377)
at org.testng.SuiteRunner.runSequentially(SuiteRunner.java:371)
at org.testng.SuiteRunner.privateRun(SuiteRunner.java:332)
at org.testng.SuiteRunner.run(SuiteRunner.java:276)
at org.testng.SuiteRunnerWorker.runSuite(SuiteRunnerWorker.java:53)
at org.testng.SuiteRunnerWorker.run(SuiteRunnerWorker.java:96)
at org.testng.TestNG.runSuitesSequentially(TestNG.java:1212)
at org.testng.TestNG.runSuitesLocally(TestNG.java:1134)
at org.testng.TestNG.runSuites(TestNG.java:1063)
at org.testng.TestNG.run(TestNG.java:1031)
at org.apache.maven.surefire.testng.TestNGExecutor.run(TestNGExecutor.java:283)
at org.apache.maven.surefire.testng.TestNGXmlTestSuite.execute(TestNGXmlTestSuite.java:75)
at org.apache.maven.surefire.testng.TestNGProvider.invoke(TestNGProvider.java:120)
at org.apache.maven.surefire.booter.ForkedBooter.invokeProviderInSameClassLoader(ForkedBooter.java:384)
at org.apache.maven.surefire.booter.ForkedBooter.runSuitesInProcess(ForkedBooter.java:345)
at org.apache.maven.surefire.booter.ForkedBooter.execute(ForkedBooter.java:126)
at org.apache.maven.surefire.booter.ForkedBooter.main(ForkedBooter.java:418)
]]>
    </error>
  </testcase> <!-- setup -->
  <system-out/>
  <testcase name="selectRandomDropDownListMaxAgeTestCase12" time="11.603" classname="com.romanceabroad.ui.RegistrationTests2"/>
  <system-out/>
  <testcase name="testRegistrationTestCase1" time="0.000" classname="com.romanceabroad.ui.RegistrationTests2">
    <skipped/>
  </testcase> <!-- testRegistrationTestCase1 -->
  <system-out/>
</testsuite> <!-- com.romanceabroad.ui.RegistrationTests2 -->
